[2020-02-21T00:09:03,144][INFO ][o.e.n.Node               ] [_client_] stopping ...
[2020-02-21T00:09:03,269][INFO ][o.e.n.Node               ] [_client_] stopped
[2020-02-21T00:09:03,273][INFO ][o.e.n.Node               ] [_client_] closing ...
[2020-02-21T00:09:03,310][INFO ][o.e.n.Node               ] [_client_] closed
[2020-02-21T00:09:24,749][INFO ][o.e.n.Node               ] [_client_] initializing ...
[2020-02-21T00:09:25,635][INFO ][o.e.e.NodeEnvironment    ] [_client_] using [1] data paths, mounts [[(C:)]], net usable_space [236.2gb], net total_space [334gb], spins? [unknown], types [NTFS]
[2020-02-21T00:09:25,635][INFO ][o.e.e.NodeEnvironment    ] [_client_] heap size [1.9gb], compressed ordinary object pointers [true]
[2020-02-21T00:09:25,647][INFO ][o.e.n.Node               ] [_client_] node name [_client_], node ID [bKRCgdAHRO669xAyu7iLxg]
[2020-02-21T00:09:25,647][INFO ][o.e.n.Node               ] [_client_] version[5.6.16], pid[13988], build[3a740d1/2019-03-13T15:33:36.565Z], OS[Windows 10/10.0/amd64], JVM[Oracle Corporation/Java HotSpot(TM) 64-Bit Server VM/1.8.0_221/25.221-b11]
[2020-02-21T00:09:25,647][INFO ][o.e.n.Node               ] [_client_] JVM arguments [-Xms2g, -Xmx2g, -XX:+UseConcMarkSweepGC, -XX:CMSInitiatingOccupancyFraction=75, -XX:+UseCMSInitiatingOccupancyOnly, -XX:+AlwaysPreTouch, -Xss1m, -Djava.awt.headless=true, -Dfile.encoding=UTF-8, -Djna.nosys=true, -Djdk.io.permissionsUseCanonicalPath=true, -Dio.netty.noUnsafe=true, -Dio.netty.noKeySetOptimization=true, -Dio.netty.recycler.maxCapacityPerThread=0, -Dlog4j.shutdownHookEnabled=false, -Dlog4j2.disable.jmx=true, -Dlog4j.skipJansi=true, -XX:+HeapDumpOnOutOfMemoryError, -Delasticsearch, -Des.path.home=C:\Users\Alexandar\Documents\MASTER\1_semestar\UDD\elasticsearch-5.6.16]
[2020-02-21T00:09:29,953][INFO ][o.e.p.PluginsService     ] [_client_] loaded module [aggs-matrix-stats]
[2020-02-21T00:09:29,953][INFO ][o.e.p.PluginsService     ] [_client_] loaded module [ingest-common]
[2020-02-21T00:09:29,953][INFO ][o.e.p.PluginsService     ] [_client_] loaded module [lang-expression]
[2020-02-21T00:09:29,957][INFO ][o.e.p.PluginsService     ] [_client_] loaded module [lang-groovy]
[2020-02-21T00:09:29,957][INFO ][o.e.p.PluginsService     ] [_client_] loaded module [lang-mustache]
[2020-02-21T00:09:29,957][INFO ][o.e.p.PluginsService     ] [_client_] loaded module [lang-painless]
[2020-02-21T00:09:29,957][INFO ][o.e.p.PluginsService     ] [_client_] loaded module [parent-join]
[2020-02-21T00:09:29,961][INFO ][o.e.p.PluginsService     ] [_client_] loaded module [percolator]
[2020-02-21T00:09:29,961][INFO ][o.e.p.PluginsService     ] [_client_] loaded module [reindex]
[2020-02-21T00:09:29,961][INFO ][o.e.p.PluginsService     ] [_client_] loaded module [transport-netty3]
[2020-02-21T00:09:29,965][INFO ][o.e.p.PluginsService     ] [_client_] loaded module [transport-netty4]
[2020-02-21T00:09:29,969][INFO ][o.e.p.PluginsService     ] [_client_] loaded plugin [serbian-plugin]
[2020-02-21T00:09:38,825][INFO ][o.e.d.DiscoveryModule    ] [_client_] using discovery type [zen]
[2020-02-21T00:09:40,652][INFO ][o.e.n.Node               ] [_client_] initialized
[2020-02-21T00:09:40,655][INFO ][o.e.n.Node               ] [_client_] starting ...
[2020-02-21T00:09:45,407][INFO ][o.e.t.TransportService   ] [_client_] publish_address {127.0.0.1:9300}, bound_addresses {127.0.0.1:9300}, {[::1]:9300}
[2020-02-21T00:09:48,546][INFO ][o.e.c.s.ClusterService   ] [_client_] new_master {_client_}{bKRCgdAHRO669xAyu7iLxg}{_w8H-u_ARHOLr_lhj9GFAw}{127.0.0.1}{127.0.0.1:9300}, reason: zen-disco-elected-as-master ([0] nodes joined)
[2020-02-21T00:09:48,628][INFO ][o.e.g.GatewayService     ] [_client_] recovered [0] indices into cluster_state
[2020-02-21T00:09:52,195][INFO ][o.e.h.n.Netty4HttpServerTransport] [_client_] publish_address {127.0.0.1:9200}, bound_addresses {127.0.0.1:9200}, {[::1]:9200}
[2020-02-21T00:09:52,200][INFO ][o.e.n.Node               ] [_client_] started
[2020-02-21T00:11:03,010][INFO ][o.e.c.m.MetaDataCreateIndexService] [_client_] [libraryserbian] creating index, cause [api], templates [], shards [1]/[0], mappings []
[2020-02-21T00:11:03,903][INFO ][o.e.c.r.a.AllocationService] [_client_] Cluster health status changed from [YELLOW] to [GREEN] (reason: [shards started [[libraryserbian][0]] ...]).
[2020-02-21T00:11:04,869][INFO ][o.e.c.m.MetaDataMappingService] [_client_] [libraryserbian/FfHXfPjVRNuUDLxjQG6aRw] create_mapping [radovi]
[2020-02-21T00:19:07,536][INFO ][o.e.n.Node               ] [_client_] stopping ...
[2020-02-21T00:19:07,592][INFO ][o.e.n.Node               ] [_client_] stopped
[2020-02-21T00:19:07,593][INFO ][o.e.n.Node               ] [_client_] closing ...
[2020-02-21T00:19:07,619][INFO ][o.e.n.Node               ] [_client_] closed
[2020-02-21T00:19:54,150][INFO ][o.e.n.Node               ] [_client_] initializing ...
[2020-02-21T00:19:54,373][INFO ][o.e.e.NodeEnvironment    ] [_client_] using [1] data paths, mounts [[(C:)]], net usable_space [236.2gb], net total_space [334gb], spins? [unknown], types [NTFS]
[2020-02-21T00:19:54,374][INFO ][o.e.e.NodeEnvironment    ] [_client_] heap size [1.9gb], compressed ordinary object pointers [true]
[2020-02-21T00:19:54,425][INFO ][o.e.n.Node               ] [_client_] node name [_client_], node ID [bKRCgdAHRO669xAyu7iLxg]
[2020-02-21T00:19:54,426][INFO ][o.e.n.Node               ] [_client_] version[5.6.16], pid[8236], build[3a740d1/2019-03-13T15:33:36.565Z], OS[Windows 10/10.0/amd64], JVM[Oracle Corporation/Java HotSpot(TM) 64-Bit Server VM/1.8.0_221/25.221-b11]
[2020-02-21T00:19:54,430][INFO ][o.e.n.Node               ] [_client_] JVM arguments [-Xms2g, -Xmx2g, -XX:+UseConcMarkSweepGC, -XX:CMSInitiatingOccupancyFraction=75, -XX:+UseCMSInitiatingOccupancyOnly, -XX:+AlwaysPreTouch, -Xss1m, -Djava.awt.headless=true, -Dfile.encoding=UTF-8, -Djna.nosys=true, -Djdk.io.permissionsUseCanonicalPath=true, -Dio.netty.noUnsafe=true, -Dio.netty.noKeySetOptimization=true, -Dio.netty.recycler.maxCapacityPerThread=0, -Dlog4j.shutdownHookEnabled=false, -Dlog4j2.disable.jmx=true, -Dlog4j.skipJansi=true, -XX:+HeapDumpOnOutOfMemoryError, -Delasticsearch, -Des.path.home=C:\Users\Alexandar\Documents\MASTER\1_semestar\UDD\elasticsearch-5.6.16]
[2020-02-21T00:20:00,738][INFO ][o.e.p.PluginsService     ] [_client_] loaded module [aggs-matrix-stats]
[2020-02-21T00:20:00,738][INFO ][o.e.p.PluginsService     ] [_client_] loaded module [ingest-common]
[2020-02-21T00:20:00,741][INFO ][o.e.p.PluginsService     ] [_client_] loaded module [lang-expression]
[2020-02-21T00:20:00,742][INFO ][o.e.p.PluginsService     ] [_client_] loaded module [lang-groovy]
[2020-02-21T00:20:00,744][INFO ][o.e.p.PluginsService     ] [_client_] loaded module [lang-mustache]
[2020-02-21T00:20:00,744][INFO ][o.e.p.PluginsService     ] [_client_] loaded module [lang-painless]
[2020-02-21T00:20:00,746][INFO ][o.e.p.PluginsService     ] [_client_] loaded module [parent-join]
[2020-02-21T00:20:00,748][INFO ][o.e.p.PluginsService     ] [_client_] loaded module [percolator]
[2020-02-21T00:20:00,749][INFO ][o.e.p.PluginsService     ] [_client_] loaded module [reindex]
[2020-02-21T00:20:00,752][INFO ][o.e.p.PluginsService     ] [_client_] loaded module [transport-netty3]
[2020-02-21T00:20:00,753][INFO ][o.e.p.PluginsService     ] [_client_] loaded module [transport-netty4]
[2020-02-21T00:20:00,755][INFO ][o.e.p.PluginsService     ] [_client_] loaded plugin [serbian-plugin]
[2020-02-21T00:20:07,542][INFO ][o.e.d.DiscoveryModule    ] [_client_] using discovery type [zen]
[2020-02-21T00:20:08,725][INFO ][o.e.n.Node               ] [_client_] initialized
[2020-02-21T00:20:08,726][INFO ][o.e.n.Node               ] [_client_] starting ...
[2020-02-21T00:20:12,602][INFO ][o.e.t.TransportService   ] [_client_] publish_address {127.0.0.1:9300}, bound_addresses {127.0.0.1:9300}, {[::1]:9300}
[2020-02-21T00:20:15,710][INFO ][o.e.c.s.ClusterService   ] [_client_] new_master {_client_}{bKRCgdAHRO669xAyu7iLxg}{r6JgomVJQsSH1gq-8D4eQA}{127.0.0.1}{127.0.0.1:9300}, reason: zen-disco-elected-as-master ([0] nodes joined)
[2020-02-21T00:20:16,119][INFO ][o.e.g.GatewayService     ] [_client_] recovered [1] indices into cluster_state
[2020-02-21T00:20:16,737][INFO ][o.e.c.r.a.AllocationService] [_client_] Cluster health status changed from [RED] to [GREEN] (reason: [shards started [[libraryserbian][0]] ...]).
[2020-02-21T00:20:18,294][INFO ][o.e.h.n.Netty4HttpServerTransport] [_client_] publish_address {127.0.0.1:9200}, bound_addresses {127.0.0.1:9200}, {[::1]:9200}
[2020-02-21T00:20:18,295][INFO ][o.e.n.Node               ] [_client_] started
[2020-02-21T00:20:27,164][INFO ][o.e.n.Node               ] [_client_] stopping ...
[2020-02-21T00:20:27,213][INFO ][o.e.n.Node               ] [_client_] stopped
[2020-02-21T00:20:27,214][INFO ][o.e.n.Node               ] [_client_] closing ...
[2020-02-21T00:20:27,229][INFO ][o.e.n.Node               ] [_client_] closed
[2020-02-21T00:20:37,828][INFO ][o.e.n.Node               ] [_client_] initializing ...
[2020-02-21T00:20:38,710][INFO ][o.e.e.NodeEnvironment    ] [_client_] using [1] data paths, mounts [[(C:)]], net usable_space [236.2gb], net total_space [334gb], spins? [unknown], types [NTFS]
[2020-02-21T00:20:38,711][INFO ][o.e.e.NodeEnvironment    ] [_client_] heap size [1.9gb], compressed ordinary object pointers [true]
[2020-02-21T00:20:38,722][INFO ][o.e.n.Node               ] [_client_] node name [_client_], node ID [bxWNACaqS6ywSv_PNSa22g]
[2020-02-21T00:20:38,723][INFO ][o.e.n.Node               ] [_client_] version[5.6.16], pid[14752], build[3a740d1/2019-03-13T15:33:36.565Z], OS[Windows 10/10.0/amd64], JVM[Oracle Corporation/Java HotSpot(TM) 64-Bit Server VM/1.8.0_221/25.221-b11]
[2020-02-21T00:20:38,725][INFO ][o.e.n.Node               ] [_client_] JVM arguments [-Xms2g, -Xmx2g, -XX:+UseConcMarkSweepGC, -XX:CMSInitiatingOccupancyFraction=75, -XX:+UseCMSInitiatingOccupancyOnly, -XX:+AlwaysPreTouch, -Xss1m, -Djava.awt.headless=true, -Dfile.encoding=UTF-8, -Djna.nosys=true, -Djdk.io.permissionsUseCanonicalPath=true, -Dio.netty.noUnsafe=true, -Dio.netty.noKeySetOptimization=true, -Dio.netty.recycler.maxCapacityPerThread=0, -Dlog4j.shutdownHookEnabled=false, -Dlog4j2.disable.jmx=true, -Dlog4j.skipJansi=true, -XX:+HeapDumpOnOutOfMemoryError, -Delasticsearch, -Des.path.home=C:\Users\Alexandar\Documents\MASTER\1_semestar\UDD\elasticsearch-5.6.16]
[2020-02-21T00:20:41,333][INFO ][o.e.p.PluginsService     ] [_client_] loaded module [aggs-matrix-stats]
[2020-02-21T00:20:41,334][INFO ][o.e.p.PluginsService     ] [_client_] loaded module [ingest-common]
[2020-02-21T00:20:41,336][INFO ][o.e.p.PluginsService     ] [_client_] loaded module [lang-expression]
[2020-02-21T00:20:41,337][INFO ][o.e.p.PluginsService     ] [_client_] loaded module [lang-groovy]
[2020-02-21T00:20:41,340][INFO ][o.e.p.PluginsService     ] [_client_] loaded module [lang-mustache]
[2020-02-21T00:20:41,340][INFO ][o.e.p.PluginsService     ] [_client_] loaded module [lang-painless]
[2020-02-21T00:20:41,342][INFO ][o.e.p.PluginsService     ] [_client_] loaded module [parent-join]
[2020-02-21T00:20:41,344][INFO ][o.e.p.PluginsService     ] [_client_] loaded module [percolator]
[2020-02-21T00:20:41,346][INFO ][o.e.p.PluginsService     ] [_client_] loaded module [reindex]
[2020-02-21T00:20:41,350][INFO ][o.e.p.PluginsService     ] [_client_] loaded module [transport-netty3]
[2020-02-21T00:20:41,352][INFO ][o.e.p.PluginsService     ] [_client_] loaded module [transport-netty4]
[2020-02-21T00:20:41,354][INFO ][o.e.p.PluginsService     ] [_client_] loaded plugin [serbian-plugin]
[2020-02-21T00:20:45,971][INFO ][o.e.d.DiscoveryModule    ] [_client_] using discovery type [zen]
[2020-02-21T00:20:47,071][INFO ][o.e.n.Node               ] [_client_] initialized
[2020-02-21T00:20:47,072][INFO ][o.e.n.Node               ] [_client_] starting ...
[2020-02-21T00:20:51,283][INFO ][o.e.t.TransportService   ] [_client_] publish_address {127.0.0.1:9300}, bound_addresses {127.0.0.1:9300}, {[::1]:9300}
[2020-02-21T00:20:54,379][INFO ][o.e.c.s.ClusterService   ] [_client_] new_master {_client_}{bxWNACaqS6ywSv_PNSa22g}{ywJyvrnKRV2kbJ7e2FrWaA}{127.0.0.1}{127.0.0.1:9300}, reason: zen-disco-elected-as-master ([0] nodes joined)
[2020-02-21T00:20:54,437][INFO ][o.e.g.GatewayService     ] [_client_] recovered [0] indices into cluster_state
[2020-02-21T00:20:56,395][INFO ][o.e.h.n.Netty4HttpServerTransport] [_client_] publish_address {127.0.0.1:9200}, bound_addresses {127.0.0.1:9200}, {[::1]:9200}
[2020-02-21T00:20:56,396][INFO ][o.e.n.Node               ] [_client_] started
[2020-02-21T00:21:43,624][INFO ][o.e.c.m.MetaDataCreateIndexService] [_client_] [libraryserbian] creating index, cause [api], templates [], shards [1]/[0], mappings []
[2020-02-21T00:21:44,031][INFO ][o.e.c.r.a.AllocationService] [_client_] Cluster health status changed from [YELLOW] to [GREEN] (reason: [shards started [[libraryserbian][0]] ...]).
[2020-02-21T00:21:44,474][INFO ][o.e.c.m.MetaDataMappingService] [_client_] [libraryserbian/WIy0SzpYSkmmI_Rd7KY5kQ] create_mapping [radovi]
[2020-02-21T00:27:53,142][INFO ][o.e.n.Node               ] [_client_] stopping ...
[2020-02-21T00:27:53,431][INFO ][o.e.n.Node               ] [_client_] stopped
[2020-02-21T00:27:53,432][INFO ][o.e.n.Node               ] [_client_] closing ...
[2020-02-21T00:27:53,455][INFO ][o.e.n.Node               ] [_client_] closed
[2020-02-21T00:28:23,552][INFO ][o.e.n.Node               ] [_client_] initializing ...
[2020-02-21T00:28:24,568][INFO ][o.e.e.NodeEnvironment    ] [_client_] using [1] data paths, mounts [[(C:)]], net usable_space [236.2gb], net total_space [334gb], spins? [unknown], types [NTFS]
[2020-02-21T00:28:24,570][INFO ][o.e.e.NodeEnvironment    ] [_client_] heap size [1.9gb], compressed ordinary object pointers [true]
[2020-02-21T00:28:24,585][INFO ][o.e.n.Node               ] [_client_] node name [_client_], node ID [YaEoG5L3RFKK2TNYYgBoCg]
[2020-02-21T00:28:24,586][INFO ][o.e.n.Node               ] [_client_] version[5.6.16], pid[15292], build[3a740d1/2019-03-13T15:33:36.565Z], OS[Windows 10/10.0/amd64], JVM[Oracle Corporation/Java HotSpot(TM) 64-Bit Server VM/1.8.0_221/25.221-b11]
[2020-02-21T00:28:24,587][INFO ][o.e.n.Node               ] [_client_] JVM arguments [-Xms2g, -Xmx2g, -XX:+UseConcMarkSweepGC, -XX:CMSInitiatingOccupancyFraction=75, -XX:+UseCMSInitiatingOccupancyOnly, -XX:+AlwaysPreTouch, -Xss1m, -Djava.awt.headless=true, -Dfile.encoding=UTF-8, -Djna.nosys=true, -Djdk.io.permissionsUseCanonicalPath=true, -Dio.netty.noUnsafe=true, -Dio.netty.noKeySetOptimization=true, -Dio.netty.recycler.maxCapacityPerThread=0, -Dlog4j.shutdownHookEnabled=false, -Dlog4j2.disable.jmx=true, -Dlog4j.skipJansi=true, -XX:+HeapDumpOnOutOfMemoryError, -Delasticsearch, -Des.path.home=C:\Users\Alexandar\Documents\MASTER\1_semestar\UDD\elasticsearch-5.6.16]
[2020-02-21T00:28:27,392][INFO ][o.e.p.PluginsService     ] [_client_] loaded module [aggs-matrix-stats]
[2020-02-21T00:28:27,394][INFO ][o.e.p.PluginsService     ] [_client_] loaded module [ingest-common]
[2020-02-21T00:28:27,395][INFO ][o.e.p.PluginsService     ] [_client_] loaded module [lang-expression]
[2020-02-21T00:28:27,398][INFO ][o.e.p.PluginsService     ] [_client_] loaded module [lang-groovy]
[2020-02-21T00:28:27,398][INFO ][o.e.p.PluginsService     ] [_client_] loaded module [lang-mustache]
[2020-02-21T00:28:27,399][INFO ][o.e.p.PluginsService     ] [_client_] loaded module [lang-painless]
[2020-02-21T00:28:27,399][INFO ][o.e.p.PluginsService     ] [_client_] loaded module [parent-join]
[2020-02-21T00:28:27,401][INFO ][o.e.p.PluginsService     ] [_client_] loaded module [percolator]
[2020-02-21T00:28:27,402][INFO ][o.e.p.PluginsService     ] [_client_] loaded module [reindex]
[2020-02-21T00:28:27,402][INFO ][o.e.p.PluginsService     ] [_client_] loaded module [transport-netty3]
[2020-02-21T00:28:27,403][INFO ][o.e.p.PluginsService     ] [_client_] loaded module [transport-netty4]
[2020-02-21T00:28:27,404][INFO ][o.e.p.PluginsService     ] [_client_] loaded plugin [serbian-plugin]
[2020-02-21T00:28:33,239][INFO ][o.e.d.DiscoveryModule    ] [_client_] using discovery type [zen]
[2020-02-21T00:28:34,540][INFO ][o.e.n.Node               ] [_client_] initialized
[2020-02-21T00:28:34,542][INFO ][o.e.n.Node               ] [_client_] starting ...
[2020-02-21T00:28:38,502][INFO ][o.e.t.TransportService   ] [_client_] publish_address {127.0.0.1:9300}, bound_addresses {127.0.0.1:9300}, {[::1]:9300}
[2020-02-21T00:28:41,619][INFO ][o.e.c.s.ClusterService   ] [_client_] new_master {_client_}{YaEoG5L3RFKK2TNYYgBoCg}{Uy8cJAE9T4WeXU_UYHrdHg}{127.0.0.1}{127.0.0.1:9300}, reason: zen-disco-elected-as-master ([0] nodes joined)
[2020-02-21T00:28:41,702][INFO ][o.e.g.GatewayService     ] [_client_] recovered [0] indices into cluster_state
[2020-02-21T00:28:48,134][INFO ][o.e.h.n.Netty4HttpServerTransport] [_client_] publish_address {127.0.0.1:9200}, bound_addresses {127.0.0.1:9200}, {[::1]:9200}
[2020-02-21T00:28:48,135][INFO ][o.e.n.Node               ] [_client_] started
[2020-02-21T00:29:19,240][INFO ][o.e.c.m.MetaDataCreateIndexService] [_client_] [libraryserbian] creating index, cause [api], templates [], shards [1]/[0], mappings []
[2020-02-21T00:29:20,059][INFO ][o.e.c.r.a.AllocationService] [_client_] Cluster health status changed from [YELLOW] to [GREEN] (reason: [shards started [[libraryserbian][0]] ...]).
[2020-02-21T00:29:20,407][INFO ][o.e.c.m.MetaDataMappingService] [_client_] [libraryserbian/KM1dJxDRTxWNBwcBpQU_5g] create_mapping [radovi]
[2020-02-21T00:31:23,225][INFO ][o.e.n.Node               ] [_client_] stopping ...
[2020-02-21T00:31:23,267][INFO ][o.e.n.Node               ] [_client_] stopped
[2020-02-21T00:31:23,268][INFO ][o.e.n.Node               ] [_client_] closing ...
[2020-02-21T00:31:23,284][INFO ][o.e.n.Node               ] [_client_] closed
[2020-02-21T00:31:44,463][INFO ][o.e.n.Node               ] [_client_] initializing ...
[2020-02-21T00:31:44,733][INFO ][o.e.e.NodeEnvironment    ] [_client_] using [1] data paths, mounts [[(C:)]], net usable_space [236.1gb], net total_space [334gb], spins? [unknown], types [NTFS]
[2020-02-21T00:31:44,734][INFO ][o.e.e.NodeEnvironment    ] [_client_] heap size [1.9gb], compressed ordinary object pointers [true]
[2020-02-21T00:31:44,792][INFO ][o.e.n.Node               ] [_client_] node name [_client_], node ID [YaEoG5L3RFKK2TNYYgBoCg]
[2020-02-21T00:31:44,793][INFO ][o.e.n.Node               ] [_client_] version[5.6.16], pid[7552], build[3a740d1/2019-03-13T15:33:36.565Z], OS[Windows 10/10.0/amd64], JVM[Oracle Corporation/Java HotSpot(TM) 64-Bit Server VM/1.8.0_221/25.221-b11]
[2020-02-21T00:31:44,796][INFO ][o.e.n.Node               ] [_client_] JVM arguments [-Xms2g, -Xmx2g, -XX:+UseConcMarkSweepGC, -XX:CMSInitiatingOccupancyFraction=75, -XX:+UseCMSInitiatingOccupancyOnly, -XX:+AlwaysPreTouch, -Xss1m, -Djava.awt.headless=true, -Dfile.encoding=UTF-8, -Djna.nosys=true, -Djdk.io.permissionsUseCanonicalPath=true, -Dio.netty.noUnsafe=true, -Dio.netty.noKeySetOptimization=true, -Dio.netty.recycler.maxCapacityPerThread=0, -Dlog4j.shutdownHookEnabled=false, -Dlog4j2.disable.jmx=true, -Dlog4j.skipJansi=true, -XX:+HeapDumpOnOutOfMemoryError, -Delasticsearch, -Des.path.home=C:\Users\Alexandar\Documents\MASTER\1_semestar\UDD\elasticsearch-5.6.16]
[2020-02-21T00:31:48,289][INFO ][o.e.p.PluginsService     ] [_client_] loaded module [aggs-matrix-stats]
[2020-02-21T00:31:48,292][INFO ][o.e.p.PluginsService     ] [_client_] loaded module [ingest-common]
[2020-02-21T00:31:48,294][INFO ][o.e.p.PluginsService     ] [_client_] loaded module [lang-expression]
[2020-02-21T00:31:48,296][INFO ][o.e.p.PluginsService     ] [_client_] loaded module [lang-groovy]
[2020-02-21T00:31:48,302][INFO ][o.e.p.PluginsService     ] [_client_] loaded module [lang-mustache]
[2020-02-21T00:31:48,303][INFO ][o.e.p.PluginsService     ] [_client_] loaded module [lang-painless]
[2020-02-21T00:31:48,306][INFO ][o.e.p.PluginsService     ] [_client_] loaded module [parent-join]
[2020-02-21T00:31:48,306][INFO ][o.e.p.PluginsService     ] [_client_] loaded module [percolator]
[2020-02-21T00:31:48,307][INFO ][o.e.p.PluginsService     ] [_client_] loaded module [reindex]
[2020-02-21T00:31:48,311][INFO ][o.e.p.PluginsService     ] [_client_] loaded module [transport-netty3]
[2020-02-21T00:31:48,313][INFO ][o.e.p.PluginsService     ] [_client_] loaded module [transport-netty4]
[2020-02-21T00:31:48,323][INFO ][o.e.p.PluginsService     ] [_client_] loaded plugin [serbian-plugin]
[2020-02-21T00:31:55,070][INFO ][o.e.d.DiscoveryModule    ] [_client_] using discovery type [zen]
[2020-02-21T00:31:56,166][INFO ][o.e.n.Node               ] [_client_] initialized
[2020-02-21T00:31:56,167][INFO ][o.e.n.Node               ] [_client_] starting ...
[2020-02-21T00:32:00,227][INFO ][o.e.t.TransportService   ] [_client_] publish_address {127.0.0.1:9300}, bound_addresses {127.0.0.1:9300}, {[::1]:9300}
[2020-02-21T00:32:03,409][INFO ][o.e.c.s.ClusterService   ] [_client_] new_master {_client_}{YaEoG5L3RFKK2TNYYgBoCg}{wLooYNy2S6yXxdceKNBrnw}{127.0.0.1}{127.0.0.1:9300}, reason: zen-disco-elected-as-master ([0] nodes joined)
[2020-02-21T00:32:03,962][INFO ][o.e.g.GatewayService     ] [_client_] recovered [1] indices into cluster_state
[2020-02-21T00:32:04,514][INFO ][o.e.c.r.a.AllocationService] [_client_] Cluster health status changed from [RED] to [GREEN] (reason: [shards started [[libraryserbian][0]] ...]).
[2020-02-21T00:32:06,290][INFO ][o.e.h.n.Netty4HttpServerTransport] [_client_] publish_address {127.0.0.1:9200}, bound_addresses {127.0.0.1:9200}, {[::1]:9200}
[2020-02-21T00:32:06,291][INFO ][o.e.n.Node               ] [_client_] started
[2020-02-21T00:44:31,501][INFO ][o.e.n.Node               ] [_client_] stopping ...
[2020-02-21T00:44:31,550][INFO ][o.e.n.Node               ] [_client_] stopped
[2020-02-21T00:44:31,553][INFO ][o.e.n.Node               ] [_client_] closing ...
[2020-02-21T00:44:31,578][INFO ][o.e.n.Node               ] [_client_] closed
[2020-02-21T00:49:02,238][INFO ][o.e.n.Node               ] [_client_] initializing ...
[2020-02-21T00:49:03,287][INFO ][o.e.e.NodeEnvironment    ] [_client_] using [1] data paths, mounts [[(C:)]], net usable_space [236.1gb], net total_space [334gb], spins? [unknown], types [NTFS]
[2020-02-21T00:49:03,288][INFO ][o.e.e.NodeEnvironment    ] [_client_] heap size [1.9gb], compressed ordinary object pointers [true]
[2020-02-21T00:49:03,299][INFO ][o.e.n.Node               ] [_client_] node name [_client_], node ID [J-Q9OibFQfSC_KNBY5P4lQ]
[2020-02-21T00:49:03,300][INFO ][o.e.n.Node               ] [_client_] version[5.6.16], pid[1256], build[3a740d1/2019-03-13T15:33:36.565Z], OS[Windows 10/10.0/amd64], JVM[Oracle Corporation/Java HotSpot(TM) 64-Bit Server VM/1.8.0_221/25.221-b11]
[2020-02-21T00:49:03,301][INFO ][o.e.n.Node               ] [_client_] JVM arguments [-Xms2g, -Xmx2g, -XX:+UseConcMarkSweepGC, -XX:CMSInitiatingOccupancyFraction=75, -XX:+UseCMSInitiatingOccupancyOnly, -XX:+AlwaysPreTouch, -Xss1m, -Djava.awt.headless=true, -Dfile.encoding=UTF-8, -Djna.nosys=true, -Djdk.io.permissionsUseCanonicalPath=true, -Dio.netty.noUnsafe=true, -Dio.netty.noKeySetOptimization=true, -Dio.netty.recycler.maxCapacityPerThread=0, -Dlog4j.shutdownHookEnabled=false, -Dlog4j2.disable.jmx=true, -Dlog4j.skipJansi=true, -XX:+HeapDumpOnOutOfMemoryError, -Delasticsearch, -Des.path.home=C:\Users\Alexandar\Documents\MASTER\1_semestar\UDD\elasticsearch-5.6.16]
[2020-02-21T00:49:06,940][INFO ][o.e.p.PluginsService     ] [_client_] loaded module [aggs-matrix-stats]
[2020-02-21T00:49:06,942][INFO ][o.e.p.PluginsService     ] [_client_] loaded module [ingest-common]
[2020-02-21T00:49:06,944][INFO ][o.e.p.PluginsService     ] [_client_] loaded module [lang-expression]
[2020-02-21T00:49:06,944][INFO ][o.e.p.PluginsService     ] [_client_] loaded module [lang-groovy]
[2020-02-21T00:49:06,945][INFO ][o.e.p.PluginsService     ] [_client_] loaded module [lang-mustache]
[2020-02-21T00:49:06,946][INFO ][o.e.p.PluginsService     ] [_client_] loaded module [lang-painless]
[2020-02-21T00:49:06,947][INFO ][o.e.p.PluginsService     ] [_client_] loaded module [parent-join]
[2020-02-21T00:49:06,948][INFO ][o.e.p.PluginsService     ] [_client_] loaded module [percolator]
[2020-02-21T00:49:06,949][INFO ][o.e.p.PluginsService     ] [_client_] loaded module [reindex]
[2020-02-21T00:49:06,950][INFO ][o.e.p.PluginsService     ] [_client_] loaded module [transport-netty3]
[2020-02-21T00:49:06,951][INFO ][o.e.p.PluginsService     ] [_client_] loaded module [transport-netty4]
[2020-02-21T00:49:06,952][INFO ][o.e.p.PluginsService     ] [_client_] loaded plugin [serbian-plugin]
[2020-02-21T00:49:13,675][INFO ][o.e.d.DiscoveryModule    ] [_client_] using discovery type [zen]
[2020-02-21T00:49:14,843][INFO ][o.e.n.Node               ] [_client_] initialized
[2020-02-21T00:49:14,844][INFO ][o.e.n.Node               ] [_client_] starting ...
[2020-02-21T00:49:18,685][INFO ][o.e.t.TransportService   ] [_client_] publish_address {127.0.0.1:9300}, bound_addresses {127.0.0.1:9300}, {[::1]:9300}
[2020-02-21T00:49:21,780][INFO ][o.e.c.s.ClusterService   ] [_client_] new_master {_client_}{J-Q9OibFQfSC_KNBY5P4lQ}{f6BvH_BsRYmGeit7Jij9Xw}{127.0.0.1}{127.0.0.1:9300}, reason: zen-disco-elected-as-master ([0] nodes joined)
[2020-02-21T00:49:21,862][INFO ][o.e.g.GatewayService     ] [_client_] recovered [0] indices into cluster_state
[2020-02-21T00:49:23,819][INFO ][o.e.h.n.Netty4HttpServerTransport] [_client_] publish_address {127.0.0.1:9200}, bound_addresses {127.0.0.1:9200}, {[::1]:9200}
[2020-02-21T00:49:23,820][INFO ][o.e.n.Node               ] [_client_] started
[2020-02-21T00:50:59,069][INFO ][o.e.c.m.MetaDataCreateIndexService] [_client_] [libraryserbian] creating index, cause [api], templates [], shards [1]/[0], mappings []
[2020-02-21T00:50:59,453][INFO ][o.e.c.r.a.AllocationService] [_client_] Cluster health status changed from [YELLOW] to [GREEN] (reason: [shards started [[libraryserbian][0]] ...]).
[2020-02-21T00:50:59,681][INFO ][o.e.c.m.MetaDataMappingService] [_client_] [libraryserbian/1H-ANPk5Q0K0UrEKadGh0Q] create_mapping [radovi]
[2020-02-21T00:56:22,540][INFO ][o.e.n.Node               ] [_client_] stopping ...
[2020-02-21T00:56:22,652][INFO ][o.e.n.Node               ] [_client_] stopped
[2020-02-21T00:56:22,654][INFO ][o.e.n.Node               ] [_client_] closing ...
[2020-02-21T00:56:22,677][INFO ][o.e.n.Node               ] [_client_] closed
[2020-02-21T00:58:05,870][INFO ][o.e.n.Node               ] [_client_] initializing ...
[2020-02-21T00:58:06,760][INFO ][o.e.e.NodeEnvironment    ] [_client_] using [1] data paths, mounts [[(C:)]], net usable_space [236.1gb], net total_space [334gb], spins? [unknown], types [NTFS]
[2020-02-21T00:58:06,762][INFO ][o.e.e.NodeEnvironment    ] [_client_] heap size [1.9gb], compressed ordinary object pointers [true]
[2020-02-21T00:58:06,773][INFO ][o.e.n.Node               ] [_client_] node name [_client_], node ID [_EBy-uOaQ9SMBsK0HIYyQw]
[2020-02-21T00:58:06,775][INFO ][o.e.n.Node               ] [_client_] version[5.6.16], pid[13444], build[3a740d1/2019-03-13T15:33:36.565Z], OS[Windows 10/10.0/amd64], JVM[Oracle Corporation/Java HotSpot(TM) 64-Bit Server VM/1.8.0_221/25.221-b11]
[2020-02-21T00:58:06,777][INFO ][o.e.n.Node               ] [_client_] JVM arguments [-Xms2g, -Xmx2g, -XX:+UseConcMarkSweepGC, -XX:CMSInitiatingOccupancyFraction=75, -XX:+UseCMSInitiatingOccupancyOnly, -XX:+AlwaysPreTouch, -Xss1m, -Djava.awt.headless=true, -Dfile.encoding=UTF-8, -Djna.nosys=true, -Djdk.io.permissionsUseCanonicalPath=true, -Dio.netty.noUnsafe=true, -Dio.netty.noKeySetOptimization=true, -Dio.netty.recycler.maxCapacityPerThread=0, -Dlog4j.shutdownHookEnabled=false, -Dlog4j2.disable.jmx=true, -Dlog4j.skipJansi=true, -XX:+HeapDumpOnOutOfMemoryError, -Delasticsearch, -Des.path.home=C:\Users\Alexandar\Documents\MASTER\1_semestar\UDD\elasticsearch-5.6.16]
[2020-02-21T00:58:11,054][INFO ][o.e.p.PluginsService     ] [_client_] loaded module [aggs-matrix-stats]
[2020-02-21T00:58:11,056][INFO ][o.e.p.PluginsService     ] [_client_] loaded module [ingest-common]
[2020-02-21T00:58:11,061][INFO ][o.e.p.PluginsService     ] [_client_] loaded module [lang-expression]
[2020-02-21T00:58:11,069][INFO ][o.e.p.PluginsService     ] [_client_] loaded module [lang-groovy]
[2020-02-21T00:58:11,072][INFO ][o.e.p.PluginsService     ] [_client_] loaded module [lang-mustache]
[2020-02-21T00:58:11,075][INFO ][o.e.p.PluginsService     ] [_client_] loaded module [lang-painless]
[2020-02-21T00:58:11,076][INFO ][o.e.p.PluginsService     ] [_client_] loaded module [parent-join]
[2020-02-21T00:58:11,077][INFO ][o.e.p.PluginsService     ] [_client_] loaded module [percolator]
[2020-02-21T00:58:11,078][INFO ][o.e.p.PluginsService     ] [_client_] loaded module [reindex]
[2020-02-21T00:58:11,080][INFO ][o.e.p.PluginsService     ] [_client_] loaded module [transport-netty3]
[2020-02-21T00:58:11,081][INFO ][o.e.p.PluginsService     ] [_client_] loaded module [transport-netty4]
[2020-02-21T00:58:11,083][INFO ][o.e.p.PluginsService     ] [_client_] loaded plugin [serbian-plugin]
[2020-02-21T00:58:21,411][INFO ][o.e.d.DiscoveryModule    ] [_client_] using discovery type [zen]
[2020-02-21T00:58:22,985][INFO ][o.e.n.Node               ] [_client_] initialized
[2020-02-21T00:58:22,989][INFO ][o.e.n.Node               ] [_client_] starting ...
[2020-02-21T00:58:30,633][INFO ][o.e.t.TransportService   ] [_client_] publish_address {127.0.0.1:9300}, bound_addresses {127.0.0.1:9300}, {[::1]:9300}
[2020-02-21T00:58:33,819][INFO ][o.e.c.s.ClusterService   ] [_client_] new_master {_client_}{_EBy-uOaQ9SMBsK0HIYyQw}{UbTgiJPwSxOmI-pSNfdnOw}{127.0.0.1}{127.0.0.1:9300}, reason: zen-disco-elected-as-master ([0] nodes joined)
[2020-02-21T00:58:34,031][INFO ][o.e.g.GatewayService     ] [_client_] recovered [0] indices into cluster_state
[2020-02-21T00:58:38,156][INFO ][o.e.h.n.Netty4HttpServerTransport] [_client_] publish_address {127.0.0.1:9200}, bound_addresses {127.0.0.1:9200}, {[::1]:9200}
[2020-02-21T00:58:38,157][INFO ][o.e.n.Node               ] [_client_] started
[2020-02-21T00:58:51,997][INFO ][o.e.c.m.MetaDataCreateIndexService] [_client_] [libraryserbian] creating index, cause [api], templates [], shards [1]/[0], mappings []
[2020-02-21T00:58:52,593][INFO ][o.e.c.r.a.AllocationService] [_client_] Cluster health status changed from [YELLOW] to [GREEN] (reason: [shards started [[libraryserbian][0]] ...]).
[2020-02-21T00:58:52,930][INFO ][o.e.c.m.MetaDataMappingService] [_client_] [libraryserbian/U3F9IBjBSpa_VkYr3zHkhg] create_mapping [radovi]
[2020-02-21T01:16:32,432][INFO ][o.e.n.Node               ] [_client_] stopping ...
[2020-02-21T01:16:32,571][INFO ][o.e.n.Node               ] [_client_] stopped
[2020-02-21T01:16:32,580][INFO ][o.e.n.Node               ] [_client_] closing ...
[2020-02-21T01:16:32,609][INFO ][o.e.n.Node               ] [_client_] closed
[2020-02-21T01:16:56,249][INFO ][o.e.n.Node               ] [_client_] initializing ...
[2020-02-21T01:16:57,175][INFO ][o.e.e.NodeEnvironment    ] [_client_] using [1] data paths, mounts [[(C:)]], net usable_space [236.1gb], net total_space [334gb], spins? [unknown], types [NTFS]
[2020-02-21T01:16:57,176][INFO ][o.e.e.NodeEnvironment    ] [_client_] heap size [1.9gb], compressed ordinary object pointers [true]
[2020-02-21T01:16:57,185][INFO ][o.e.n.Node               ] [_client_] node name [_client_], node ID [qaSmSmwVS-abIjrf35xXvQ]
[2020-02-21T01:16:57,186][INFO ][o.e.n.Node               ] [_client_] version[5.6.16], pid[12928], build[3a740d1/2019-03-13T15:33:36.565Z], OS[Windows 10/10.0/amd64], JVM[Oracle Corporation/Java HotSpot(TM) 64-Bit Server VM/1.8.0_221/25.221-b11]
[2020-02-21T01:16:57,187][INFO ][o.e.n.Node               ] [_client_] JVM arguments [-Xms2g, -Xmx2g, -XX:+UseConcMarkSweepGC, -XX:CMSInitiatingOccupancyFraction=75, -XX:+UseCMSInitiatingOccupancyOnly, -XX:+AlwaysPreTouch, -Xss1m, -Djava.awt.headless=true, -Dfile.encoding=UTF-8, -Djna.nosys=true, -Djdk.io.permissionsUseCanonicalPath=true, -Dio.netty.noUnsafe=true, -Dio.netty.noKeySetOptimization=true, -Dio.netty.recycler.maxCapacityPerThread=0, -Dlog4j.shutdownHookEnabled=false, -Dlog4j2.disable.jmx=true, -Dlog4j.skipJansi=true, -XX:+HeapDumpOnOutOfMemoryError, -Delasticsearch, -Des.path.home=C:\Users\Alexandar\Documents\MASTER\1_semestar\UDD\elasticsearch-5.6.16]
[2020-02-21T01:17:01,090][INFO ][o.e.p.PluginsService     ] [_client_] loaded module [aggs-matrix-stats]
[2020-02-21T01:17:01,091][INFO ][o.e.p.PluginsService     ] [_client_] loaded module [ingest-common]
[2020-02-21T01:17:01,094][INFO ][o.e.p.PluginsService     ] [_client_] loaded module [lang-expression]
[2020-02-21T01:17:01,096][INFO ][o.e.p.PluginsService     ] [_client_] loaded module [lang-groovy]
[2020-02-21T01:17:01,098][INFO ][o.e.p.PluginsService     ] [_client_] loaded module [lang-mustache]
[2020-02-21T01:17:01,098][INFO ][o.e.p.PluginsService     ] [_client_] loaded module [lang-painless]
[2020-02-21T01:17:01,100][INFO ][o.e.p.PluginsService     ] [_client_] loaded module [parent-join]
[2020-02-21T01:17:01,104][INFO ][o.e.p.PluginsService     ] [_client_] loaded module [percolator]
[2020-02-21T01:17:01,105][INFO ][o.e.p.PluginsService     ] [_client_] loaded module [reindex]
[2020-02-21T01:17:01,106][INFO ][o.e.p.PluginsService     ] [_client_] loaded module [transport-netty3]
[2020-02-21T01:17:01,108][INFO ][o.e.p.PluginsService     ] [_client_] loaded module [transport-netty4]
[2020-02-21T01:17:01,110][INFO ][o.e.p.PluginsService     ] [_client_] loaded plugin [serbian-plugin]
[2020-02-21T01:17:08,654][INFO ][o.e.d.DiscoveryModule    ] [_client_] using discovery type [zen]
[2020-02-21T01:17:09,806][INFO ][o.e.n.Node               ] [_client_] initialized
[2020-02-21T01:17:09,807][INFO ][o.e.n.Node               ] [_client_] starting ...
[2020-02-21T01:17:13,883][INFO ][o.e.t.TransportService   ] [_client_] publish_address {127.0.0.1:9300}, bound_addresses {127.0.0.1:9300}, {[::1]:9300}
[2020-02-21T01:17:17,004][INFO ][o.e.c.s.ClusterService   ] [_client_] new_master {_client_}{qaSmSmwVS-abIjrf35xXvQ}{xJ-munVkRWWMtmnla6mpFQ}{127.0.0.1}{127.0.0.1:9300}, reason: zen-disco-elected-as-master ([0] nodes joined)
[2020-02-21T01:17:17,118][INFO ][o.e.g.GatewayService     ] [_client_] recovered [0] indices into cluster_state
[2020-02-21T01:17:19,664][INFO ][o.e.h.n.Netty4HttpServerTransport] [_client_] publish_address {127.0.0.1:9200}, bound_addresses {127.0.0.1:9200}, {[::1]:9200}
[2020-02-21T01:17:19,665][INFO ][o.e.n.Node               ] [_client_] started
[2020-02-21T01:18:37,046][INFO ][o.e.c.m.MetaDataCreateIndexService] [_client_] [libraryserbian] creating index, cause [api], templates [], shards [1]/[0], mappings []
[2020-02-21T01:18:39,170][INFO ][o.e.c.r.a.AllocationService] [_client_] Cluster health status changed from [YELLOW] to [GREEN] (reason: [shards started [[libraryserbian][0]] ...]).
[2020-02-21T01:18:39,853][INFO ][o.e.c.m.MetaDataMappingService] [_client_] [libraryserbian/PPUpbwahQ9mzG3Z4S0CYBg] create_mapping [radovi]
[2020-02-21T01:33:39,087][INFO ][o.e.n.Node               ] [_client_] stopping ...
[2020-02-21T01:33:39,135][INFO ][o.e.n.Node               ] [_client_] stopped
[2020-02-21T01:33:39,135][INFO ][o.e.n.Node               ] [_client_] closing ...
[2020-02-21T01:33:39,154][INFO ][o.e.n.Node               ] [_client_] closed
[2020-02-21T14:58:16,180][INFO ][o.e.n.Node               ] [_client_] initializing ...
[2020-02-21T14:58:18,629][INFO ][o.e.e.NodeEnvironment    ] [_client_] using [1] data paths, mounts [[(C:)]], net usable_space [235.7gb], net total_space [334gb], spins? [unknown], types [NTFS]
[2020-02-21T14:58:18,630][INFO ][o.e.e.NodeEnvironment    ] [_client_] heap size [1.9gb], compressed ordinary object pointers [true]
[2020-02-21T14:58:18,646][INFO ][o.e.n.Node               ] [_client_] node name [_client_], node ID [RnqDOlJLS7asy2Mg84wbmQ]
[2020-02-21T14:58:18,647][INFO ][o.e.n.Node               ] [_client_] version[5.6.16], pid[10352], build[3a740d1/2019-03-13T15:33:36.565Z], OS[Windows 10/10.0/amd64], JVM[Oracle Corporation/Java HotSpot(TM) 64-Bit Server VM/1.8.0_221/25.221-b11]
[2020-02-21T14:58:18,649][INFO ][o.e.n.Node               ] [_client_] JVM arguments [-Xms2g, -Xmx2g, -XX:+UseConcMarkSweepGC, -XX:CMSInitiatingOccupancyFraction=75, -XX:+UseCMSInitiatingOccupancyOnly, -XX:+AlwaysPreTouch, -Xss1m, -Djava.awt.headless=true, -Dfile.encoding=UTF-8, -Djna.nosys=true, -Djdk.io.permissionsUseCanonicalPath=true, -Dio.netty.noUnsafe=true, -Dio.netty.noKeySetOptimization=true, -Dio.netty.recycler.maxCapacityPerThread=0, -Dlog4j.shutdownHookEnabled=false, -Dlog4j2.disable.jmx=true, -Dlog4j.skipJansi=true, -XX:+HeapDumpOnOutOfMemoryError, -Delasticsearch, -Des.path.home=C:\Users\Alexandar\Documents\MASTER\1_semestar\UDD\elasticsearch-5.6.16]
[2020-02-21T14:58:28,943][INFO ][o.e.p.PluginsService     ] [_client_] loaded module [aggs-matrix-stats]
[2020-02-21T14:58:28,944][INFO ][o.e.p.PluginsService     ] [_client_] loaded module [ingest-common]
[2020-02-21T14:58:28,945][INFO ][o.e.p.PluginsService     ] [_client_] loaded module [lang-expression]
[2020-02-21T14:58:28,945][INFO ][o.e.p.PluginsService     ] [_client_] loaded module [lang-groovy]
[2020-02-21T14:58:28,945][INFO ][o.e.p.PluginsService     ] [_client_] loaded module [lang-mustache]
[2020-02-21T14:58:28,946][INFO ][o.e.p.PluginsService     ] [_client_] loaded module [lang-painless]
[2020-02-21T14:58:28,946][INFO ][o.e.p.PluginsService     ] [_client_] loaded module [parent-join]
[2020-02-21T14:58:28,946][INFO ][o.e.p.PluginsService     ] [_client_] loaded module [percolator]
[2020-02-21T14:58:28,947][INFO ][o.e.p.PluginsService     ] [_client_] loaded module [reindex]
[2020-02-21T14:58:28,954][INFO ][o.e.p.PluginsService     ] [_client_] loaded module [transport-netty3]
[2020-02-21T14:58:28,959][INFO ][o.e.p.PluginsService     ] [_client_] loaded module [transport-netty4]
[2020-02-21T14:58:28,974][INFO ][o.e.p.PluginsService     ] [_client_] loaded plugin [serbian-plugin]
[2020-02-21T14:58:42,085][INFO ][o.e.d.DiscoveryModule    ] [_client_] using discovery type [zen]
[2020-02-21T14:58:44,789][INFO ][o.e.n.Node               ] [_client_] initialized
[2020-02-21T14:58:44,793][INFO ][o.e.n.Node               ] [_client_] starting ...
[2020-02-21T14:58:52,165][INFO ][o.e.t.TransportService   ] [_client_] publish_address {127.0.0.1:9300}, bound_addresses {127.0.0.1:9300}, {[::1]:9300}
[2020-02-21T14:58:56,377][INFO ][o.e.c.s.ClusterService   ] [_client_] new_master {_client_}{RnqDOlJLS7asy2Mg84wbmQ}{XepXi-qeRkibMC6HlcOZxQ}{127.0.0.1}{127.0.0.1:9300}, reason: zen-disco-elected-as-master ([0] nodes joined)
[2020-02-21T14:58:56,616][INFO ][o.e.g.GatewayService     ] [_client_] recovered [0] indices into cluster_state
[2020-02-21T14:58:58,265][INFO ][o.e.h.n.Netty4HttpServerTransport] [_client_] publish_address {127.0.0.1:9200}, bound_addresses {127.0.0.1:9200}, {[::1]:9200}
[2020-02-21T14:58:58,266][INFO ][o.e.n.Node               ] [_client_] started
[2020-02-21T14:59:56,140][INFO ][o.e.n.Node               ] [_client_] stopping ...
[2020-02-21T14:59:56,175][INFO ][o.e.n.Node               ] [_client_] stopped
[2020-02-21T14:59:56,175][INFO ][o.e.n.Node               ] [_client_] closing ...
[2020-02-21T14:59:56,193][INFO ][o.e.n.Node               ] [_client_] closed
[2020-02-21T15:00:20,856][INFO ][o.e.n.Node               ] [_client_] initializing ...
[2020-02-21T15:00:21,778][INFO ][o.e.e.NodeEnvironment    ] [_client_] using [1] data paths, mounts [[(C:)]], net usable_space [235.7gb], net total_space [334gb], spins? [unknown], types [NTFS]
[2020-02-21T15:00:21,779][INFO ][o.e.e.NodeEnvironment    ] [_client_] heap size [1.9gb], compressed ordinary object pointers [true]
[2020-02-21T15:00:21,789][INFO ][o.e.n.Node               ] [_client_] node name [_client_], node ID [sBtQlYT0RZKFUcUBIU1Vew]
[2020-02-21T15:00:21,790][INFO ][o.e.n.Node               ] [_client_] version[5.6.16], pid[11772], build[3a740d1/2019-03-13T15:33:36.565Z], OS[Windows 10/10.0/amd64], JVM[Oracle Corporation/Java HotSpot(TM) 64-Bit Server VM/1.8.0_221/25.221-b11]
[2020-02-21T15:00:21,792][INFO ][o.e.n.Node               ] [_client_] JVM arguments [-Xms2g, -Xmx2g, -XX:+UseConcMarkSweepGC, -XX:CMSInitiatingOccupancyFraction=75, -XX:+UseCMSInitiatingOccupancyOnly, -XX:+AlwaysPreTouch, -Xss1m, -Djava.awt.headless=true, -Dfile.encoding=UTF-8, -Djna.nosys=true, -Djdk.io.permissionsUseCanonicalPath=true, -Dio.netty.noUnsafe=true, -Dio.netty.noKeySetOptimization=true, -Dio.netty.recycler.maxCapacityPerThread=0, -Dlog4j.shutdownHookEnabled=false, -Dlog4j2.disable.jmx=true, -Dlog4j.skipJansi=true, -XX:+HeapDumpOnOutOfMemoryError, -Delasticsearch, -Des.path.home=C:\Users\Alexandar\Documents\MASTER\1_semestar\UDD\elasticsearch-5.6.16]
[2020-02-21T15:00:28,138][INFO ][o.e.p.PluginsService     ] [_client_] loaded module [aggs-matrix-stats]
[2020-02-21T15:00:28,138][INFO ][o.e.p.PluginsService     ] [_client_] loaded module [ingest-common]
[2020-02-21T15:00:28,139][INFO ][o.e.p.PluginsService     ] [_client_] loaded module [lang-expression]
[2020-02-21T15:00:28,141][INFO ][o.e.p.PluginsService     ] [_client_] loaded module [lang-groovy]
[2020-02-21T15:00:28,142][INFO ][o.e.p.PluginsService     ] [_client_] loaded module [lang-mustache]
[2020-02-21T15:00:28,143][INFO ][o.e.p.PluginsService     ] [_client_] loaded module [lang-painless]
[2020-02-21T15:00:28,143][INFO ][o.e.p.PluginsService     ] [_client_] loaded module [parent-join]
[2020-02-21T15:00:28,144][INFO ][o.e.p.PluginsService     ] [_client_] loaded module [percolator]
[2020-02-21T15:00:28,145][INFO ][o.e.p.PluginsService     ] [_client_] loaded module [reindex]
[2020-02-21T15:00:28,146][INFO ][o.e.p.PluginsService     ] [_client_] loaded module [transport-netty3]
[2020-02-21T15:00:28,147][INFO ][o.e.p.PluginsService     ] [_client_] loaded module [transport-netty4]
[2020-02-21T15:00:28,148][INFO ][o.e.p.PluginsService     ] [_client_] loaded plugin [serbian-plugin]
[2020-02-21T15:00:33,867][INFO ][o.e.d.DiscoveryModule    ] [_client_] using discovery type [zen]
[2020-02-21T15:00:35,168][INFO ][o.e.n.Node               ] [_client_] initialized
[2020-02-21T15:00:35,169][INFO ][o.e.n.Node               ] [_client_] starting ...
[2020-02-21T15:00:40,416][INFO ][o.e.t.TransportService   ] [_client_] publish_address {127.0.0.1:9300}, bound_addresses {127.0.0.1:9300}, {[::1]:9300}
[2020-02-21T15:00:43,713][INFO ][o.e.c.s.ClusterService   ] [_client_] new_master {_client_}{sBtQlYT0RZKFUcUBIU1Vew}{XaAc6bv8SSiZj28mEnHWmA}{127.0.0.1}{127.0.0.1:9300}, reason: zen-disco-elected-as-master ([0] nodes joined)
[2020-02-21T15:00:43,859][INFO ][o.e.g.GatewayService     ] [_client_] recovered [0] indices into cluster_state
[2020-02-21T15:00:46,181][INFO ][o.e.h.n.Netty4HttpServerTransport] [_client_] publish_address {127.0.0.1:9200}, bound_addresses {127.0.0.1:9200}, {[::1]:9200}
[2020-02-21T15:00:46,182][INFO ][o.e.n.Node               ] [_client_] started
[2020-02-21T15:02:31,018][INFO ][o.e.c.m.MetaDataCreateIndexService] [_client_] [libraryserbian] creating index, cause [api], templates [], shards [1]/[0], mappings []
[2020-02-21T15:02:32,721][INFO ][o.e.c.r.a.AllocationService] [_client_] Cluster health status changed from [YELLOW] to [GREEN] (reason: [shards started [[libraryserbian][0]] ...]).
[2020-02-21T15:02:33,413][INFO ][o.e.c.m.MetaDataMappingService] [_client_] [libraryserbian/x3r9m6BCRdGOS8OcQBYsSA] create_mapping [radovi]
[2020-02-21T16:00:47,782][INFO ][o.e.n.Node               ] [_client_] stopping ...
[2020-02-21T16:00:47,813][INFO ][o.e.n.Node               ] [_client_] stopped
[2020-02-21T16:00:47,813][INFO ][o.e.n.Node               ] [_client_] closing ...
[2020-02-21T16:00:47,829][INFO ][o.e.n.Node               ] [_client_] closed
[2020-02-21T16:03:51,394][INFO ][o.e.n.Node               ] [_client_] initializing ...
[2020-02-21T16:03:52,222][INFO ][o.e.e.NodeEnvironment    ] [_client_] using [1] data paths, mounts [[(C:)]], net usable_space [235.7gb], net total_space [334gb], spins? [unknown], types [NTFS]
[2020-02-21T16:03:52,223][INFO ][o.e.e.NodeEnvironment    ] [_client_] heap size [1.9gb], compressed ordinary object pointers [true]
[2020-02-21T16:03:52,232][INFO ][o.e.n.Node               ] [_client_] node name [_client_], node ID [sEYytaQkQtexGUlDmekPCQ]
[2020-02-21T16:03:52,233][INFO ][o.e.n.Node               ] [_client_] version[5.6.16], pid[12988], build[3a740d1/2019-03-13T15:33:36.565Z], OS[Windows 10/10.0/amd64], JVM[Oracle Corporation/Java HotSpot(TM) 64-Bit Server VM/1.8.0_221/25.221-b11]
[2020-02-21T16:03:52,235][INFO ][o.e.n.Node               ] [_client_] JVM arguments [-Xms2g, -Xmx2g, -XX:+UseConcMarkSweepGC, -XX:CMSInitiatingOccupancyFraction=75, -XX:+UseCMSInitiatingOccupancyOnly, -XX:+AlwaysPreTouch, -Xss1m, -Djava.awt.headless=true, -Dfile.encoding=UTF-8, -Djna.nosys=true, -Djdk.io.permissionsUseCanonicalPath=true, -Dio.netty.noUnsafe=true, -Dio.netty.noKeySetOptimization=true, -Dio.netty.recycler.maxCapacityPerThread=0, -Dlog4j.shutdownHookEnabled=false, -Dlog4j2.disable.jmx=true, -Dlog4j.skipJansi=true, -XX:+HeapDumpOnOutOfMemoryError, -Delasticsearch, -Des.path.home=C:\Users\Alexandar\Documents\MASTER\1_semestar\UDD\elasticsearch-5.6.16]
[2020-02-21T16:03:54,962][INFO ][o.e.p.PluginsService     ] [_client_] loaded module [aggs-matrix-stats]
[2020-02-21T16:03:54,962][INFO ][o.e.p.PluginsService     ] [_client_] loaded module [ingest-common]
[2020-02-21T16:03:54,965][INFO ][o.e.p.PluginsService     ] [_client_] loaded module [lang-expression]
[2020-02-21T16:03:54,966][INFO ][o.e.p.PluginsService     ] [_client_] loaded module [lang-groovy]
[2020-02-21T16:03:54,967][INFO ][o.e.p.PluginsService     ] [_client_] loaded module [lang-mustache]
[2020-02-21T16:03:54,968][INFO ][o.e.p.PluginsService     ] [_client_] loaded module [lang-painless]
[2020-02-21T16:03:54,970][INFO ][o.e.p.PluginsService     ] [_client_] loaded module [parent-join]
[2020-02-21T16:03:54,971][INFO ][o.e.p.PluginsService     ] [_client_] loaded module [percolator]
[2020-02-21T16:03:54,972][INFO ][o.e.p.PluginsService     ] [_client_] loaded module [reindex]
[2020-02-21T16:03:54,975][INFO ][o.e.p.PluginsService     ] [_client_] loaded module [transport-netty3]
[2020-02-21T16:03:54,976][INFO ][o.e.p.PluginsService     ] [_client_] loaded module [transport-netty4]
[2020-02-21T16:03:54,979][INFO ][o.e.p.PluginsService     ] [_client_] loaded plugin [serbian-plugin]
[2020-02-21T16:03:59,803][INFO ][o.e.d.DiscoveryModule    ] [_client_] using discovery type [zen]
[2020-02-21T16:04:00,934][INFO ][o.e.n.Node               ] [_client_] initialized
[2020-02-21T16:04:00,937][INFO ][o.e.n.Node               ] [_client_] starting ...
[2020-02-21T16:04:04,728][INFO ][o.e.t.TransportService   ] [_client_] publish_address {127.0.0.1:9300}, bound_addresses {127.0.0.1:9300}, {[::1]:9300}
[2020-02-21T16:04:07,819][INFO ][o.e.c.s.ClusterService   ] [_client_] new_master {_client_}{sEYytaQkQtexGUlDmekPCQ}{CaK8vO6TRFiZpBVEEz5cRA}{127.0.0.1}{127.0.0.1:9300}, reason: zen-disco-elected-as-master ([0] nodes joined)
[2020-02-21T16:04:07,886][INFO ][o.e.g.GatewayService     ] [_client_] recovered [0] indices into cluster_state
[2020-02-21T16:04:09,790][INFO ][o.e.h.n.Netty4HttpServerTransport] [_client_] publish_address {127.0.0.1:9200}, bound_addresses {127.0.0.1:9200}, {[::1]:9200}
[2020-02-21T16:04:09,791][INFO ][o.e.n.Node               ] [_client_] started
[2020-02-21T16:13:00,819][INFO ][o.e.c.m.MetaDataCreateIndexService] [_client_] [libraryserbian] creating index, cause [api], templates [], shards [1]/[0], mappings []
[2020-02-21T16:13:02,189][INFO ][o.e.c.r.a.AllocationService] [_client_] Cluster health status changed from [YELLOW] to [GREEN] (reason: [shards started [[libraryserbian][0]] ...]).
[2020-02-21T16:13:02,455][INFO ][o.e.c.m.MetaDataMappingService] [_client_] [libraryserbian/uE7w0ws5TRq_Z1CMSm_XUA] create_mapping [radovi]
[2020-02-21T20:49:32,203][INFO ][o.e.n.Node               ] [_client_] stopping ...
[2020-02-21T20:49:32,276][INFO ][o.e.n.Node               ] [_client_] stopped
[2020-02-21T20:49:32,277][INFO ][o.e.n.Node               ] [_client_] closing ...
[2020-02-21T20:49:32,314][INFO ][o.e.n.Node               ] [_client_] closed
[2020-02-21T21:10:37,268][INFO ][o.e.n.Node               ] [_client_] initializing ...
[2020-02-21T21:10:38,311][INFO ][o.e.e.NodeEnvironment    ] [_client_] using [1] data paths, mounts [[(C:)]], net usable_space [235.7gb], net total_space [334gb], spins? [unknown], types [NTFS]
[2020-02-21T21:10:38,312][INFO ][o.e.e.NodeEnvironment    ] [_client_] heap size [1.9gb], compressed ordinary object pointers [true]
[2020-02-21T21:10:38,322][INFO ][o.e.n.Node               ] [_client_] node name [_client_], node ID [y5ftG1Q5RU6NHqu-dMnjfQ]
[2020-02-21T21:10:38,323][INFO ][o.e.n.Node               ] [_client_] version[5.6.16], pid[15240], build[3a740d1/2019-03-13T15:33:36.565Z], OS[Windows 10/10.0/amd64], JVM[Oracle Corporation/Java HotSpot(TM) 64-Bit Server VM/1.8.0_221/25.221-b11]
[2020-02-21T21:10:38,324][INFO ][o.e.n.Node               ] [_client_] JVM arguments [-Xms2g, -Xmx2g, -XX:+UseConcMarkSweepGC, -XX:CMSInitiatingOccupancyFraction=75, -XX:+UseCMSInitiatingOccupancyOnly, -XX:+AlwaysPreTouch, -Xss1m, -Djava.awt.headless=true, -Dfile.encoding=UTF-8, -Djna.nosys=true, -Djdk.io.permissionsUseCanonicalPath=true, -Dio.netty.noUnsafe=true, -Dio.netty.noKeySetOptimization=true, -Dio.netty.recycler.maxCapacityPerThread=0, -Dlog4j.shutdownHookEnabled=false, -Dlog4j2.disable.jmx=true, -Dlog4j.skipJansi=true, -XX:+HeapDumpOnOutOfMemoryError, -Delasticsearch, -Des.path.home=C:\Users\Alexandar\Documents\MASTER\1_semestar\UDD\elasticsearch-5.6.16]
[2020-02-21T21:10:47,354][INFO ][o.e.p.PluginsService     ] [_client_] loaded module [aggs-matrix-stats]
[2020-02-21T21:10:47,356][INFO ][o.e.p.PluginsService     ] [_client_] loaded module [ingest-common]
[2020-02-21T21:10:47,358][INFO ][o.e.p.PluginsService     ] [_client_] loaded module [lang-expression]
[2020-02-21T21:10:47,358][INFO ][o.e.p.PluginsService     ] [_client_] loaded module [lang-groovy]
[2020-02-21T21:10:47,359][INFO ][o.e.p.PluginsService     ] [_client_] loaded module [lang-mustache]
[2020-02-21T21:10:47,359][INFO ][o.e.p.PluginsService     ] [_client_] loaded module [lang-painless]
[2020-02-21T21:10:47,360][INFO ][o.e.p.PluginsService     ] [_client_] loaded module [parent-join]
[2020-02-21T21:10:47,361][INFO ][o.e.p.PluginsService     ] [_client_] loaded module [percolator]
[2020-02-21T21:10:47,362][INFO ][o.e.p.PluginsService     ] [_client_] loaded module [reindex]
[2020-02-21T21:10:47,363][INFO ][o.e.p.PluginsService     ] [_client_] loaded module [transport-netty3]
[2020-02-21T21:10:47,366][INFO ][o.e.p.PluginsService     ] [_client_] loaded module [transport-netty4]
[2020-02-21T21:10:47,371][INFO ][o.e.p.PluginsService     ] [_client_] loaded plugin [serbian-plugin]
[2020-02-21T21:10:53,980][INFO ][o.e.d.DiscoveryModule    ] [_client_] using discovery type [zen]
[2020-02-21T21:10:55,061][INFO ][o.e.n.Node               ] [_client_] initialized
[2020-02-21T21:10:55,065][INFO ][o.e.n.Node               ] [_client_] starting ...
[2020-02-21T21:10:59,291][INFO ][o.e.t.TransportService   ] [_client_] publish_address {127.0.0.1:9300}, bound_addresses {127.0.0.1:9300}, {[::1]:9300}
[2020-02-21T21:11:02,407][INFO ][o.e.c.s.ClusterService   ] [_client_] new_master {_client_}{y5ftG1Q5RU6NHqu-dMnjfQ}{RZigFhx2R-GtBU1KKWu6_A}{127.0.0.1}{127.0.0.1:9300}, reason: zen-disco-elected-as-master ([0] nodes joined)
[2020-02-21T21:11:02,499][INFO ][o.e.g.GatewayService     ] [_client_] recovered [0] indices into cluster_state
[2020-02-21T21:11:04,717][INFO ][o.e.h.n.Netty4HttpServerTransport] [_client_] publish_address {127.0.0.1:9200}, bound_addresses {127.0.0.1:9200}, {[::1]:9200}
[2020-02-21T21:11:04,718][INFO ][o.e.n.Node               ] [_client_] started
[2020-02-21T21:15:32,110][INFO ][o.e.c.m.MetaDataCreateIndexService] [_client_] [libraryserbian] creating index, cause [api], templates [], shards [1]/[0], mappings []
[2020-02-21T21:15:32,518][INFO ][o.e.c.r.a.AllocationService] [_client_] Cluster health status changed from [YELLOW] to [GREEN] (reason: [shards started [[libraryserbian][0]] ...]).
[2020-02-21T21:15:32,762][INFO ][o.e.c.m.MetaDataMappingService] [_client_] [libraryserbian/NuVNc9vXQdyco38U8f00mg] create_mapping [radovi]
[2020-02-21T21:21:05,921][INFO ][o.e.n.Node               ] [_client_] stopping ...
[2020-02-21T21:21:06,106][INFO ][o.e.n.Node               ] [_client_] stopped
[2020-02-21T21:21:06,112][INFO ][o.e.n.Node               ] [_client_] closing ...
[2020-02-21T21:21:06,142][INFO ][o.e.n.Node               ] [_client_] closed
[2020-02-21T21:21:28,521][INFO ][o.e.n.Node               ] [_client_] initializing ...
[2020-02-21T21:21:29,417][INFO ][o.e.e.NodeEnvironment    ] [_client_] using [1] data paths, mounts [[(C:)]], net usable_space [235.7gb], net total_space [334gb], spins? [unknown], types [NTFS]
[2020-02-21T21:21:29,418][INFO ][o.e.e.NodeEnvironment    ] [_client_] heap size [1.9gb], compressed ordinary object pointers [true]
[2020-02-21T21:21:29,430][INFO ][o.e.n.Node               ] [_client_] node name [_client_], node ID [Ol6fm57ITp6i4zo7nH5Itg]
[2020-02-21T21:21:29,432][INFO ][o.e.n.Node               ] [_client_] version[5.6.16], pid[2400], build[3a740d1/2019-03-13T15:33:36.565Z], OS[Windows 10/10.0/amd64], JVM[Oracle Corporation/Java HotSpot(TM) 64-Bit Server VM/1.8.0_221/25.221-b11]
[2020-02-21T21:21:29,435][INFO ][o.e.n.Node               ] [_client_] JVM arguments [-Xms2g, -Xmx2g, -XX:+UseConcMarkSweepGC, -XX:CMSInitiatingOccupancyFraction=75, -XX:+UseCMSInitiatingOccupancyOnly, -XX:+AlwaysPreTouch, -Xss1m, -Djava.awt.headless=true, -Dfile.encoding=UTF-8, -Djna.nosys=true, -Djdk.io.permissionsUseCanonicalPath=true, -Dio.netty.noUnsafe=true, -Dio.netty.noKeySetOptimization=true, -Dio.netty.recycler.maxCapacityPerThread=0, -Dlog4j.shutdownHookEnabled=false, -Dlog4j2.disable.jmx=true, -Dlog4j.skipJansi=true, -XX:+HeapDumpOnOutOfMemoryError, -Delasticsearch, -Des.path.home=C:\Users\Alexandar\Documents\MASTER\1_semestar\UDD\elasticsearch-5.6.16]
[2020-02-21T21:21:32,322][INFO ][o.e.p.PluginsService     ] [_client_] loaded module [aggs-matrix-stats]
[2020-02-21T21:21:32,323][INFO ][o.e.p.PluginsService     ] [_client_] loaded module [ingest-common]
[2020-02-21T21:21:32,326][INFO ][o.e.p.PluginsService     ] [_client_] loaded module [lang-expression]
[2020-02-21T21:21:32,328][INFO ][o.e.p.PluginsService     ] [_client_] loaded module [lang-groovy]
[2020-02-21T21:21:32,329][INFO ][o.e.p.PluginsService     ] [_client_] loaded module [lang-mustache]
[2020-02-21T21:21:32,330][INFO ][o.e.p.PluginsService     ] [_client_] loaded module [lang-painless]
[2020-02-21T21:21:32,332][INFO ][o.e.p.PluginsService     ] [_client_] loaded module [parent-join]
[2020-02-21T21:21:32,335][INFO ][o.e.p.PluginsService     ] [_client_] loaded module [percolator]
[2020-02-21T21:21:32,337][INFO ][o.e.p.PluginsService     ] [_client_] loaded module [reindex]
[2020-02-21T21:21:32,339][INFO ][o.e.p.PluginsService     ] [_client_] loaded module [transport-netty3]
[2020-02-21T21:21:32,340][INFO ][o.e.p.PluginsService     ] [_client_] loaded module [transport-netty4]
[2020-02-21T21:21:32,342][INFO ][o.e.p.PluginsService     ] [_client_] loaded plugin [serbian-plugin]
[2020-02-21T21:21:38,115][INFO ][o.e.d.DiscoveryModule    ] [_client_] using discovery type [zen]
[2020-02-21T21:21:39,328][INFO ][o.e.n.Node               ] [_client_] initialized
[2020-02-21T21:21:39,329][INFO ][o.e.n.Node               ] [_client_] starting ...
[2020-02-21T21:21:43,298][INFO ][o.e.t.TransportService   ] [_client_] publish_address {127.0.0.1:9300}, bound_addresses {127.0.0.1:9300}, {[::1]:9300}
[2020-02-21T21:21:46,403][INFO ][o.e.c.s.ClusterService   ] [_client_] new_master {_client_}{Ol6fm57ITp6i4zo7nH5Itg}{3tvlh8mSTRiDiPjiol6a1Q}{127.0.0.1}{127.0.0.1:9300}, reason: zen-disco-elected-as-master ([0] nodes joined)
[2020-02-21T21:21:46,473][INFO ][o.e.g.GatewayService     ] [_client_] recovered [0] indices into cluster_state
[2020-02-21T21:21:48,454][INFO ][o.e.h.n.Netty4HttpServerTransport] [_client_] publish_address {127.0.0.1:9200}, bound_addresses {127.0.0.1:9200}, {[::1]:9200}
[2020-02-21T21:21:48,455][INFO ][o.e.n.Node               ] [_client_] started
[2020-02-21T21:22:42,116][INFO ][o.e.c.m.MetaDataCreateIndexService] [_client_] [libraryserbian] creating index, cause [api], templates [], shards [1]/[0], mappings []
[2020-02-21T21:22:43,111][INFO ][o.e.c.r.a.AllocationService] [_client_] Cluster health status changed from [YELLOW] to [GREEN] (reason: [shards started [[libraryserbian][0]] ...]).
[2020-02-21T21:22:43,516][INFO ][o.e.c.m.MetaDataMappingService] [_client_] [libraryserbian/g-Qu8MU6TVWi1ob10HqBOg] create_mapping [radovi]
[2020-02-21T22:02:28,188][INFO ][o.e.n.Node               ] [_client_] stopping ...
[2020-02-21T22:02:28,219][INFO ][o.e.n.Node               ] [_client_] stopped
[2020-02-21T22:02:28,219][INFO ][o.e.n.Node               ] [_client_] closing ...
[2020-02-21T22:02:28,250][INFO ][o.e.n.Node               ] [_client_] closed
[2020-02-21T22:02:48,648][INFO ][o.e.n.Node               ] [_client_] initializing ...
[2020-02-21T22:02:49,657][INFO ][o.e.e.NodeEnvironment    ] [_client_] using [1] data paths, mounts [[(C:)]], net usable_space [235.7gb], net total_space [334gb], spins? [unknown], types [NTFS]
[2020-02-21T22:02:49,657][INFO ][o.e.e.NodeEnvironment    ] [_client_] heap size [1.9gb], compressed ordinary object pointers [true]
[2020-02-21T22:02:49,657][INFO ][o.e.n.Node               ] [_client_] node name [_client_], node ID [xh9Z_cNWQvaiceSdywS82Q]
[2020-02-21T22:02:49,673][INFO ][o.e.n.Node               ] [_client_] version[5.6.16], pid[14160], build[3a740d1/2019-03-13T15:33:36.565Z], OS[Windows 10/10.0/amd64], JVM[Oracle Corporation/Java HotSpot(TM) 64-Bit Server VM/1.8.0_221/25.221-b11]
[2020-02-21T22:02:49,673][INFO ][o.e.n.Node               ] [_client_] JVM arguments [-Xms2g, -Xmx2g, -XX:+UseConcMarkSweepGC, -XX:CMSInitiatingOccupancyFraction=75, -XX:+UseCMSInitiatingOccupancyOnly, -XX:+AlwaysPreTouch, -Xss1m, -Djava.awt.headless=true, -Dfile.encoding=UTF-8, -Djna.nosys=true, -Djdk.io.permissionsUseCanonicalPath=true, -Dio.netty.noUnsafe=true, -Dio.netty.noKeySetOptimization=true, -Dio.netty.recycler.maxCapacityPerThread=0, -Dlog4j.shutdownHookEnabled=false, -Dlog4j2.disable.jmx=true, -Dlog4j.skipJansi=true, -XX:+HeapDumpOnOutOfMemoryError, -Delasticsearch, -Des.path.home=C:\Users\Alexandar\Documents\MASTER\1_semestar\UDD\elasticsearch-5.6.16]
[2020-02-21T22:02:52,532][INFO ][o.e.p.PluginsService     ] [_client_] loaded module [aggs-matrix-stats]
[2020-02-21T22:02:52,532][INFO ][o.e.p.PluginsService     ] [_client_] loaded module [ingest-common]
[2020-02-21T22:02:52,534][INFO ][o.e.p.PluginsService     ] [_client_] loaded module [lang-expression]
[2020-02-21T22:02:52,535][INFO ][o.e.p.PluginsService     ] [_client_] loaded module [lang-groovy]
[2020-02-21T22:02:52,535][INFO ][o.e.p.PluginsService     ] [_client_] loaded module [lang-mustache]
[2020-02-21T22:02:52,536][INFO ][o.e.p.PluginsService     ] [_client_] loaded module [lang-painless]
[2020-02-21T22:02:52,536][INFO ][o.e.p.PluginsService     ] [_client_] loaded module [parent-join]
[2020-02-21T22:02:52,536][INFO ][o.e.p.PluginsService     ] [_client_] loaded module [percolator]
[2020-02-21T22:02:52,536][INFO ][o.e.p.PluginsService     ] [_client_] loaded module [reindex]
[2020-02-21T22:02:52,536][INFO ][o.e.p.PluginsService     ] [_client_] loaded module [transport-netty3]
[2020-02-21T22:02:52,536][INFO ][o.e.p.PluginsService     ] [_client_] loaded module [transport-netty4]
[2020-02-21T22:02:52,536][INFO ][o.e.p.PluginsService     ] [_client_] loaded plugin [serbian-plugin]
[2020-02-21T22:02:56,661][INFO ][o.e.d.DiscoveryModule    ] [_client_] using discovery type [zen]
[2020-02-21T22:02:57,535][INFO ][o.e.n.Node               ] [_client_] initialized
[2020-02-21T22:02:57,535][INFO ][o.e.n.Node               ] [_client_] starting ...
[2020-02-21T22:03:00,832][INFO ][o.e.t.TransportService   ] [_client_] publish_address {127.0.0.1:9300}, bound_addresses {127.0.0.1:9300}, {[::1]:9300}
[2020-02-21T22:03:03,926][INFO ][o.e.c.s.ClusterService   ] [_client_] new_master {_client_}{xh9Z_cNWQvaiceSdywS82Q}{y-uKI2D6SKq441SzczjnLQ}{127.0.0.1}{127.0.0.1:9300}, reason: zen-disco-elected-as-master ([0] nodes joined)
[2020-02-21T22:03:03,973][INFO ][o.e.g.GatewayService     ] [_client_] recovered [0] indices into cluster_state
[2020-02-21T22:03:05,676][INFO ][o.e.h.n.Netty4HttpServerTransport] [_client_] publish_address {127.0.0.1:9200}, bound_addresses {127.0.0.1:9200}, {[::1]:9200}
[2020-02-21T22:03:05,676][INFO ][o.e.n.Node               ] [_client_] started
[2020-02-21T22:04:22,800][INFO ][o.e.c.m.MetaDataCreateIndexService] [_client_] [libraryserbian] creating index, cause [api], templates [], shards [1]/[0], mappings []
[2020-02-21T22:04:23,112][INFO ][o.e.c.r.a.AllocationService] [_client_] Cluster health status changed from [YELLOW] to [GREEN] (reason: [shards started [[libraryserbian][0]] ...]).
[2020-02-21T22:04:23,299][INFO ][o.e.c.m.MetaDataMappingService] [_client_] [libraryserbian/zr4QHIXrQ7uR0uKKdOoLmQ] create_mapping [radovi]
[2020-02-21T22:24:25,336][INFO ][o.e.n.Node               ] [_client_] stopping ...
[2020-02-21T22:24:25,383][INFO ][o.e.n.Node               ] [_client_] stopped
[2020-02-21T22:24:25,383][INFO ][o.e.n.Node               ] [_client_] closing ...
[2020-02-21T22:24:25,399][INFO ][o.e.n.Node               ] [_client_] closed
[2020-02-21T22:24:51,041][INFO ][o.e.n.Node               ] [_client_] initializing ...
[2020-02-21T22:24:51,872][INFO ][o.e.e.NodeEnvironment    ] [_client_] using [1] data paths, mounts [[(C:)]], net usable_space [235.7gb], net total_space [334gb], spins? [unknown], types [NTFS]
[2020-02-21T22:24:51,874][INFO ][o.e.e.NodeEnvironment    ] [_client_] heap size [1.9gb], compressed ordinary object pointers [true]
[2020-02-21T22:24:51,885][INFO ][o.e.n.Node               ] [_client_] node name [_client_], node ID [b2Dn66uZRNqChdPi3ktD7w]
[2020-02-21T22:24:51,886][INFO ][o.e.n.Node               ] [_client_] version[5.6.16], pid[11284], build[3a740d1/2019-03-13T15:33:36.565Z], OS[Windows 10/10.0/amd64], JVM[Oracle Corporation/Java HotSpot(TM) 64-Bit Server VM/1.8.0_221/25.221-b11]
[2020-02-21T22:24:51,887][INFO ][o.e.n.Node               ] [_client_] JVM arguments [-Xms2g, -Xmx2g, -XX:+UseConcMarkSweepGC, -XX:CMSInitiatingOccupancyFraction=75, -XX:+UseCMSInitiatingOccupancyOnly, -XX:+AlwaysPreTouch, -Xss1m, -Djava.awt.headless=true, -Dfile.encoding=UTF-8, -Djna.nosys=true, -Djdk.io.permissionsUseCanonicalPath=true, -Dio.netty.noUnsafe=true, -Dio.netty.noKeySetOptimization=true, -Dio.netty.recycler.maxCapacityPerThread=0, -Dlog4j.shutdownHookEnabled=false, -Dlog4j2.disable.jmx=true, -Dlog4j.skipJansi=true, -XX:+HeapDumpOnOutOfMemoryError, -Delasticsearch, -Des.path.home=C:\Users\Alexandar\Documents\MASTER\1_semestar\UDD\elasticsearch-5.6.16]
[2020-02-21T22:24:53,931][INFO ][o.e.p.PluginsService     ] [_client_] loaded module [aggs-matrix-stats]
[2020-02-21T22:24:53,931][INFO ][o.e.p.PluginsService     ] [_client_] loaded module [ingest-common]
[2020-02-21T22:24:53,931][INFO ][o.e.p.PluginsService     ] [_client_] loaded module [lang-expression]
[2020-02-21T22:24:53,931][INFO ][o.e.p.PluginsService     ] [_client_] loaded module [lang-groovy]
[2020-02-21T22:24:53,931][INFO ][o.e.p.PluginsService     ] [_client_] loaded module [lang-mustache]
[2020-02-21T22:24:53,931][INFO ][o.e.p.PluginsService     ] [_client_] loaded module [lang-painless]
[2020-02-21T22:24:53,946][INFO ][o.e.p.PluginsService     ] [_client_] loaded module [parent-join]
[2020-02-21T22:24:53,946][INFO ][o.e.p.PluginsService     ] [_client_] loaded module [percolator]
[2020-02-21T22:24:53,946][INFO ][o.e.p.PluginsService     ] [_client_] loaded module [reindex]
[2020-02-21T22:24:53,946][INFO ][o.e.p.PluginsService     ] [_client_] loaded module [transport-netty3]
[2020-02-21T22:24:53,946][INFO ][o.e.p.PluginsService     ] [_client_] loaded module [transport-netty4]
[2020-02-21T22:24:53,946][INFO ][o.e.p.PluginsService     ] [_client_] loaded plugin [serbian-plugin]
[2020-02-21T22:25:00,289][INFO ][o.e.d.DiscoveryModule    ] [_client_] using discovery type [zen]
[2020-02-21T22:25:01,281][INFO ][o.e.n.Node               ] [_client_] initialized
[2020-02-21T22:25:01,281][INFO ][o.e.n.Node               ] [_client_] starting ...
[2020-02-21T22:25:04,538][INFO ][o.e.t.TransportService   ] [_client_] publish_address {127.0.0.1:9300}, bound_addresses {127.0.0.1:9300}, {[::1]:9300}
[2020-02-21T22:25:07,632][INFO ][o.e.c.s.ClusterService   ] [_client_] new_master {_client_}{b2Dn66uZRNqChdPi3ktD7w}{xEsEktFQQj2m5owOiZsmKg}{127.0.0.1}{127.0.0.1:9300}, reason: zen-disco-elected-as-master ([0] nodes joined)
[2020-02-21T22:25:07,710][INFO ][o.e.g.GatewayService     ] [_client_] recovered [0] indices into cluster_state
[2020-02-21T22:25:09,397][INFO ][o.e.h.n.Netty4HttpServerTransport] [_client_] publish_address {127.0.0.1:9200}, bound_addresses {127.0.0.1:9200}, {[::1]:9200}
[2020-02-21T22:25:09,397][INFO ][o.e.n.Node               ] [_client_] started
[2020-02-21T22:25:43,168][INFO ][o.e.c.m.MetaDataCreateIndexService] [_client_] [libraryserbian] creating index, cause [api], templates [], shards [1]/[0], mappings []
[2020-02-21T22:25:43,456][INFO ][o.e.c.r.a.AllocationService] [_client_] Cluster health status changed from [YELLOW] to [GREEN] (reason: [shards started [[libraryserbian][0]] ...]).
[2020-02-21T22:25:43,646][INFO ][o.e.c.m.MetaDataMappingService] [_client_] [libraryserbian/zgrenKArR_yU3gcJon2yCw] create_mapping [radovi]
[2020-02-21T22:54:28,874][INFO ][o.e.n.Node               ] [_client_] stopping ...
[2020-02-21T22:54:28,983][INFO ][o.e.n.Node               ] [_client_] stopped
[2020-02-21T22:54:28,983][INFO ][o.e.n.Node               ] [_client_] closing ...
[2020-02-21T22:54:29,015][INFO ][o.e.n.Node               ] [_client_] closed
