[2020-02-20T00:43:17,662][INFO ][o.e.n.Node               ] [_client_] stopping ...
[2020-02-20T00:43:18,136][INFO ][o.e.n.Node               ] [_client_] stopped
[2020-02-20T00:43:18,148][INFO ][o.e.n.Node               ] [_client_] closing ...
[2020-02-20T00:43:18,224][INFO ][o.e.n.Node               ] [_client_] closed
[2020-02-20T00:44:11,824][INFO ][o.e.n.Node               ] [_client_] initializing ...
[2020-02-20T00:44:15,154][INFO ][o.e.e.NodeEnvironment    ] [_client_] using [1] data paths, mounts [[(C:)]], net usable_space [231.5gb], net total_space [334gb], spins? [unknown], types [NTFS]
[2020-02-20T00:44:15,163][INFO ][o.e.e.NodeEnvironment    ] [_client_] heap size [1.9gb], compressed ordinary object pointers [true]
[2020-02-20T00:44:15,195][INFO ][o.e.n.Node               ] [_client_] node name [_client_], node ID [mbL7MvJQQKeuxArxGOMoeA]
[2020-02-20T00:44:15,204][INFO ][o.e.n.Node               ] [_client_] version[5.6.16], pid[15064], build[3a740d1/2019-03-13T15:33:36.565Z], OS[Windows 10/10.0/amd64], JVM[Oracle Corporation/Java HotSpot(TM) 64-Bit Server VM/1.8.0_221/25.221-b11]
[2020-02-20T00:44:15,210][INFO ][o.e.n.Node               ] [_client_] JVM arguments [-Xms2g, -Xmx2g, -XX:+UseConcMarkSweepGC, -XX:CMSInitiatingOccupancyFraction=75, -XX:+UseCMSInitiatingOccupancyOnly, -XX:+AlwaysPreTouch, -Xss1m, -Djava.awt.headless=true, -Dfile.encoding=UTF-8, -Djna.nosys=true, -Djdk.io.permissionsUseCanonicalPath=true, -Dio.netty.noUnsafe=true, -Dio.netty.noKeySetOptimization=true, -Dio.netty.recycler.maxCapacityPerThread=0, -Dlog4j.shutdownHookEnabled=false, -Dlog4j2.disable.jmx=true, -Dlog4j.skipJansi=true, -XX:+HeapDumpOnOutOfMemoryError, -Delasticsearch, -Des.path.home=C:\Users\Alexandar\Documents\MASTER\1_semestar\UDD\elasticsearch-5.6.16]
[2020-02-20T00:44:24,923][INFO ][o.e.p.PluginsService     ] [_client_] loaded module [aggs-matrix-stats]
[2020-02-20T00:44:24,924][INFO ][o.e.p.PluginsService     ] [_client_] loaded module [ingest-common]
[2020-02-20T00:44:24,926][INFO ][o.e.p.PluginsService     ] [_client_] loaded module [lang-expression]
[2020-02-20T00:44:24,928][INFO ][o.e.p.PluginsService     ] [_client_] loaded module [lang-groovy]
[2020-02-20T00:44:24,929][INFO ][o.e.p.PluginsService     ] [_client_] loaded module [lang-mustache]
[2020-02-20T00:44:24,929][INFO ][o.e.p.PluginsService     ] [_client_] loaded module [lang-painless]
[2020-02-20T00:44:24,930][INFO ][o.e.p.PluginsService     ] [_client_] loaded module [parent-join]
[2020-02-20T00:44:24,931][INFO ][o.e.p.PluginsService     ] [_client_] loaded module [percolator]
[2020-02-20T00:44:24,932][INFO ][o.e.p.PluginsService     ] [_client_] loaded module [reindex]
[2020-02-20T00:44:24,932][INFO ][o.e.p.PluginsService     ] [_client_] loaded module [transport-netty3]
[2020-02-20T00:44:24,933][INFO ][o.e.p.PluginsService     ] [_client_] loaded module [transport-netty4]
[2020-02-20T00:44:24,934][INFO ][o.e.p.PluginsService     ] [_client_] loaded plugin [serbian-plugin]
[2020-02-20T00:44:32,523][INFO ][o.e.d.DiscoveryModule    ] [_client_] using discovery type [zen]
[2020-02-20T00:44:34,061][INFO ][o.e.n.Node               ] [_client_] initialized
[2020-02-20T00:44:34,062][INFO ][o.e.n.Node               ] [_client_] starting ...
[2020-02-20T00:44:40,038][INFO ][o.e.t.TransportService   ] [_client_] publish_address {127.0.0.1:9300}, bound_addresses {127.0.0.1:9300}, {[::1]:9300}
[2020-02-20T00:44:43,390][INFO ][o.e.c.s.ClusterService   ] [_client_] new_master {_client_}{mbL7MvJQQKeuxArxGOMoeA}{WWMneYXHQKuquG2L6W4SHQ}{127.0.0.1}{127.0.0.1:9300}, reason: zen-disco-elected-as-master ([0] nodes joined)
[2020-02-20T00:44:43,486][INFO ][o.e.g.GatewayService     ] [_client_] recovered [0] indices into cluster_state
[2020-02-20T00:44:47,963][INFO ][o.e.h.n.Netty4HttpServerTransport] [_client_] publish_address {127.0.0.1:9200}, bound_addresses {127.0.0.1:9200}, {[::1]:9200}
[2020-02-20T00:44:47,963][INFO ][o.e.n.Node               ] [_client_] started
[2020-02-20T00:45:40,352][INFO ][o.e.c.m.MetaDataCreateIndexService] [_client_] [libraryserbian] creating index, cause [auto(bulk api)], templates [], shards [5]/[1], mappings []
[2020-02-20T00:45:44,534][INFO ][o.e.c.m.MetaDataMappingService] [_client_] [libraryserbian/blDc8osvQCG5e9l4MhfewQ] create_mapping [radovi]
[2020-02-20T00:45:52,955][INFO ][o.e.m.j.JvmGcMonitorService] [_client_] [gc][76] overhead, spent [294ms] collecting in the last [1s]
[2020-02-20T00:53:04,660][DEBUG][o.e.a.a.i.m.p.TransportPutMappingAction] [_client_] failed to put mappings on indices [[[libraryserbian/blDc8osvQCG5e9l4MhfewQ]]], type [radovi]
java.lang.IllegalArgumentException: Mapper for [kljucniPojmovi] conflicts with existing mapping in other types:
[mapper [kljucniPojmovi] has different [store] values, mapper [kljucniPojmovi] has different [analyzer]]
	at org.elasticsearch.index.mapper.FieldTypeLookup.checkCompatibility(FieldTypeLookup.java:130) ~[elasticsearch-5.6.16.jar:5.6.16]
	at org.elasticsearch.index.mapper.FieldTypeLookup.copyAndAddAll(FieldTypeLookup.java:94) ~[elasticsearch-5.6.16.jar:5.6.16]
	at org.elasticsearch.index.mapper.MapperService.internalMerge(MapperService.java:400) ~[elasticsearch-5.6.16.jar:5.6.16]
	at org.elasticsearch.index.mapper.MapperService.internalMerge(MapperService.java:336) ~[elasticsearch-5.6.16.jar:5.6.16]
	at org.elasticsearch.index.mapper.MapperService.merge(MapperService.java:268) ~[elasticsearch-5.6.16.jar:5.6.16]
	at org.elasticsearch.cluster.metadata.MetaDataMappingService$PutMappingExecutor.applyRequest(MetaDataMappingService.java:311) ~[elasticsearch-5.6.16.jar:5.6.16]
	at org.elasticsearch.cluster.metadata.MetaDataMappingService$PutMappingExecutor.execute(MetaDataMappingService.java:230) ~[elasticsearch-5.6.16.jar:5.6.16]
	at org.elasticsearch.cluster.service.ClusterService.executeTasks(ClusterService.java:634) ~[elasticsearch-5.6.16.jar:5.6.16]
	at org.elasticsearch.cluster.service.ClusterService.calculateTaskOutputs(ClusterService.java:612) ~[elasticsearch-5.6.16.jar:5.6.16]
	at org.elasticsearch.cluster.service.ClusterService.runTasks(ClusterService.java:571) [elasticsearch-5.6.16.jar:5.6.16]
	at org.elasticsearch.cluster.service.ClusterService$ClusterServiceTaskBatcher.run(ClusterService.java:263) [elasticsearch-5.6.16.jar:5.6.16]
	at org.elasticsearch.cluster.service.TaskBatcher.runIfNotProcessed(TaskBatcher.java:150) [elasticsearch-5.6.16.jar:5.6.16]
	at org.elasticsearch.cluster.service.TaskBatcher$BatchedTask.run(TaskBatcher.java:188) [elasticsearch-5.6.16.jar:5.6.16]
	at org.elasticsearch.common.util.concurrent.ThreadContext$ContextPreservingRunnable.run(ThreadContext.java:576) [elasticsearch-5.6.16.jar:5.6.16]
	at org.elasticsearch.common.util.concurrent.PrioritizedEsThreadPoolExecutor$TieBreakingPrioritizedRunnable.runAndClean(PrioritizedEsThreadPoolExecutor.java:247) [elasticsearch-5.6.16.jar:5.6.16]
	at org.elasticsearch.common.util.concurrent.PrioritizedEsThreadPoolExecutor$TieBreakingPrioritizedRunnable.run(PrioritizedEsThreadPoolExecutor.java:210) [elasticsearch-5.6.16.jar:5.6.16]
	at java.util.concurrent.ThreadPoolExecutor.runWorker(ThreadPoolExecutor.java:1149) [?:1.8.0_221]
	at java.util.concurrent.ThreadPoolExecutor$Worker.run(ThreadPoolExecutor.java:624) [?:1.8.0_221]
	at java.lang.Thread.run(Thread.java:748) [?:1.8.0_221]
[2020-02-20T00:53:26,405][INFO ][o.e.n.Node               ] [_client_] stopping ...
[2020-02-20T00:53:26,452][INFO ][o.e.n.Node               ] [_client_] stopped
[2020-02-20T00:53:26,453][INFO ][o.e.n.Node               ] [_client_] closing ...
[2020-02-20T00:53:26,488][INFO ][o.e.n.Node               ] [_client_] closed
[2020-02-20T00:53:49,531][INFO ][o.e.n.Node               ] [_client_] initializing ...
[2020-02-20T00:53:51,107][INFO ][o.e.e.NodeEnvironment    ] [_client_] using [1] data paths, mounts [[(C:)]], net usable_space [231.5gb], net total_space [334gb], spins? [unknown], types [NTFS]
[2020-02-20T00:53:51,118][INFO ][o.e.e.NodeEnvironment    ] [_client_] heap size [1.9gb], compressed ordinary object pointers [true]
[2020-02-20T00:53:51,143][INFO ][o.e.n.Node               ] [_client_] node name [_client_], node ID [iRRyZqKuQoyXc2K56Pdk8g]
[2020-02-20T00:53:51,144][INFO ][o.e.n.Node               ] [_client_] version[5.6.16], pid[15304], build[3a740d1/2019-03-13T15:33:36.565Z], OS[Windows 10/10.0/amd64], JVM[Oracle Corporation/Java HotSpot(TM) 64-Bit Server VM/1.8.0_221/25.221-b11]
[2020-02-20T00:53:51,146][INFO ][o.e.n.Node               ] [_client_] JVM arguments [-Xms2g, -Xmx2g, -XX:+UseConcMarkSweepGC, -XX:CMSInitiatingOccupancyFraction=75, -XX:+UseCMSInitiatingOccupancyOnly, -XX:+AlwaysPreTouch, -Xss1m, -Djava.awt.headless=true, -Dfile.encoding=UTF-8, -Djna.nosys=true, -Djdk.io.permissionsUseCanonicalPath=true, -Dio.netty.noUnsafe=true, -Dio.netty.noKeySetOptimization=true, -Dio.netty.recycler.maxCapacityPerThread=0, -Dlog4j.shutdownHookEnabled=false, -Dlog4j2.disable.jmx=true, -Dlog4j.skipJansi=true, -XX:+HeapDumpOnOutOfMemoryError, -Delasticsearch, -Des.path.home=C:\Users\Alexandar\Documents\MASTER\1_semestar\UDD\elasticsearch-5.6.16]
[2020-02-20T00:53:57,269][INFO ][o.e.p.PluginsService     ] [_client_] loaded module [aggs-matrix-stats]
[2020-02-20T00:53:57,271][INFO ][o.e.p.PluginsService     ] [_client_] loaded module [ingest-common]
[2020-02-20T00:53:57,274][INFO ][o.e.p.PluginsService     ] [_client_] loaded module [lang-expression]
[2020-02-20T00:53:57,276][INFO ][o.e.p.PluginsService     ] [_client_] loaded module [lang-groovy]
[2020-02-20T00:53:57,278][INFO ][o.e.p.PluginsService     ] [_client_] loaded module [lang-mustache]
[2020-02-20T00:53:57,279][INFO ][o.e.p.PluginsService     ] [_client_] loaded module [lang-painless]
[2020-02-20T00:53:57,280][INFO ][o.e.p.PluginsService     ] [_client_] loaded module [parent-join]
[2020-02-20T00:53:57,284][INFO ][o.e.p.PluginsService     ] [_client_] loaded module [percolator]
[2020-02-20T00:53:57,285][INFO ][o.e.p.PluginsService     ] [_client_] loaded module [reindex]
[2020-02-20T00:53:57,287][INFO ][o.e.p.PluginsService     ] [_client_] loaded module [transport-netty3]
[2020-02-20T00:53:57,288][INFO ][o.e.p.PluginsService     ] [_client_] loaded module [transport-netty4]
[2020-02-20T00:53:57,290][INFO ][o.e.p.PluginsService     ] [_client_] loaded plugin [serbian-plugin]
[2020-02-20T00:54:04,553][INFO ][o.e.d.DiscoveryModule    ] [_client_] using discovery type [zen]
[2020-02-20T00:54:06,116][INFO ][o.e.n.Node               ] [_client_] initialized
[2020-02-20T00:54:06,118][INFO ][o.e.n.Node               ] [_client_] starting ...
[2020-02-20T00:54:10,538][INFO ][o.e.t.TransportService   ] [_client_] publish_address {127.0.0.1:9300}, bound_addresses {127.0.0.1:9300}, {[::1]:9300}
[2020-02-20T00:54:13,684][INFO ][o.e.c.s.ClusterService   ] [_client_] new_master {_client_}{iRRyZqKuQoyXc2K56Pdk8g}{w-jGv44MTiaJ3-esALE0Uw}{127.0.0.1}{127.0.0.1:9300}, reason: zen-disco-elected-as-master ([0] nodes joined)
[2020-02-20T00:54:13,787][INFO ][o.e.g.GatewayService     ] [_client_] recovered [0] indices into cluster_state
[2020-02-20T00:54:15,112][INFO ][o.e.c.m.MetaDataCreateIndexService] [_client_] [libraryserbian] creating index, cause [api], templates [], shards [1]/[0], mappings []
[2020-02-20T00:54:15,935][INFO ][o.e.c.r.a.AllocationService] [_client_] Cluster health status changed from [YELLOW] to [GREEN] (reason: [shards started [[libraryserbian][0]] ...]).
[2020-02-20T00:54:16,359][INFO ][o.e.c.m.MetaDataMappingService] [_client_] [libraryserbian/lyckdc06RAWD8Ox3TiM44Q] create_mapping [radovi]
[2020-02-20T00:54:16,542][INFO ][o.e.h.n.Netty4HttpServerTransport] [_client_] publish_address {127.0.0.1:9200}, bound_addresses {127.0.0.1:9200}, {[::1]:9200}
[2020-02-20T00:54:16,547][INFO ][o.e.n.Node               ] [_client_] started
[2020-02-20T01:29:34,472][INFO ][o.e.n.Node               ] [_client_] stopping ...
[2020-02-20T01:29:34,535][INFO ][o.e.n.Node               ] [_client_] stopped
[2020-02-20T01:29:34,536][INFO ][o.e.n.Node               ] [_client_] closing ...
[2020-02-20T01:29:34,560][INFO ][o.e.n.Node               ] [_client_] closed
[2020-02-20T01:30:59,209][INFO ][o.e.n.Node               ] [_client_] initializing ...
[2020-02-20T01:31:01,109][INFO ][o.e.e.NodeEnvironment    ] [_client_] using [1] data paths, mounts [[(C:)]], net usable_space [231.5gb], net total_space [334gb], spins? [unknown], types [NTFS]
[2020-02-20T01:31:01,111][INFO ][o.e.e.NodeEnvironment    ] [_client_] heap size [1.9gb], compressed ordinary object pointers [true]
[2020-02-20T01:31:01,128][INFO ][o.e.n.Node               ] [_client_] node name [_client_], node ID [qA-XCEmkSRSvozbz-aHWUQ]
[2020-02-20T01:31:01,130][INFO ][o.e.n.Node               ] [_client_] version[5.6.16], pid[1744], build[3a740d1/2019-03-13T15:33:36.565Z], OS[Windows 10/10.0/amd64], JVM[Oracle Corporation/Java HotSpot(TM) 64-Bit Server VM/1.8.0_221/25.221-b11]
[2020-02-20T01:31:01,131][INFO ][o.e.n.Node               ] [_client_] JVM arguments [-Xms2g, -Xmx2g, -XX:+UseConcMarkSweepGC, -XX:CMSInitiatingOccupancyFraction=75, -XX:+UseCMSInitiatingOccupancyOnly, -XX:+AlwaysPreTouch, -Xss1m, -Djava.awt.headless=true, -Dfile.encoding=UTF-8, -Djna.nosys=true, -Djdk.io.permissionsUseCanonicalPath=true, -Dio.netty.noUnsafe=true, -Dio.netty.noKeySetOptimization=true, -Dio.netty.recycler.maxCapacityPerThread=0, -Dlog4j.shutdownHookEnabled=false, -Dlog4j2.disable.jmx=true, -Dlog4j.skipJansi=true, -XX:+HeapDumpOnOutOfMemoryError, -Delasticsearch, -Des.path.home=C:\Users\Alexandar\Documents\MASTER\1_semestar\UDD\elasticsearch-5.6.16]
[2020-02-20T01:31:08,419][INFO ][o.e.p.PluginsService     ] [_client_] loaded module [aggs-matrix-stats]
[2020-02-20T01:31:08,419][INFO ][o.e.p.PluginsService     ] [_client_] loaded module [ingest-common]
[2020-02-20T01:31:08,421][INFO ][o.e.p.PluginsService     ] [_client_] loaded module [lang-expression]
[2020-02-20T01:31:08,423][INFO ][o.e.p.PluginsService     ] [_client_] loaded module [lang-groovy]
[2020-02-20T01:31:08,424][INFO ][o.e.p.PluginsService     ] [_client_] loaded module [lang-mustache]
[2020-02-20T01:31:08,425][INFO ][o.e.p.PluginsService     ] [_client_] loaded module [lang-painless]
[2020-02-20T01:31:08,426][INFO ][o.e.p.PluginsService     ] [_client_] loaded module [parent-join]
[2020-02-20T01:31:08,428][INFO ][o.e.p.PluginsService     ] [_client_] loaded module [percolator]
[2020-02-20T01:31:08,428][INFO ][o.e.p.PluginsService     ] [_client_] loaded module [reindex]
[2020-02-20T01:31:08,429][INFO ][o.e.p.PluginsService     ] [_client_] loaded module [transport-netty3]
[2020-02-20T01:31:08,432][INFO ][o.e.p.PluginsService     ] [_client_] loaded module [transport-netty4]
[2020-02-20T01:31:08,435][INFO ][o.e.p.PluginsService     ] [_client_] loaded plugin [serbian-plugin]
[2020-02-20T01:31:16,323][INFO ][o.e.d.DiscoveryModule    ] [_client_] using discovery type [zen]
[2020-02-20T01:31:17,562][INFO ][o.e.n.Node               ] [_client_] initialized
[2020-02-20T01:31:17,562][INFO ][o.e.n.Node               ] [_client_] starting ...
[2020-02-20T01:31:22,723][INFO ][o.e.t.TransportService   ] [_client_] publish_address {127.0.0.1:9300}, bound_addresses {127.0.0.1:9300}, {[::1]:9300}
[2020-02-20T01:31:26,116][INFO ][o.e.c.s.ClusterService   ] [_client_] new_master {_client_}{qA-XCEmkSRSvozbz-aHWUQ}{z_HVeFC-Q0CMtflb1KSKng}{127.0.0.1}{127.0.0.1:9300}, reason: zen-disco-elected-as-master ([0] nodes joined)
[2020-02-20T01:31:26,417][INFO ][o.e.g.GatewayService     ] [_client_] recovered [0] indices into cluster_state
[2020-02-20T01:31:30,629][INFO ][o.e.h.n.Netty4HttpServerTransport] [_client_] publish_address {127.0.0.1:9200}, bound_addresses {127.0.0.1:9200}, {[::1]:9200}
[2020-02-20T01:31:30,642][INFO ][o.e.n.Node               ] [_client_] started
[2020-02-20T01:52:09,768][INFO ][o.e.c.m.MetaDataCreateIndexService] [_client_] [libraryserbian] creating index, cause [auto(bulk api)], templates [], shards [5]/[1], mappings []
[2020-02-20T01:52:11,116][INFO ][o.e.c.m.MetaDataMappingService] [_client_] [libraryserbian/rbNoYfFrQX2ExRojQM6gsA] create_mapping [radovi]
[2020-02-20T01:59:12,114][INFO ][o.e.n.Node               ] [_client_] stopping ...
[2020-02-20T01:59:12,196][INFO ][o.e.n.Node               ] [_client_] stopped
[2020-02-20T01:59:12,200][INFO ][o.e.n.Node               ] [_client_] closing ...
[2020-02-20T01:59:12,229][INFO ][o.e.n.Node               ] [_client_] closed
[2020-02-20T02:00:25,519][INFO ][o.e.n.Node               ] [_client_] initializing ...
[2020-02-20T02:00:27,324][INFO ][o.e.e.NodeEnvironment    ] [_client_] using [1] data paths, mounts [[(C:)]], net usable_space [231.4gb], net total_space [334gb], spins? [unknown], types [NTFS]
[2020-02-20T02:00:27,327][INFO ][o.e.e.NodeEnvironment    ] [_client_] heap size [1.9gb], compressed ordinary object pointers [true]
[2020-02-20T02:00:27,359][INFO ][o.e.n.Node               ] [_client_] node name [_client_], node ID [pNlyY-b4Qc-7a-38UV3dDQ]
[2020-02-20T02:00:27,360][INFO ][o.e.n.Node               ] [_client_] version[5.6.16], pid[14684], build[3a740d1/2019-03-13T15:33:36.565Z], OS[Windows 10/10.0/amd64], JVM[Oracle Corporation/Java HotSpot(TM) 64-Bit Server VM/1.8.0_221/25.221-b11]
[2020-02-20T02:00:27,364][INFO ][o.e.n.Node               ] [_client_] JVM arguments [-Xms2g, -Xmx2g, -XX:+UseConcMarkSweepGC, -XX:CMSInitiatingOccupancyFraction=75, -XX:+UseCMSInitiatingOccupancyOnly, -XX:+AlwaysPreTouch, -Xss1m, -Djava.awt.headless=true, -Dfile.encoding=UTF-8, -Djna.nosys=true, -Djdk.io.permissionsUseCanonicalPath=true, -Dio.netty.noUnsafe=true, -Dio.netty.noKeySetOptimization=true, -Dio.netty.recycler.maxCapacityPerThread=0, -Dlog4j.shutdownHookEnabled=false, -Dlog4j2.disable.jmx=true, -Dlog4j.skipJansi=true, -XX:+HeapDumpOnOutOfMemoryError, -Delasticsearch, -Des.path.home=C:\Users\Alexandar\Documents\MASTER\1_semestar\UDD\elasticsearch-5.6.16]
[2020-02-20T02:00:34,467][INFO ][o.e.p.PluginsService     ] [_client_] loaded module [aggs-matrix-stats]
[2020-02-20T02:00:34,476][INFO ][o.e.p.PluginsService     ] [_client_] loaded module [ingest-common]
[2020-02-20T02:00:34,479][INFO ][o.e.p.PluginsService     ] [_client_] loaded module [lang-expression]
[2020-02-20T02:00:34,486][INFO ][o.e.p.PluginsService     ] [_client_] loaded module [lang-groovy]
[2020-02-20T02:00:34,488][INFO ][o.e.p.PluginsService     ] [_client_] loaded module [lang-mustache]
[2020-02-20T02:00:34,515][INFO ][o.e.p.PluginsService     ] [_client_] loaded module [lang-painless]
[2020-02-20T02:00:34,528][INFO ][o.e.p.PluginsService     ] [_client_] loaded module [parent-join]
[2020-02-20T02:00:34,543][INFO ][o.e.p.PluginsService     ] [_client_] loaded module [percolator]
[2020-02-20T02:00:34,555][INFO ][o.e.p.PluginsService     ] [_client_] loaded module [reindex]
[2020-02-20T02:00:34,559][INFO ][o.e.p.PluginsService     ] [_client_] loaded module [transport-netty3]
[2020-02-20T02:00:34,564][INFO ][o.e.p.PluginsService     ] [_client_] loaded module [transport-netty4]
[2020-02-20T02:00:34,581][INFO ][o.e.p.PluginsService     ] [_client_] loaded plugin [serbian-plugin]
[2020-02-20T02:00:44,213][INFO ][o.e.d.DiscoveryModule    ] [_client_] using discovery type [zen]
[2020-02-20T02:00:46,164][INFO ][o.e.n.Node               ] [_client_] initialized
[2020-02-20T02:00:46,196][INFO ][o.e.n.Node               ] [_client_] starting ...
[2020-02-20T02:00:52,089][INFO ][o.e.t.TransportService   ] [_client_] publish_address {127.0.0.1:9300}, bound_addresses {127.0.0.1:9300}, {[::1]:9300}
[2020-02-20T02:00:55,479][INFO ][o.e.c.s.ClusterService   ] [_client_] new_master {_client_}{pNlyY-b4Qc-7a-38UV3dDQ}{rBKXWWhaTJy-PhUuDodJsw}{127.0.0.1}{127.0.0.1:9300}, reason: zen-disco-elected-as-master ([0] nodes joined)
[2020-02-20T02:00:55,569][INFO ][o.e.g.GatewayService     ] [_client_] recovered [0] indices into cluster_state
[2020-02-20T02:00:58,001][INFO ][o.e.h.n.Netty4HttpServerTransport] [_client_] publish_address {127.0.0.1:9200}, bound_addresses {127.0.0.1:9200}, {[::1]:9200}
[2020-02-20T02:00:58,005][INFO ][o.e.n.Node               ] [_client_] started
[2020-02-20T02:02:18,867][INFO ][o.e.c.m.MetaDataCreateIndexService] [_client_] [libraryserbian] creating index, cause [auto(bulk api)], templates [], shards [5]/[1], mappings []
[2020-02-20T02:02:22,603][INFO ][o.e.c.m.MetaDataMappingService] [_client_] [libraryserbian/-B08pLqKSRm6obvNVE-JpA] create_mapping [radovi]
[2020-02-20T03:00:03,986][INFO ][o.e.n.Node               ] [_client_] stopping ...
[2020-02-20T03:00:04,079][INFO ][o.e.n.Node               ] [_client_] stopped
[2020-02-20T03:00:04,079][INFO ][o.e.n.Node               ] [_client_] closing ...
[2020-02-20T03:00:04,111][INFO ][o.e.n.Node               ] [_client_] closed
[2020-02-20T16:15:51,388][INFO ][o.e.n.Node               ] [_client_] initializing ...
[2020-02-20T16:15:52,153][INFO ][o.e.e.NodeEnvironment    ] [_client_] using [1] data paths, mounts [[(C:)]], net usable_space [236.2gb], net total_space [334gb], spins? [unknown], types [NTFS]
[2020-02-20T16:15:52,153][INFO ][o.e.e.NodeEnvironment    ] [_client_] heap size [1.9gb], compressed ordinary object pointers [true]
[2020-02-20T16:15:52,168][INFO ][o.e.n.Node               ] [_client_] node name [_client_], node ID [ew2mbjUzTXmbC1AwxY101w]
[2020-02-20T16:15:52,168][INFO ][o.e.n.Node               ] [_client_] version[5.6.16], pid[924], build[3a740d1/2019-03-13T15:33:36.565Z], OS[Windows 10/10.0/amd64], JVM[Oracle Corporation/Java HotSpot(TM) 64-Bit Server VM/1.8.0_221/25.221-b11]
[2020-02-20T16:15:52,168][INFO ][o.e.n.Node               ] [_client_] JVM arguments [-Xms2g, -Xmx2g, -XX:+UseConcMarkSweepGC, -XX:CMSInitiatingOccupancyFraction=75, -XX:+UseCMSInitiatingOccupancyOnly, -XX:+AlwaysPreTouch, -Xss1m, -Djava.awt.headless=true, -Dfile.encoding=UTF-8, -Djna.nosys=true, -Djdk.io.permissionsUseCanonicalPath=true, -Dio.netty.noUnsafe=true, -Dio.netty.noKeySetOptimization=true, -Dio.netty.recycler.maxCapacityPerThread=0, -Dlog4j.shutdownHookEnabled=false, -Dlog4j2.disable.jmx=true, -Dlog4j.skipJansi=true, -XX:+HeapDumpOnOutOfMemoryError, -Delasticsearch, -Des.path.home=C:\Users\Alexandar\Documents\MASTER\1_semestar\UDD\elasticsearch-5.6.16]
[2020-02-20T16:15:56,122][INFO ][o.e.p.PluginsService     ] [_client_] loaded module [aggs-matrix-stats]
[2020-02-20T16:15:56,123][INFO ][o.e.p.PluginsService     ] [_client_] loaded module [ingest-common]
[2020-02-20T16:15:56,123][INFO ][o.e.p.PluginsService     ] [_client_] loaded module [lang-expression]
[2020-02-20T16:15:56,124][INFO ][o.e.p.PluginsService     ] [_client_] loaded module [lang-groovy]
[2020-02-20T16:15:56,125][INFO ][o.e.p.PluginsService     ] [_client_] loaded module [lang-mustache]
[2020-02-20T16:15:56,125][INFO ][o.e.p.PluginsService     ] [_client_] loaded module [lang-painless]
[2020-02-20T16:15:56,125][INFO ][o.e.p.PluginsService     ] [_client_] loaded module [parent-join]
[2020-02-20T16:15:56,126][INFO ][o.e.p.PluginsService     ] [_client_] loaded module [percolator]
[2020-02-20T16:15:56,127][INFO ][o.e.p.PluginsService     ] [_client_] loaded module [reindex]
[2020-02-20T16:15:56,128][INFO ][o.e.p.PluginsService     ] [_client_] loaded module [transport-netty3]
[2020-02-20T16:15:56,128][INFO ][o.e.p.PluginsService     ] [_client_] loaded module [transport-netty4]
[2020-02-20T16:15:56,130][INFO ][o.e.p.PluginsService     ] [_client_] loaded plugin [serbian-plugin]
[2020-02-20T16:16:00,069][INFO ][o.e.d.DiscoveryModule    ] [_client_] using discovery type [zen]
[2020-02-20T16:16:01,115][INFO ][o.e.n.Node               ] [_client_] initialized
[2020-02-20T16:16:01,115][INFO ][o.e.n.Node               ] [_client_] starting ...
[2020-02-20T16:16:05,006][INFO ][o.e.t.TransportService   ] [_client_] publish_address {127.0.0.1:9300}, bound_addresses {127.0.0.1:9300}, {[::1]:9300}
[2020-02-20T16:16:08,191][INFO ][o.e.c.s.ClusterService   ] [_client_] new_master {_client_}{ew2mbjUzTXmbC1AwxY101w}{yzbqM6ElTEuBrzyrFQDYig}{127.0.0.1}{127.0.0.1:9300}, reason: zen-disco-elected-as-master ([0] nodes joined)
[2020-02-20T16:16:08,294][INFO ][o.e.g.GatewayService     ] [_client_] recovered [0] indices into cluster_state
[2020-02-20T16:16:10,929][INFO ][o.e.h.n.Netty4HttpServerTransport] [_client_] publish_address {127.0.0.1:9200}, bound_addresses {127.0.0.1:9200}, {[::1]:9200}
[2020-02-20T16:16:10,930][INFO ][o.e.n.Node               ] [_client_] started
[2020-02-20T16:17:11,706][INFO ][o.e.c.m.MetaDataCreateIndexService] [_client_] [libraryserbian] creating index, cause [auto(bulk api)], templates [], shards [5]/[1], mappings []
[2020-02-20T16:17:12,402][INFO ][o.e.c.m.MetaDataMappingService] [_client_] [libraryserbian/fDR4D0BTTCKWa30mvfL0KQ] create_mapping [radovi]
[2020-02-20T16:21:59,728][INFO ][o.e.n.Node               ] [_client_] stopping ...
[2020-02-20T16:22:00,113][INFO ][o.e.n.Node               ] [_client_] stopped
[2020-02-20T16:22:00,121][INFO ][o.e.n.Node               ] [_client_] closing ...
[2020-02-20T16:22:00,143][INFO ][o.e.n.Node               ] [_client_] closed
[2020-02-20T16:22:24,762][INFO ][o.e.n.Node               ] [_client_] initializing ...
[2020-02-20T16:22:25,609][INFO ][o.e.e.NodeEnvironment    ] [_client_] using [1] data paths, mounts [[(C:)]], net usable_space [236.2gb], net total_space [334gb], spins? [unknown], types [NTFS]
[2020-02-20T16:22:25,610][INFO ][o.e.e.NodeEnvironment    ] [_client_] heap size [1.9gb], compressed ordinary object pointers [true]
[2020-02-20T16:22:25,619][INFO ][o.e.n.Node               ] [_client_] node name [_client_], node ID [w2PNkyK5TzKz9jSJN16OOQ]
[2020-02-20T16:22:25,620][INFO ][o.e.n.Node               ] [_client_] version[5.6.16], pid[15120], build[3a740d1/2019-03-13T15:33:36.565Z], OS[Windows 10/10.0/amd64], JVM[Oracle Corporation/Java HotSpot(TM) 64-Bit Server VM/1.8.0_221/25.221-b11]
[2020-02-20T16:22:25,621][INFO ][o.e.n.Node               ] [_client_] JVM arguments [-Xms2g, -Xmx2g, -XX:+UseConcMarkSweepGC, -XX:CMSInitiatingOccupancyFraction=75, -XX:+UseCMSInitiatingOccupancyOnly, -XX:+AlwaysPreTouch, -Xss1m, -Djava.awt.headless=true, -Dfile.encoding=UTF-8, -Djna.nosys=true, -Djdk.io.permissionsUseCanonicalPath=true, -Dio.netty.noUnsafe=true, -Dio.netty.noKeySetOptimization=true, -Dio.netty.recycler.maxCapacityPerThread=0, -Dlog4j.shutdownHookEnabled=false, -Dlog4j2.disable.jmx=true, -Dlog4j.skipJansi=true, -XX:+HeapDumpOnOutOfMemoryError, -Delasticsearch, -Des.path.home=C:\Users\Alexandar\Documents\MASTER\1_semestar\UDD\elasticsearch-5.6.16]
[2020-02-20T16:22:27,870][INFO ][o.e.p.PluginsService     ] [_client_] loaded module [aggs-matrix-stats]
[2020-02-20T16:22:27,889][INFO ][o.e.p.PluginsService     ] [_client_] loaded module [ingest-common]
[2020-02-20T16:22:27,889][INFO ][o.e.p.PluginsService     ] [_client_] loaded module [lang-expression]
[2020-02-20T16:22:27,889][INFO ][o.e.p.PluginsService     ] [_client_] loaded module [lang-groovy]
[2020-02-20T16:22:27,905][INFO ][o.e.p.PluginsService     ] [_client_] loaded module [lang-mustache]
[2020-02-20T16:22:27,905][INFO ][o.e.p.PluginsService     ] [_client_] loaded module [lang-painless]
[2020-02-20T16:22:27,920][INFO ][o.e.p.PluginsService     ] [_client_] loaded module [parent-join]
[2020-02-20T16:22:27,920][INFO ][o.e.p.PluginsService     ] [_client_] loaded module [percolator]
[2020-02-20T16:22:27,920][INFO ][o.e.p.PluginsService     ] [_client_] loaded module [reindex]
[2020-02-20T16:22:27,920][INFO ][o.e.p.PluginsService     ] [_client_] loaded module [transport-netty3]
[2020-02-20T16:22:27,920][INFO ][o.e.p.PluginsService     ] [_client_] loaded module [transport-netty4]
[2020-02-20T16:22:27,920][INFO ][o.e.p.PluginsService     ] [_client_] loaded plugin [serbian-plugin]
[2020-02-20T16:22:33,442][INFO ][o.e.d.DiscoveryModule    ] [_client_] using discovery type [zen]
[2020-02-20T16:22:34,591][INFO ][o.e.n.Node               ] [_client_] initialized
[2020-02-20T16:22:34,591][INFO ][o.e.n.Node               ] [_client_] starting ...
[2020-02-20T16:22:38,126][INFO ][o.e.t.TransportService   ] [_client_] publish_address {127.0.0.1:9300}, bound_addresses {127.0.0.1:9300}, {[::1]:9300}
[2020-02-20T16:22:41,230][INFO ][o.e.c.s.ClusterService   ] [_client_] new_master {_client_}{w2PNkyK5TzKz9jSJN16OOQ}{cheMQ6OPR_6rq6KYeOuLeg}{127.0.0.1}{127.0.0.1:9300}, reason: zen-disco-elected-as-master ([0] nodes joined)
[2020-02-20T16:22:41,367][INFO ][o.e.g.GatewayService     ] [_client_] recovered [0] indices into cluster_state
[2020-02-20T16:22:45,368][INFO ][o.e.h.n.Netty4HttpServerTransport] [_client_] publish_address {127.0.0.1:9200}, bound_addresses {127.0.0.1:9200}, {[::1]:9200}
[2020-02-20T16:22:45,369][INFO ][o.e.n.Node               ] [_client_] started
[2020-02-20T16:24:11,570][INFO ][o.e.c.m.MetaDataCreateIndexService] [_client_] [libraryserbian] creating index, cause [auto(bulk api)], templates [], shards [5]/[1], mappings []
[2020-02-20T16:24:12,275][INFO ][o.e.c.m.MetaDataMappingService] [_client_] [libraryserbian/f-nwj5leSo-QHs4EPhnURA] create_mapping [radovi]
[2020-02-20T16:31:55,845][INFO ][o.e.n.Node               ] [_client_] stopping ...
[2020-02-20T16:31:55,892][INFO ][o.e.n.Node               ] [_client_] stopped
[2020-02-20T16:31:55,892][INFO ][o.e.n.Node               ] [_client_] closing ...
[2020-02-20T16:31:55,908][INFO ][o.e.n.Node               ] [_client_] closed
[2020-02-20T16:32:16,618][INFO ][o.e.n.Node               ] [_client_] initializing ...
[2020-02-20T16:32:17,384][INFO ][o.e.e.NodeEnvironment    ] [_client_] using [1] data paths, mounts [[(C:)]], net usable_space [236.2gb], net total_space [334gb], spins? [unknown], types [NTFS]
[2020-02-20T16:32:17,385][INFO ][o.e.e.NodeEnvironment    ] [_client_] heap size [1.9gb], compressed ordinary object pointers [true]
[2020-02-20T16:32:17,396][INFO ][o.e.n.Node               ] [_client_] node name [_client_], node ID [Wx5ve6maT56ZpkUQs0GjHw]
[2020-02-20T16:32:17,396][INFO ][o.e.n.Node               ] [_client_] version[5.6.16], pid[13824], build[3a740d1/2019-03-13T15:33:36.565Z], OS[Windows 10/10.0/amd64], JVM[Oracle Corporation/Java HotSpot(TM) 64-Bit Server VM/1.8.0_221/25.221-b11]
[2020-02-20T16:32:17,398][INFO ][o.e.n.Node               ] [_client_] JVM arguments [-Xms2g, -Xmx2g, -XX:+UseConcMarkSweepGC, -XX:CMSInitiatingOccupancyFraction=75, -XX:+UseCMSInitiatingOccupancyOnly, -XX:+AlwaysPreTouch, -Xss1m, -Djava.awt.headless=true, -Dfile.encoding=UTF-8, -Djna.nosys=true, -Djdk.io.permissionsUseCanonicalPath=true, -Dio.netty.noUnsafe=true, -Dio.netty.noKeySetOptimization=true, -Dio.netty.recycler.maxCapacityPerThread=0, -Dlog4j.shutdownHookEnabled=false, -Dlog4j2.disable.jmx=true, -Dlog4j.skipJansi=true, -XX:+HeapDumpOnOutOfMemoryError, -Delasticsearch, -Des.path.home=C:\Users\Alexandar\Documents\MASTER\1_semestar\UDD\elasticsearch-5.6.16]
[2020-02-20T16:32:19,439][INFO ][o.e.p.PluginsService     ] [_client_] loaded module [aggs-matrix-stats]
[2020-02-20T16:32:19,440][INFO ][o.e.p.PluginsService     ] [_client_] loaded module [ingest-common]
[2020-02-20T16:32:19,443][INFO ][o.e.p.PluginsService     ] [_client_] loaded module [lang-expression]
[2020-02-20T16:32:19,444][INFO ][o.e.p.PluginsService     ] [_client_] loaded module [lang-groovy]
[2020-02-20T16:32:19,446][INFO ][o.e.p.PluginsService     ] [_client_] loaded module [lang-mustache]
[2020-02-20T16:32:19,447][INFO ][o.e.p.PluginsService     ] [_client_] loaded module [lang-painless]
[2020-02-20T16:32:19,448][INFO ][o.e.p.PluginsService     ] [_client_] loaded module [parent-join]
[2020-02-20T16:32:19,449][INFO ][o.e.p.PluginsService     ] [_client_] loaded module [percolator]
[2020-02-20T16:32:19,450][INFO ][o.e.p.PluginsService     ] [_client_] loaded module [reindex]
[2020-02-20T16:32:19,455][INFO ][o.e.p.PluginsService     ] [_client_] loaded module [transport-netty3]
[2020-02-20T16:32:19,456][INFO ][o.e.p.PluginsService     ] [_client_] loaded module [transport-netty4]
[2020-02-20T16:32:19,458][INFO ][o.e.p.PluginsService     ] [_client_] loaded plugin [serbian-plugin]
[2020-02-20T16:32:23,591][INFO ][o.e.d.DiscoveryModule    ] [_client_] using discovery type [zen]
[2020-02-20T16:32:24,721][INFO ][o.e.n.Node               ] [_client_] initialized
[2020-02-20T16:32:24,721][INFO ][o.e.n.Node               ] [_client_] starting ...
[2020-02-20T16:32:27,976][INFO ][o.e.t.TransportService   ] [_client_] publish_address {127.0.0.1:9300}, bound_addresses {127.0.0.1:9300}, {[::1]:9300}
[2020-02-20T16:32:31,068][INFO ][o.e.c.s.ClusterService   ] [_client_] new_master {_client_}{Wx5ve6maT56ZpkUQs0GjHw}{9TqB3HpBQMSIsCkqIBkMoA}{127.0.0.1}{127.0.0.1:9300}, reason: zen-disco-elected-as-master ([0] nodes joined)
[2020-02-20T16:32:31,129][INFO ][o.e.g.GatewayService     ] [_client_] recovered [0] indices into cluster_state
[2020-02-20T16:32:33,129][INFO ][o.e.h.n.Netty4HttpServerTransport] [_client_] publish_address {127.0.0.1:9200}, bound_addresses {127.0.0.1:9200}, {[::1]:9200}
[2020-02-20T16:32:33,130][INFO ][o.e.n.Node               ] [_client_] started
[2020-02-20T16:34:04,116][INFO ][o.e.c.m.MetaDataCreateIndexService] [_client_] [libraryserbian] creating index, cause [api], templates [], shards [1]/[0], mappings []
[2020-02-20T16:34:04,412][INFO ][o.e.c.r.a.AllocationService] [_client_] Cluster health status changed from [YELLOW] to [GREEN] (reason: [shards started [[libraryserbian][0]] ...]).
[2020-02-20T16:34:04,569][INFO ][o.e.c.m.MetaDataMappingService] [_client_] [libraryserbian/EqNIjTpdQB6Ar2xZMgmM6A] create_mapping [radovi]
[2020-02-20T17:27:25,772][INFO ][o.e.n.Node               ] [_client_] stopping ...
[2020-02-20T17:27:25,849][INFO ][o.e.n.Node               ] [_client_] stopped
[2020-02-20T17:27:25,858][INFO ][o.e.n.Node               ] [_client_] closing ...
[2020-02-20T17:27:25,888][INFO ][o.e.n.Node               ] [_client_] closed
[2020-02-20T17:28:10,249][INFO ][o.e.n.Node               ] [_client_] initializing ...
[2020-02-20T17:28:11,557][INFO ][o.e.e.NodeEnvironment    ] [_client_] using [1] data paths, mounts [[(C:)]], net usable_space [236.2gb], net total_space [334gb], spins? [unknown], types [NTFS]
[2020-02-20T17:28:11,559][INFO ][o.e.e.NodeEnvironment    ] [_client_] heap size [1.9gb], compressed ordinary object pointers [true]
[2020-02-20T17:28:11,568][INFO ][o.e.n.Node               ] [_client_] node name [_client_], node ID [w6zSupp8SD-w0g2FqO_CuQ]
[2020-02-20T17:28:11,570][INFO ][o.e.n.Node               ] [_client_] version[5.6.16], pid[7696], build[3a740d1/2019-03-13T15:33:36.565Z], OS[Windows 10/10.0/amd64], JVM[Oracle Corporation/Java HotSpot(TM) 64-Bit Server VM/1.8.0_221/25.221-b11]
[2020-02-20T17:28:11,571][INFO ][o.e.n.Node               ] [_client_] JVM arguments [-Xms2g, -Xmx2g, -XX:+UseConcMarkSweepGC, -XX:CMSInitiatingOccupancyFraction=75, -XX:+UseCMSInitiatingOccupancyOnly, -XX:+AlwaysPreTouch, -Xss1m, -Djava.awt.headless=true, -Dfile.encoding=UTF-8, -Djna.nosys=true, -Djdk.io.permissionsUseCanonicalPath=true, -Dio.netty.noUnsafe=true, -Dio.netty.noKeySetOptimization=true, -Dio.netty.recycler.maxCapacityPerThread=0, -Dlog4j.shutdownHookEnabled=false, -Dlog4j2.disable.jmx=true, -Dlog4j.skipJansi=true, -XX:+HeapDumpOnOutOfMemoryError, -Delasticsearch, -Des.path.home=C:\Users\Alexandar\Documents\MASTER\1_semestar\UDD\elasticsearch-5.6.16]
[2020-02-20T17:28:16,104][INFO ][o.e.p.PluginsService     ] [_client_] loaded module [aggs-matrix-stats]
[2020-02-20T17:28:16,105][INFO ][o.e.p.PluginsService     ] [_client_] loaded module [ingest-common]
[2020-02-20T17:28:16,195][INFO ][o.e.p.PluginsService     ] [_client_] loaded module [lang-expression]
[2020-02-20T17:28:16,234][INFO ][o.e.p.PluginsService     ] [_client_] loaded module [lang-groovy]
[2020-02-20T17:28:16,271][INFO ][o.e.p.PluginsService     ] [_client_] loaded module [lang-mustache]
[2020-02-20T17:28:16,341][INFO ][o.e.p.PluginsService     ] [_client_] loaded module [lang-painless]
[2020-02-20T17:28:16,376][INFO ][o.e.p.PluginsService     ] [_client_] loaded module [parent-join]
[2020-02-20T17:28:16,429][INFO ][o.e.p.PluginsService     ] [_client_] loaded module [percolator]
[2020-02-20T17:28:16,489][INFO ][o.e.p.PluginsService     ] [_client_] loaded module [reindex]
[2020-02-20T17:28:16,502][INFO ][o.e.p.PluginsService     ] [_client_] loaded module [transport-netty3]
[2020-02-20T17:28:16,511][INFO ][o.e.p.PluginsService     ] [_client_] loaded module [transport-netty4]
[2020-02-20T17:28:16,521][INFO ][o.e.p.PluginsService     ] [_client_] loaded plugin [serbian-plugin]
[2020-02-20T17:28:23,675][INFO ][o.e.d.DiscoveryModule    ] [_client_] using discovery type [zen]
[2020-02-20T17:28:24,883][INFO ][o.e.n.Node               ] [_client_] initialized
[2020-02-20T17:28:24,884][INFO ][o.e.n.Node               ] [_client_] starting ...
[2020-02-20T17:28:34,572][INFO ][o.e.t.TransportService   ] [_client_] publish_address {127.0.0.1:9300}, bound_addresses {127.0.0.1:9300}, {[::1]:9300}
[2020-02-20T17:28:37,863][INFO ][o.e.c.s.ClusterService   ] [_client_] new_master {_client_}{w6zSupp8SD-w0g2FqO_CuQ}{MAdhjuAeTZWp9Fmwq2Au6g}{127.0.0.1}{127.0.0.1:9300}, reason: zen-disco-elected-as-master ([0] nodes joined)
[2020-02-20T17:28:37,963][INFO ][o.e.g.GatewayService     ] [_client_] recovered [0] indices into cluster_state
[2020-02-20T17:28:39,885][INFO ][o.e.h.n.Netty4HttpServerTransport] [_client_] publish_address {127.0.0.1:9200}, bound_addresses {127.0.0.1:9200}, {[::1]:9200}
[2020-02-20T17:28:39,886][INFO ][o.e.n.Node               ] [_client_] started
[2020-02-20T17:30:17,513][INFO ][o.e.c.m.MetaDataCreateIndexService] [_client_] [libraryserbian] creating index, cause [auto(bulk api)], templates [], shards [5]/[1], mappings []
[2020-02-20T17:30:18,300][INFO ][o.e.c.m.MetaDataMappingService] [_client_] [libraryserbian/wf5c7GMjT7ChhoPw-tNGqw] create_mapping [radovi]
[2020-02-20T17:41:51,398][INFO ][o.e.n.Node               ] [_client_] stopping ...
[2020-02-20T17:41:51,459][INFO ][o.e.n.Node               ] [_client_] stopped
[2020-02-20T17:41:51,463][INFO ][o.e.n.Node               ] [_client_] closing ...
[2020-02-20T17:41:51,487][INFO ][o.e.n.Node               ] [_client_] closed
[2020-02-20T17:42:52,940][INFO ][o.e.n.Node               ] [_client_] initializing ...
[2020-02-20T17:42:53,848][INFO ][o.e.e.NodeEnvironment    ] [_client_] using [1] data paths, mounts [[(C:)]], net usable_space [236.2gb], net total_space [334gb], spins? [unknown], types [NTFS]
[2020-02-20T17:42:53,849][INFO ][o.e.e.NodeEnvironment    ] [_client_] heap size [1.9gb], compressed ordinary object pointers [true]
[2020-02-20T17:42:53,860][INFO ][o.e.n.Node               ] [_client_] node name [_client_], node ID [QBnjvK5SSoG-bERwOd7W1A]
[2020-02-20T17:42:53,860][INFO ][o.e.n.Node               ] [_client_] version[5.6.16], pid[9532], build[3a740d1/2019-03-13T15:33:36.565Z], OS[Windows 10/10.0/amd64], JVM[Oracle Corporation/Java HotSpot(TM) 64-Bit Server VM/1.8.0_221/25.221-b11]
[2020-02-20T17:42:53,861][INFO ][o.e.n.Node               ] [_client_] JVM arguments [-Xms2g, -Xmx2g, -XX:+UseConcMarkSweepGC, -XX:CMSInitiatingOccupancyFraction=75, -XX:+UseCMSInitiatingOccupancyOnly, -XX:+AlwaysPreTouch, -Xss1m, -Djava.awt.headless=true, -Dfile.encoding=UTF-8, -Djna.nosys=true, -Djdk.io.permissionsUseCanonicalPath=true, -Dio.netty.noUnsafe=true, -Dio.netty.noKeySetOptimization=true, -Dio.netty.recycler.maxCapacityPerThread=0, -Dlog4j.shutdownHookEnabled=false, -Dlog4j2.disable.jmx=true, -Dlog4j.skipJansi=true, -XX:+HeapDumpOnOutOfMemoryError, -Delasticsearch, -Des.path.home=C:\Users\Alexandar\Documents\MASTER\1_semestar\UDD\elasticsearch-5.6.16]
[2020-02-20T17:42:56,540][INFO ][o.e.p.PluginsService     ] [_client_] loaded module [aggs-matrix-stats]
[2020-02-20T17:42:56,540][INFO ][o.e.p.PluginsService     ] [_client_] loaded module [ingest-common]
[2020-02-20T17:42:56,543][INFO ][o.e.p.PluginsService     ] [_client_] loaded module [lang-expression]
[2020-02-20T17:42:56,547][INFO ][o.e.p.PluginsService     ] [_client_] loaded module [lang-groovy]
[2020-02-20T17:42:56,547][INFO ][o.e.p.PluginsService     ] [_client_] loaded module [lang-mustache]
[2020-02-20T17:42:56,553][INFO ][o.e.p.PluginsService     ] [_client_] loaded module [lang-painless]
[2020-02-20T17:42:56,557][INFO ][o.e.p.PluginsService     ] [_client_] loaded module [parent-join]
[2020-02-20T17:42:56,559][INFO ][o.e.p.PluginsService     ] [_client_] loaded module [percolator]
[2020-02-20T17:42:56,560][INFO ][o.e.p.PluginsService     ] [_client_] loaded module [reindex]
[2020-02-20T17:42:56,563][INFO ][o.e.p.PluginsService     ] [_client_] loaded module [transport-netty3]
[2020-02-20T17:42:56,569][INFO ][o.e.p.PluginsService     ] [_client_] loaded module [transport-netty4]
[2020-02-20T17:42:56,572][INFO ][o.e.p.PluginsService     ] [_client_] loaded plugin [serbian-plugin]
[2020-02-20T17:43:02,065][INFO ][o.e.d.DiscoveryModule    ] [_client_] using discovery type [zen]
[2020-02-20T17:43:03,405][INFO ][o.e.n.Node               ] [_client_] initialized
[2020-02-20T17:43:03,408][INFO ][o.e.n.Node               ] [_client_] starting ...
[2020-02-20T17:43:07,251][INFO ][o.e.t.TransportService   ] [_client_] publish_address {127.0.0.1:9300}, bound_addresses {127.0.0.1:9300}, {[::1]:9300}
[2020-02-20T17:43:10,348][INFO ][o.e.c.s.ClusterService   ] [_client_] new_master {_client_}{QBnjvK5SSoG-bERwOd7W1A}{R-PoUG5tSY6OY5g8ytGpmg}{127.0.0.1}{127.0.0.1:9300}, reason: zen-disco-elected-as-master ([0] nodes joined)
[2020-02-20T17:43:10,408][INFO ][o.e.g.GatewayService     ] [_client_] recovered [0] indices into cluster_state
[2020-02-20T17:43:12,357][INFO ][o.e.h.n.Netty4HttpServerTransport] [_client_] publish_address {127.0.0.1:9200}, bound_addresses {127.0.0.1:9200}, {[::1]:9200}
[2020-02-20T17:43:12,358][INFO ][o.e.n.Node               ] [_client_] started
[2020-02-20T17:43:55,169][INFO ][o.e.c.m.MetaDataCreateIndexService] [_client_] [libraryserbian] creating index, cause [auto(bulk api)], templates [], shards [5]/[1], mappings []
[2020-02-20T17:43:56,170][INFO ][o.e.c.m.MetaDataMappingService] [_client_] [libraryserbian/ksW9GyTSQ7q5CkCOyUHkVQ] create_mapping [radovi]
[2020-02-20T17:44:44,880][INFO ][o.e.n.Node               ] [_client_] stopping ...
[2020-02-20T17:44:45,023][INFO ][o.e.n.Node               ] [_client_] stopped
[2020-02-20T17:44:45,023][INFO ][o.e.n.Node               ] [_client_] closing ...
[2020-02-20T17:44:45,047][INFO ][o.e.n.Node               ] [_client_] closed
[2020-02-20T17:45:03,622][INFO ][o.e.n.Node               ] [_client_] initializing ...
[2020-02-20T17:45:05,005][INFO ][o.e.e.NodeEnvironment    ] [_client_] using [1] data paths, mounts [[(C:)]], net usable_space [236.2gb], net total_space [334gb], spins? [unknown], types [NTFS]
[2020-02-20T17:45:05,006][INFO ][o.e.e.NodeEnvironment    ] [_client_] heap size [1.9gb], compressed ordinary object pointers [true]
[2020-02-20T17:45:05,021][INFO ][o.e.n.Node               ] [_client_] node name [_client_], node ID [AksMAjKFTGmP6B1t_2pifw]
[2020-02-20T17:45:05,021][INFO ][o.e.n.Node               ] [_client_] version[5.6.16], pid[12636], build[3a740d1/2019-03-13T15:33:36.565Z], OS[Windows 10/10.0/amd64], JVM[Oracle Corporation/Java HotSpot(TM) 64-Bit Server VM/1.8.0_221/25.221-b11]
[2020-02-20T17:45:05,022][INFO ][o.e.n.Node               ] [_client_] JVM arguments [-Xms2g, -Xmx2g, -XX:+UseConcMarkSweepGC, -XX:CMSInitiatingOccupancyFraction=75, -XX:+UseCMSInitiatingOccupancyOnly, -XX:+AlwaysPreTouch, -Xss1m, -Djava.awt.headless=true, -Dfile.encoding=UTF-8, -Djna.nosys=true, -Djdk.io.permissionsUseCanonicalPath=true, -Dio.netty.noUnsafe=true, -Dio.netty.noKeySetOptimization=true, -Dio.netty.recycler.maxCapacityPerThread=0, -Dlog4j.shutdownHookEnabled=false, -Dlog4j2.disable.jmx=true, -Dlog4j.skipJansi=true, -XX:+HeapDumpOnOutOfMemoryError, -Delasticsearch, -Des.path.home=C:\Users\Alexandar\Documents\MASTER\1_semestar\UDD\elasticsearch-5.6.16]
[2020-02-20T17:45:09,453][INFO ][o.e.p.PluginsService     ] [_client_] loaded module [aggs-matrix-stats]
[2020-02-20T17:45:09,453][INFO ][o.e.p.PluginsService     ] [_client_] loaded module [ingest-common]
[2020-02-20T17:45:09,457][INFO ][o.e.p.PluginsService     ] [_client_] loaded module [lang-expression]
[2020-02-20T17:45:09,458][INFO ][o.e.p.PluginsService     ] [_client_] loaded module [lang-groovy]
[2020-02-20T17:45:09,460][INFO ][o.e.p.PluginsService     ] [_client_] loaded module [lang-mustache]
[2020-02-20T17:45:09,461][INFO ][o.e.p.PluginsService     ] [_client_] loaded module [lang-painless]
[2020-02-20T17:45:09,464][INFO ][o.e.p.PluginsService     ] [_client_] loaded module [parent-join]
[2020-02-20T17:45:09,465][INFO ][o.e.p.PluginsService     ] [_client_] loaded module [percolator]
[2020-02-20T17:45:09,468][INFO ][o.e.p.PluginsService     ] [_client_] loaded module [reindex]
[2020-02-20T17:45:09,470][INFO ][o.e.p.PluginsService     ] [_client_] loaded module [transport-netty3]
[2020-02-20T17:45:09,471][INFO ][o.e.p.PluginsService     ] [_client_] loaded module [transport-netty4]
[2020-02-20T17:45:09,473][INFO ][o.e.p.PluginsService     ] [_client_] loaded plugin [serbian-plugin]
[2020-02-20T17:45:15,172][INFO ][o.e.d.DiscoveryModule    ] [_client_] using discovery type [zen]
[2020-02-20T17:45:16,500][INFO ][o.e.n.Node               ] [_client_] initialized
[2020-02-20T17:45:16,501][INFO ][o.e.n.Node               ] [_client_] starting ...
[2020-02-20T17:45:20,152][INFO ][o.e.t.TransportService   ] [_client_] publish_address {127.0.0.1:9300}, bound_addresses {127.0.0.1:9300}, {[::1]:9300}
[2020-02-20T17:45:23,280][INFO ][o.e.c.s.ClusterService   ] [_client_] new_master {_client_}{AksMAjKFTGmP6B1t_2pifw}{BusHIozWRty0OvcU3mqXgg}{127.0.0.1}{127.0.0.1:9300}, reason: zen-disco-elected-as-master ([0] nodes joined)
[2020-02-20T17:45:23,366][INFO ][o.e.g.GatewayService     ] [_client_] recovered [0] indices into cluster_state
[2020-02-20T17:45:25,239][INFO ][o.e.h.n.Netty4HttpServerTransport] [_client_] publish_address {127.0.0.1:9200}, bound_addresses {127.0.0.1:9200}, {[::1]:9200}
[2020-02-20T17:45:25,239][INFO ][o.e.n.Node               ] [_client_] started
[2020-02-20T17:46:31,004][INFO ][o.e.c.m.MetaDataCreateIndexService] [_client_] [libraryserbian] creating index, cause [api], templates [], shards [1]/[0], mappings []
[2020-02-20T17:46:31,511][INFO ][o.e.c.r.a.AllocationService] [_client_] Cluster health status changed from [YELLOW] to [GREEN] (reason: [shards started [[libraryserbian][0]] ...]).
[2020-02-20T17:46:31,741][INFO ][o.e.c.m.MetaDataMappingService] [_client_] [libraryserbian/Hu0sqQX8SsyLz2LMhzurMA] create_mapping [radovi]
[2020-02-20T17:48:40,507][INFO ][o.e.n.Node               ] [_client_] stopping ...
[2020-02-20T17:48:40,618][INFO ][o.e.n.Node               ] [_client_] stopped
[2020-02-20T17:48:40,619][INFO ][o.e.n.Node               ] [_client_] closing ...
[2020-02-20T17:48:40,641][INFO ][o.e.n.Node               ] [_client_] closed
[2020-02-20T17:49:14,947][INFO ][o.e.n.Node               ] [_client_] initializing ...
[2020-02-20T17:49:15,835][INFO ][o.e.e.NodeEnvironment    ] [_client_] using [1] data paths, mounts [[(C:)]], net usable_space [236.2gb], net total_space [334gb], spins? [unknown], types [NTFS]
[2020-02-20T17:49:15,837][INFO ][o.e.e.NodeEnvironment    ] [_client_] heap size [1.9gb], compressed ordinary object pointers [true]
[2020-02-20T17:49:15,849][INFO ][o.e.n.Node               ] [_client_] node name [_client_], node ID [4yoGsCE-THGIwOFzEoswWQ]
[2020-02-20T17:49:15,849][INFO ][o.e.n.Node               ] [_client_] version[5.6.16], pid[7944], build[3a740d1/2019-03-13T15:33:36.565Z], OS[Windows 10/10.0/amd64], JVM[Oracle Corporation/Java HotSpot(TM) 64-Bit Server VM/1.8.0_221/25.221-b11]
[2020-02-20T17:49:15,850][INFO ][o.e.n.Node               ] [_client_] JVM arguments [-Xms2g, -Xmx2g, -XX:+UseConcMarkSweepGC, -XX:CMSInitiatingOccupancyFraction=75, -XX:+UseCMSInitiatingOccupancyOnly, -XX:+AlwaysPreTouch, -Xss1m, -Djava.awt.headless=true, -Dfile.encoding=UTF-8, -Djna.nosys=true, -Djdk.io.permissionsUseCanonicalPath=true, -Dio.netty.noUnsafe=true, -Dio.netty.noKeySetOptimization=true, -Dio.netty.recycler.maxCapacityPerThread=0, -Dlog4j.shutdownHookEnabled=false, -Dlog4j2.disable.jmx=true, -Dlog4j.skipJansi=true, -XX:+HeapDumpOnOutOfMemoryError, -Delasticsearch, -Des.path.home=C:\Users\Alexandar\Documents\MASTER\1_semestar\UDD\elasticsearch-5.6.16]
[2020-02-20T17:49:18,496][INFO ][o.e.p.PluginsService     ] [_client_] loaded module [aggs-matrix-stats]
[2020-02-20T17:49:18,496][INFO ][o.e.p.PluginsService     ] [_client_] loaded module [ingest-common]
[2020-02-20T17:49:18,499][INFO ][o.e.p.PluginsService     ] [_client_] loaded module [lang-expression]
[2020-02-20T17:49:18,501][INFO ][o.e.p.PluginsService     ] [_client_] loaded module [lang-groovy]
[2020-02-20T17:49:18,501][INFO ][o.e.p.PluginsService     ] [_client_] loaded module [lang-mustache]
[2020-02-20T17:49:18,502][INFO ][o.e.p.PluginsService     ] [_client_] loaded module [lang-painless]
[2020-02-20T17:49:18,505][INFO ][o.e.p.PluginsService     ] [_client_] loaded module [parent-join]
[2020-02-20T17:49:18,505][INFO ][o.e.p.PluginsService     ] [_client_] loaded module [percolator]
[2020-02-20T17:49:18,509][INFO ][o.e.p.PluginsService     ] [_client_] loaded module [reindex]
[2020-02-20T17:49:18,512][INFO ][o.e.p.PluginsService     ] [_client_] loaded module [transport-netty3]
[2020-02-20T17:49:18,513][INFO ][o.e.p.PluginsService     ] [_client_] loaded module [transport-netty4]
[2020-02-20T17:49:18,516][INFO ][o.e.p.PluginsService     ] [_client_] loaded plugin [serbian-plugin]
[2020-02-20T17:49:23,980][INFO ][o.e.d.DiscoveryModule    ] [_client_] using discovery type [zen]
[2020-02-20T17:49:25,222][INFO ][o.e.n.Node               ] [_client_] initialized
[2020-02-20T17:49:25,222][INFO ][o.e.n.Node               ] [_client_] starting ...
[2020-02-20T17:49:28,894][INFO ][o.e.t.TransportService   ] [_client_] publish_address {127.0.0.1:9300}, bound_addresses {127.0.0.1:9300}, {[::1]:9300}
[2020-02-20T17:49:31,997][INFO ][o.e.c.s.ClusterService   ] [_client_] new_master {_client_}{4yoGsCE-THGIwOFzEoswWQ}{GBug2ZOISZyaQ5qiTgSTcQ}{127.0.0.1}{127.0.0.1:9300}, reason: zen-disco-elected-as-master ([0] nodes joined)
[2020-02-20T17:49:32,108][INFO ][o.e.g.GatewayService     ] [_client_] recovered [0] indices into cluster_state
[2020-02-20T17:49:34,051][INFO ][o.e.h.n.Netty4HttpServerTransport] [_client_] publish_address {127.0.0.1:9200}, bound_addresses {127.0.0.1:9200}, {[::1]:9200}
[2020-02-20T17:49:34,052][INFO ][o.e.n.Node               ] [_client_] started
[2020-02-20T17:50:15,761][INFO ][o.e.c.m.MetaDataCreateIndexService] [_client_] [libraryserbian] creating index, cause [api], templates [], shards [1]/[0], mappings []
[2020-02-20T17:50:16,103][INFO ][o.e.c.r.a.AllocationService] [_client_] Cluster health status changed from [YELLOW] to [GREEN] (reason: [shards started [[libraryserbian][0]] ...]).
[2020-02-20T17:50:16,284][INFO ][o.e.c.m.MetaDataMappingService] [_client_] [libraryserbian/3U6SxL47R8Kskej25phFXw] create_mapping [radovi]
[2020-02-20T18:18:38,794][INFO ][o.e.n.Node               ] [_client_] stopping ...
[2020-02-20T18:18:38,887][INFO ][o.e.n.Node               ] [_client_] stopped
[2020-02-20T18:18:38,894][INFO ][o.e.n.Node               ] [_client_] closing ...
[2020-02-20T18:18:38,935][INFO ][o.e.n.Node               ] [_client_] closed
[2020-02-20T18:18:57,925][INFO ][o.e.n.Node               ] [_client_] initializing ...
[2020-02-20T18:18:58,802][INFO ][o.e.e.NodeEnvironment    ] [_client_] using [1] data paths, mounts [[(C:)]], net usable_space [236.2gb], net total_space [334gb], spins? [unknown], types [NTFS]
[2020-02-20T18:18:58,803][INFO ][o.e.e.NodeEnvironment    ] [_client_] heap size [1.9gb], compressed ordinary object pointers [true]
[2020-02-20T18:18:58,815][INFO ][o.e.n.Node               ] [_client_] node name [_client_], node ID [Ei6qZVz-SeW4x5zhZqby_A]
[2020-02-20T18:18:58,816][INFO ][o.e.n.Node               ] [_client_] version[5.6.16], pid[1696], build[3a740d1/2019-03-13T15:33:36.565Z], OS[Windows 10/10.0/amd64], JVM[Oracle Corporation/Java HotSpot(TM) 64-Bit Server VM/1.8.0_221/25.221-b11]
[2020-02-20T18:18:58,818][INFO ][o.e.n.Node               ] [_client_] JVM arguments [-Xms2g, -Xmx2g, -XX:+UseConcMarkSweepGC, -XX:CMSInitiatingOccupancyFraction=75, -XX:+UseCMSInitiatingOccupancyOnly, -XX:+AlwaysPreTouch, -Xss1m, -Djava.awt.headless=true, -Dfile.encoding=UTF-8, -Djna.nosys=true, -Djdk.io.permissionsUseCanonicalPath=true, -Dio.netty.noUnsafe=true, -Dio.netty.noKeySetOptimization=true, -Dio.netty.recycler.maxCapacityPerThread=0, -Dlog4j.shutdownHookEnabled=false, -Dlog4j2.disable.jmx=true, -Dlog4j.skipJansi=true, -XX:+HeapDumpOnOutOfMemoryError, -Delasticsearch, -Des.path.home=C:\Users\Alexandar\Documents\MASTER\1_semestar\UDD\elasticsearch-5.6.16]
[2020-02-20T18:19:02,235][INFO ][o.e.p.PluginsService     ] [_client_] loaded module [aggs-matrix-stats]
[2020-02-20T18:19:02,239][INFO ][o.e.p.PluginsService     ] [_client_] loaded module [ingest-common]
[2020-02-20T18:19:02,245][INFO ][o.e.p.PluginsService     ] [_client_] loaded module [lang-expression]
[2020-02-20T18:19:02,248][INFO ][o.e.p.PluginsService     ] [_client_] loaded module [lang-groovy]
[2020-02-20T18:19:02,316][INFO ][o.e.p.PluginsService     ] [_client_] loaded module [lang-mustache]
[2020-02-20T18:19:02,322][INFO ][o.e.p.PluginsService     ] [_client_] loaded module [lang-painless]
[2020-02-20T18:19:02,359][INFO ][o.e.p.PluginsService     ] [_client_] loaded module [parent-join]
[2020-02-20T18:19:02,369][INFO ][o.e.p.PluginsService     ] [_client_] loaded module [percolator]
[2020-02-20T18:19:02,374][INFO ][o.e.p.PluginsService     ] [_client_] loaded module [reindex]
[2020-02-20T18:19:02,377][INFO ][o.e.p.PluginsService     ] [_client_] loaded module [transport-netty3]
[2020-02-20T18:19:02,379][INFO ][o.e.p.PluginsService     ] [_client_] loaded module [transport-netty4]
[2020-02-20T18:19:02,383][INFO ][o.e.p.PluginsService     ] [_client_] loaded plugin [serbian-plugin]
[2020-02-20T18:19:07,505][INFO ][o.e.d.DiscoveryModule    ] [_client_] using discovery type [zen]
[2020-02-20T18:19:08,767][INFO ][o.e.n.Node               ] [_client_] initialized
[2020-02-20T18:19:08,769][INFO ][o.e.n.Node               ] [_client_] starting ...
[2020-02-20T18:19:12,706][INFO ][o.e.t.TransportService   ] [_client_] publish_address {127.0.0.1:9300}, bound_addresses {127.0.0.1:9300}, {[::1]:9300}
[2020-02-20T18:19:15,808][INFO ][o.e.c.s.ClusterService   ] [_client_] new_master {_client_}{Ei6qZVz-SeW4x5zhZqby_A}{isfTJ6_OTpmo3TjojQnL7g}{127.0.0.1}{127.0.0.1:9300}, reason: zen-disco-elected-as-master ([0] nodes joined)
[2020-02-20T18:19:15,887][INFO ][o.e.g.GatewayService     ] [_client_] recovered [0] indices into cluster_state
[2020-02-20T18:19:17,844][INFO ][o.e.h.n.Netty4HttpServerTransport] [_client_] publish_address {127.0.0.1:9200}, bound_addresses {127.0.0.1:9200}, {[::1]:9200}
[2020-02-20T18:19:17,844][INFO ][o.e.n.Node               ] [_client_] started
[2020-02-20T18:19:51,896][INFO ][o.e.c.m.MetaDataCreateIndexService] [_client_] [libraryserbian] creating index, cause [api], templates [], shards [1]/[0], mappings []
[2020-02-20T18:19:52,922][INFO ][o.e.c.r.a.AllocationService] [_client_] Cluster health status changed from [YELLOW] to [GREEN] (reason: [shards started [[libraryserbian][0]] ...]).
[2020-02-20T18:19:53,301][INFO ][o.e.c.m.MetaDataMappingService] [_client_] [libraryserbian/ovFTrLBmQdiLnx5MY7Csew] create_mapping [radovi]
[2020-02-20T18:23:54,587][INFO ][o.e.n.Node               ] [_client_] stopping ...
[2020-02-20T18:23:54,713][INFO ][o.e.n.Node               ] [_client_] stopped
[2020-02-20T18:23:54,714][INFO ][o.e.n.Node               ] [_client_] closing ...
[2020-02-20T18:23:54,737][INFO ][o.e.n.Node               ] [_client_] closed
[2020-02-20T18:24:28,043][INFO ][o.e.n.Node               ] [_client_] initializing ...
[2020-02-20T18:24:28,985][INFO ][o.e.e.NodeEnvironment    ] [_client_] using [1] data paths, mounts [[(C:)]], net usable_space [236.2gb], net total_space [334gb], spins? [unknown], types [NTFS]
[2020-02-20T18:24:28,986][INFO ][o.e.e.NodeEnvironment    ] [_client_] heap size [1.9gb], compressed ordinary object pointers [true]
[2020-02-20T18:24:28,996][INFO ][o.e.n.Node               ] [_client_] node name [_client_], node ID [0BtCAjQUQzaVgrVUmAgOrw]
[2020-02-20T18:24:28,996][INFO ][o.e.n.Node               ] [_client_] version[5.6.16], pid[4056], build[3a740d1/2019-03-13T15:33:36.565Z], OS[Windows 10/10.0/amd64], JVM[Oracle Corporation/Java HotSpot(TM) 64-Bit Server VM/1.8.0_221/25.221-b11]
[2020-02-20T18:24:28,997][INFO ][o.e.n.Node               ] [_client_] JVM arguments [-Xms2g, -Xmx2g, -XX:+UseConcMarkSweepGC, -XX:CMSInitiatingOccupancyFraction=75, -XX:+UseCMSInitiatingOccupancyOnly, -XX:+AlwaysPreTouch, -Xss1m, -Djava.awt.headless=true, -Dfile.encoding=UTF-8, -Djna.nosys=true, -Djdk.io.permissionsUseCanonicalPath=true, -Dio.netty.noUnsafe=true, -Dio.netty.noKeySetOptimization=true, -Dio.netty.recycler.maxCapacityPerThread=0, -Dlog4j.shutdownHookEnabled=false, -Dlog4j2.disable.jmx=true, -Dlog4j.skipJansi=true, -XX:+HeapDumpOnOutOfMemoryError, -Delasticsearch, -Des.path.home=C:\Users\Alexandar\Documents\MASTER\1_semestar\UDD\elasticsearch-5.6.16]
[2020-02-20T18:24:32,236][INFO ][o.e.p.PluginsService     ] [_client_] loaded module [aggs-matrix-stats]
[2020-02-20T18:24:32,237][INFO ][o.e.p.PluginsService     ] [_client_] loaded module [ingest-common]
[2020-02-20T18:24:32,238][INFO ][o.e.p.PluginsService     ] [_client_] loaded module [lang-expression]
[2020-02-20T18:24:32,238][INFO ][o.e.p.PluginsService     ] [_client_] loaded module [lang-groovy]
[2020-02-20T18:24:32,239][INFO ][o.e.p.PluginsService     ] [_client_] loaded module [lang-mustache]
[2020-02-20T18:24:32,240][INFO ][o.e.p.PluginsService     ] [_client_] loaded module [lang-painless]
[2020-02-20T18:24:32,241][INFO ][o.e.p.PluginsService     ] [_client_] loaded module [parent-join]
[2020-02-20T18:24:32,241][INFO ][o.e.p.PluginsService     ] [_client_] loaded module [percolator]
[2020-02-20T18:24:32,242][INFO ][o.e.p.PluginsService     ] [_client_] loaded module [reindex]
[2020-02-20T18:24:32,243][INFO ][o.e.p.PluginsService     ] [_client_] loaded module [transport-netty3]
[2020-02-20T18:24:32,243][INFO ][o.e.p.PluginsService     ] [_client_] loaded module [transport-netty4]
[2020-02-20T18:24:32,245][INFO ][o.e.p.PluginsService     ] [_client_] loaded plugin [serbian-plugin]
[2020-02-20T18:24:38,632][INFO ][o.e.d.DiscoveryModule    ] [_client_] using discovery type [zen]
[2020-02-20T18:24:39,782][INFO ][o.e.n.Node               ] [_client_] initialized
[2020-02-20T18:24:39,784][INFO ][o.e.n.Node               ] [_client_] starting ...
[2020-02-20T18:24:43,728][INFO ][o.e.t.TransportService   ] [_client_] publish_address {127.0.0.1:9300}, bound_addresses {127.0.0.1:9300}, {[::1]:9300}
[2020-02-20T18:24:46,836][INFO ][o.e.c.s.ClusterService   ] [_client_] new_master {_client_}{0BtCAjQUQzaVgrVUmAgOrw}{zrOwtRyQTxekZygQXvUrHw}{127.0.0.1}{127.0.0.1:9300}, reason: zen-disco-elected-as-master ([0] nodes joined)
[2020-02-20T18:24:46,899][INFO ][o.e.g.GatewayService     ] [_client_] recovered [0] indices into cluster_state
[2020-02-20T18:24:52,147][INFO ][o.e.h.n.Netty4HttpServerTransport] [_client_] publish_address {127.0.0.1:9200}, bound_addresses {127.0.0.1:9200}, {[::1]:9200}
[2020-02-20T18:24:52,148][INFO ][o.e.n.Node               ] [_client_] started
[2020-02-20T18:25:28,406][INFO ][o.e.c.m.MetaDataCreateIndexService] [_client_] [libraryserbian] creating index, cause [api], templates [], shards [1]/[0], mappings []
[2020-02-20T18:25:29,049][INFO ][o.e.c.r.a.AllocationService] [_client_] Cluster health status changed from [YELLOW] to [GREEN] (reason: [shards started [[libraryserbian][0]] ...]).
[2020-02-20T18:25:29,368][INFO ][o.e.c.m.MetaDataMappingService] [_client_] [libraryserbian/8vdrfq13QA2U-RfEb9E0mQ] create_mapping [radovi]
[2020-02-20T18:31:26,889][INFO ][o.e.n.Node               ] [_client_] stopping ...
[2020-02-20T18:31:27,003][INFO ][o.e.n.Node               ] [_client_] stopped
[2020-02-20T18:31:27,004][INFO ][o.e.n.Node               ] [_client_] closing ...
[2020-02-20T18:31:27,025][INFO ][o.e.n.Node               ] [_client_] closed
[2020-02-20T18:31:44,034][INFO ][o.e.n.Node               ] [_client_] initializing ...
[2020-02-20T18:31:44,913][INFO ][o.e.e.NodeEnvironment    ] [_client_] using [1] data paths, mounts [[(C:)]], net usable_space [236.2gb], net total_space [334gb], spins? [unknown], types [NTFS]
[2020-02-20T18:31:44,914][INFO ][o.e.e.NodeEnvironment    ] [_client_] heap size [1.9gb], compressed ordinary object pointers [true]
[2020-02-20T18:31:44,922][INFO ][o.e.n.Node               ] [_client_] node name [_client_], node ID [Nj2Xe9XfQpucaA1TJQng9g]
[2020-02-20T18:31:44,924][INFO ][o.e.n.Node               ] [_client_] version[5.6.16], pid[5748], build[3a740d1/2019-03-13T15:33:36.565Z], OS[Windows 10/10.0/amd64], JVM[Oracle Corporation/Java HotSpot(TM) 64-Bit Server VM/1.8.0_221/25.221-b11]
[2020-02-20T18:31:44,926][INFO ][o.e.n.Node               ] [_client_] JVM arguments [-Xms2g, -Xmx2g, -XX:+UseConcMarkSweepGC, -XX:CMSInitiatingOccupancyFraction=75, -XX:+UseCMSInitiatingOccupancyOnly, -XX:+AlwaysPreTouch, -Xss1m, -Djava.awt.headless=true, -Dfile.encoding=UTF-8, -Djna.nosys=true, -Djdk.io.permissionsUseCanonicalPath=true, -Dio.netty.noUnsafe=true, -Dio.netty.noKeySetOptimization=true, -Dio.netty.recycler.maxCapacityPerThread=0, -Dlog4j.shutdownHookEnabled=false, -Dlog4j2.disable.jmx=true, -Dlog4j.skipJansi=true, -XX:+HeapDumpOnOutOfMemoryError, -Delasticsearch, -Des.path.home=C:\Users\Alexandar\Documents\MASTER\1_semestar\UDD\elasticsearch-5.6.16]
[2020-02-20T18:31:47,751][INFO ][o.e.p.PluginsService     ] [_client_] loaded module [aggs-matrix-stats]
[2020-02-20T18:31:47,753][INFO ][o.e.p.PluginsService     ] [_client_] loaded module [ingest-common]
[2020-02-20T18:31:47,754][INFO ][o.e.p.PluginsService     ] [_client_] loaded module [lang-expression]
[2020-02-20T18:31:47,755][INFO ][o.e.p.PluginsService     ] [_client_] loaded module [lang-groovy]
[2020-02-20T18:31:47,756][INFO ][o.e.p.PluginsService     ] [_client_] loaded module [lang-mustache]
[2020-02-20T18:31:47,758][INFO ][o.e.p.PluginsService     ] [_client_] loaded module [lang-painless]
[2020-02-20T18:31:47,761][INFO ][o.e.p.PluginsService     ] [_client_] loaded module [parent-join]
[2020-02-20T18:31:47,762][INFO ][o.e.p.PluginsService     ] [_client_] loaded module [percolator]
[2020-02-20T18:31:47,763][INFO ][o.e.p.PluginsService     ] [_client_] loaded module [reindex]
[2020-02-20T18:31:47,764][INFO ][o.e.p.PluginsService     ] [_client_] loaded module [transport-netty3]
[2020-02-20T18:31:47,765][INFO ][o.e.p.PluginsService     ] [_client_] loaded module [transport-netty4]
[2020-02-20T18:31:47,766][INFO ][o.e.p.PluginsService     ] [_client_] loaded plugin [serbian-plugin]
[2020-02-20T18:31:53,226][INFO ][o.e.d.DiscoveryModule    ] [_client_] using discovery type [zen]
[2020-02-20T18:31:54,444][INFO ][o.e.n.Node               ] [_client_] initialized
[2020-02-20T18:31:54,445][INFO ][o.e.n.Node               ] [_client_] starting ...
[2020-02-20T18:31:58,141][INFO ][o.e.t.TransportService   ] [_client_] publish_address {127.0.0.1:9300}, bound_addresses {127.0.0.1:9300}, {[::1]:9300}
[2020-02-20T18:32:01,260][INFO ][o.e.c.s.ClusterService   ] [_client_] new_master {_client_}{Nj2Xe9XfQpucaA1TJQng9g}{zGB7ftUuT_GEvfHZewxnoA}{127.0.0.1}{127.0.0.1:9300}, reason: zen-disco-elected-as-master ([0] nodes joined)
[2020-02-20T18:32:01,340][INFO ][o.e.g.GatewayService     ] [_client_] recovered [0] indices into cluster_state
[2020-02-20T18:32:03,234][INFO ][o.e.h.n.Netty4HttpServerTransport] [_client_] publish_address {127.0.0.1:9200}, bound_addresses {127.0.0.1:9200}, {[::1]:9200}
[2020-02-20T18:32:03,236][INFO ][o.e.n.Node               ] [_client_] started
[2020-02-20T18:33:57,440][INFO ][o.e.c.m.MetaDataCreateIndexService] [_client_] [libraryserbian] creating index, cause [api], templates [], shards [1]/[0], mappings []
[2020-02-20T18:33:57,983][INFO ][o.e.c.r.a.AllocationService] [_client_] Cluster health status changed from [YELLOW] to [GREEN] (reason: [shards started [[libraryserbian][0]] ...]).
[2020-02-20T18:33:58,342][INFO ][o.e.c.m.MetaDataMappingService] [_client_] [libraryserbian/Ft7lQfXHRsaxcmSr7OVlWw] create_mapping [radovi]
[2020-02-20T18:38:30,260][INFO ][o.e.n.Node               ] [_client_] stopping ...
[2020-02-20T18:38:30,384][INFO ][o.e.n.Node               ] [_client_] stopped
[2020-02-20T18:38:30,385][INFO ][o.e.n.Node               ] [_client_] closing ...
[2020-02-20T18:38:30,411][INFO ][o.e.n.Node               ] [_client_] closed
[2020-02-20T18:39:01,366][INFO ][o.e.n.Node               ] [_client_] initializing ...
[2020-02-20T18:39:02,286][INFO ][o.e.e.NodeEnvironment    ] [_client_] using [1] data paths, mounts [[(C:)]], net usable_space [236.2gb], net total_space [334gb], spins? [unknown], types [NTFS]
[2020-02-20T18:39:02,287][INFO ][o.e.e.NodeEnvironment    ] [_client_] heap size [1.9gb], compressed ordinary object pointers [true]
[2020-02-20T18:39:02,297][INFO ][o.e.n.Node               ] [_client_] node name [_client_], node ID [Ih0Lj1uPS6OunRKxbFqX3w]
[2020-02-20T18:39:02,298][INFO ][o.e.n.Node               ] [_client_] version[5.6.16], pid[2068], build[3a740d1/2019-03-13T15:33:36.565Z], OS[Windows 10/10.0/amd64], JVM[Oracle Corporation/Java HotSpot(TM) 64-Bit Server VM/1.8.0_221/25.221-b11]
[2020-02-20T18:39:02,299][INFO ][o.e.n.Node               ] [_client_] JVM arguments [-Xms2g, -Xmx2g, -XX:+UseConcMarkSweepGC, -XX:CMSInitiatingOccupancyFraction=75, -XX:+UseCMSInitiatingOccupancyOnly, -XX:+AlwaysPreTouch, -Xss1m, -Djava.awt.headless=true, -Dfile.encoding=UTF-8, -Djna.nosys=true, -Djdk.io.permissionsUseCanonicalPath=true, -Dio.netty.noUnsafe=true, -Dio.netty.noKeySetOptimization=true, -Dio.netty.recycler.maxCapacityPerThread=0, -Dlog4j.shutdownHookEnabled=false, -Dlog4j2.disable.jmx=true, -Dlog4j.skipJansi=true, -XX:+HeapDumpOnOutOfMemoryError, -Delasticsearch, -Des.path.home=C:\Users\Alexandar\Documents\MASTER\1_semestar\UDD\elasticsearch-5.6.16]
[2020-02-20T18:39:05,373][INFO ][o.e.p.PluginsService     ] [_client_] loaded module [aggs-matrix-stats]
[2020-02-20T18:39:05,375][INFO ][o.e.p.PluginsService     ] [_client_] loaded module [ingest-common]
[2020-02-20T18:39:05,377][INFO ][o.e.p.PluginsService     ] [_client_] loaded module [lang-expression]
[2020-02-20T18:39:05,380][INFO ][o.e.p.PluginsService     ] [_client_] loaded module [lang-groovy]
[2020-02-20T18:39:05,381][INFO ][o.e.p.PluginsService     ] [_client_] loaded module [lang-mustache]
[2020-02-20T18:39:05,382][INFO ][o.e.p.PluginsService     ] [_client_] loaded module [lang-painless]
[2020-02-20T18:39:05,382][INFO ][o.e.p.PluginsService     ] [_client_] loaded module [parent-join]
[2020-02-20T18:39:05,385][INFO ][o.e.p.PluginsService     ] [_client_] loaded module [percolator]
[2020-02-20T18:39:05,385][INFO ][o.e.p.PluginsService     ] [_client_] loaded module [reindex]
[2020-02-20T18:39:05,387][INFO ][o.e.p.PluginsService     ] [_client_] loaded module [transport-netty3]
[2020-02-20T18:39:05,389][INFO ][o.e.p.PluginsService     ] [_client_] loaded module [transport-netty4]
[2020-02-20T18:39:05,391][INFO ][o.e.p.PluginsService     ] [_client_] loaded plugin [serbian-plugin]
[2020-02-20T18:39:11,724][INFO ][o.e.d.DiscoveryModule    ] [_client_] using discovery type [zen]
[2020-02-20T18:39:12,781][INFO ][o.e.n.Node               ] [_client_] initialized
[2020-02-20T18:39:12,781][INFO ][o.e.n.Node               ] [_client_] starting ...
[2020-02-20T18:39:16,612][INFO ][o.e.t.TransportService   ] [_client_] publish_address {127.0.0.1:9300}, bound_addresses {127.0.0.1:9300}, {[::1]:9300}
[2020-02-20T18:39:19,715][INFO ][o.e.c.s.ClusterService   ] [_client_] new_master {_client_}{Ih0Lj1uPS6OunRKxbFqX3w}{rtB_jWqsRweeu3ldthAcIQ}{127.0.0.1}{127.0.0.1:9300}, reason: zen-disco-elected-as-master ([0] nodes joined)
[2020-02-20T18:39:19,789][INFO ][o.e.g.GatewayService     ] [_client_] recovered [0] indices into cluster_state
[2020-02-20T18:39:22,228][INFO ][o.e.h.n.Netty4HttpServerTransport] [_client_] publish_address {127.0.0.1:9200}, bound_addresses {127.0.0.1:9200}, {[::1]:9200}
[2020-02-20T18:39:22,230][INFO ][o.e.n.Node               ] [_client_] started
[2020-02-20T18:40:15,285][INFO ][o.e.c.m.MetaDataCreateIndexService] [_client_] [libraryserbian] creating index, cause [api], templates [], shards [1]/[0], mappings []
[2020-02-20T18:40:15,708][INFO ][o.e.c.r.a.AllocationService] [_client_] Cluster health status changed from [YELLOW] to [GREEN] (reason: [shards started [[libraryserbian][0]] ...]).
[2020-02-20T18:40:15,903][INFO ][o.e.c.m.MetaDataMappingService] [_client_] [libraryserbian/2q8dFn-PSp-ypeD8GdRuzA] create_mapping [radovi]
[2020-02-20T19:29:50,666][INFO ][o.e.n.Node               ] [_client_] stopping ...
[2020-02-20T19:29:50,713][INFO ][o.e.n.Node               ] [_client_] stopped
[2020-02-20T19:29:50,713][INFO ][o.e.n.Node               ] [_client_] closing ...
[2020-02-20T19:29:50,728][INFO ][o.e.n.Node               ] [_client_] closed
[2020-02-20T21:25:39,965][INFO ][o.e.n.Node               ] [_client_] initializing ...
[2020-02-20T21:25:40,216][INFO ][o.e.e.NodeEnvironment    ] [_client_] using [1] data paths, mounts [[(C:)]], net usable_space [236.2gb], net total_space [334gb], spins? [unknown], types [NTFS]
[2020-02-20T21:25:40,217][INFO ][o.e.e.NodeEnvironment    ] [_client_] heap size [1.9gb], compressed ordinary object pointers [true]
[2020-02-20T21:25:40,253][INFO ][o.e.n.Node               ] [_client_] node name [_client_], node ID [Ih0Lj1uPS6OunRKxbFqX3w]
[2020-02-20T21:25:40,254][INFO ][o.e.n.Node               ] [_client_] version[5.6.16], pid[6696], build[3a740d1/2019-03-13T15:33:36.565Z], OS[Windows 10/10.0/amd64], JVM[Oracle Corporation/Java HotSpot(TM) 64-Bit Server VM/1.8.0_221/25.221-b11]
[2020-02-20T21:25:40,255][INFO ][o.e.n.Node               ] [_client_] JVM arguments [-Xms2g, -Xmx2g, -XX:+UseConcMarkSweepGC, -XX:CMSInitiatingOccupancyFraction=75, -XX:+UseCMSInitiatingOccupancyOnly, -XX:+AlwaysPreTouch, -Xss1m, -Djava.awt.headless=true, -Dfile.encoding=UTF-8, -Djna.nosys=true, -Djdk.io.permissionsUseCanonicalPath=true, -Dio.netty.noUnsafe=true, -Dio.netty.noKeySetOptimization=true, -Dio.netty.recycler.maxCapacityPerThread=0, -Dlog4j.shutdownHookEnabled=false, -Dlog4j2.disable.jmx=true, -Dlog4j.skipJansi=true, -XX:+HeapDumpOnOutOfMemoryError, -Delasticsearch, -Des.path.home=C:\Users\Alexandar\Documents\MASTER\1_semestar\UDD\elasticsearch-5.6.16]
[2020-02-20T21:25:44,005][INFO ][o.e.p.PluginsService     ] [_client_] loaded module [aggs-matrix-stats]
[2020-02-20T21:25:44,011][INFO ][o.e.p.PluginsService     ] [_client_] loaded module [ingest-common]
[2020-02-20T21:25:44,012][INFO ][o.e.p.PluginsService     ] [_client_] loaded module [lang-expression]
[2020-02-20T21:25:44,016][INFO ][o.e.p.PluginsService     ] [_client_] loaded module [lang-groovy]
[2020-02-20T21:25:44,019][INFO ][o.e.p.PluginsService     ] [_client_] loaded module [lang-mustache]
[2020-02-20T21:25:44,021][INFO ][o.e.p.PluginsService     ] [_client_] loaded module [lang-painless]
[2020-02-20T21:25:44,022][INFO ][o.e.p.PluginsService     ] [_client_] loaded module [parent-join]
[2020-02-20T21:25:44,023][INFO ][o.e.p.PluginsService     ] [_client_] loaded module [percolator]
[2020-02-20T21:25:44,032][INFO ][o.e.p.PluginsService     ] [_client_] loaded module [reindex]
[2020-02-20T21:25:44,040][INFO ][o.e.p.PluginsService     ] [_client_] loaded module [transport-netty3]
[2020-02-20T21:25:44,049][INFO ][o.e.p.PluginsService     ] [_client_] loaded module [transport-netty4]
[2020-02-20T21:25:44,063][INFO ][o.e.p.PluginsService     ] [_client_] loaded plugin [serbian-plugin]
[2020-02-20T21:25:51,330][INFO ][o.e.d.DiscoveryModule    ] [_client_] using discovery type [zen]
[2020-02-20T21:25:52,391][INFO ][o.e.n.Node               ] [_client_] initialized
[2020-02-20T21:25:52,394][INFO ][o.e.n.Node               ] [_client_] starting ...
[2020-02-20T21:25:56,226][INFO ][o.e.t.TransportService   ] [_client_] publish_address {127.0.0.1:9300}, bound_addresses {127.0.0.1:9300}, {[::1]:9300}
[2020-02-20T21:25:59,334][INFO ][o.e.c.s.ClusterService   ] [_client_] new_master {_client_}{Ih0Lj1uPS6OunRKxbFqX3w}{HpJ3Te8eRh-1SPxsenaT4g}{127.0.0.1}{127.0.0.1:9300}, reason: zen-disco-elected-as-master ([0] nodes joined)
[2020-02-20T21:25:59,808][INFO ][o.e.g.GatewayService     ] [_client_] recovered [1] indices into cluster_state
[2020-02-20T21:26:00,509][INFO ][o.e.c.r.a.AllocationService] [_client_] Cluster health status changed from [RED] to [GREEN] (reason: [shards started [[libraryserbian][0]] ...]).
[2020-02-20T21:26:02,311][INFO ][o.e.h.n.Netty4HttpServerTransport] [_client_] publish_address {127.0.0.1:9200}, bound_addresses {127.0.0.1:9200}, {[::1]:9200}
[2020-02-20T21:26:02,312][INFO ][o.e.n.Node               ] [_client_] started
[2020-02-20T21:26:20,633][INFO ][o.e.n.Node               ] [_client_] stopping ...
[2020-02-20T21:26:20,679][INFO ][o.e.n.Node               ] [_client_] stopped
[2020-02-20T21:26:20,680][INFO ][o.e.n.Node               ] [_client_] closing ...
[2020-02-20T21:26:20,697][INFO ][o.e.n.Node               ] [_client_] closed
[2020-02-20T21:26:46,648][INFO ][o.e.n.Node               ] [_client_] initializing ...
[2020-02-20T21:26:47,367][INFO ][o.e.e.NodeEnvironment    ] [_client_] using [1] data paths, mounts [[(C:)]], net usable_space [236.2gb], net total_space [334gb], spins? [unknown], types [NTFS]
[2020-02-20T21:26:47,367][INFO ][o.e.e.NodeEnvironment    ] [_client_] heap size [1.9gb], compressed ordinary object pointers [true]
[2020-02-20T21:26:47,382][INFO ][o.e.n.Node               ] [_client_] node name [_client_], node ID [CdHhUj86QF24l4myGZn74w]
[2020-02-20T21:26:47,382][INFO ][o.e.n.Node               ] [_client_] version[5.6.16], pid[14736], build[3a740d1/2019-03-13T15:33:36.565Z], OS[Windows 10/10.0/amd64], JVM[Oracle Corporation/Java HotSpot(TM) 64-Bit Server VM/1.8.0_221/25.221-b11]
[2020-02-20T21:26:47,382][INFO ][o.e.n.Node               ] [_client_] JVM arguments [-Xms2g, -Xmx2g, -XX:+UseConcMarkSweepGC, -XX:CMSInitiatingOccupancyFraction=75, -XX:+UseCMSInitiatingOccupancyOnly, -XX:+AlwaysPreTouch, -Xss1m, -Djava.awt.headless=true, -Dfile.encoding=UTF-8, -Djna.nosys=true, -Djdk.io.permissionsUseCanonicalPath=true, -Dio.netty.noUnsafe=true, -Dio.netty.noKeySetOptimization=true, -Dio.netty.recycler.maxCapacityPerThread=0, -Dlog4j.shutdownHookEnabled=false, -Dlog4j2.disable.jmx=true, -Dlog4j.skipJansi=true, -XX:+HeapDumpOnOutOfMemoryError, -Delasticsearch, -Des.path.home=C:\Users\Alexandar\Documents\MASTER\1_semestar\UDD\elasticsearch-5.6.16]
[2020-02-20T21:26:49,634][INFO ][o.e.p.PluginsService     ] [_client_] loaded module [aggs-matrix-stats]
[2020-02-20T21:26:49,634][INFO ][o.e.p.PluginsService     ] [_client_] loaded module [ingest-common]
[2020-02-20T21:26:49,634][INFO ][o.e.p.PluginsService     ] [_client_] loaded module [lang-expression]
[2020-02-20T21:26:49,634][INFO ][o.e.p.PluginsService     ] [_client_] loaded module [lang-groovy]
[2020-02-20T21:26:49,634][INFO ][o.e.p.PluginsService     ] [_client_] loaded module [lang-mustache]
[2020-02-20T21:26:49,634][INFO ][o.e.p.PluginsService     ] [_client_] loaded module [lang-painless]
[2020-02-20T21:26:49,649][INFO ][o.e.p.PluginsService     ] [_client_] loaded module [parent-join]
[2020-02-20T21:26:49,649][INFO ][o.e.p.PluginsService     ] [_client_] loaded module [percolator]
[2020-02-20T21:26:49,649][INFO ][o.e.p.PluginsService     ] [_client_] loaded module [reindex]
[2020-02-20T21:26:49,649][INFO ][o.e.p.PluginsService     ] [_client_] loaded module [transport-netty3]
[2020-02-20T21:26:49,649][INFO ][o.e.p.PluginsService     ] [_client_] loaded module [transport-netty4]
[2020-02-20T21:26:49,649][INFO ][o.e.p.PluginsService     ] [_client_] loaded plugin [serbian-plugin]
[2020-02-20T21:26:53,633][INFO ][o.e.d.DiscoveryModule    ] [_client_] using discovery type [zen]
[2020-02-20T21:26:54,524][INFO ][o.e.n.Node               ] [_client_] initialized
[2020-02-20T21:26:54,524][INFO ][o.e.n.Node               ] [_client_] starting ...
[2020-02-20T21:26:57,750][INFO ][o.e.t.TransportService   ] [_client_] publish_address {127.0.0.1:9300}, bound_addresses {127.0.0.1:9300}, {[::1]:9300}
[2020-02-20T21:27:00,825][INFO ][o.e.c.s.ClusterService   ] [_client_] new_master {_client_}{CdHhUj86QF24l4myGZn74w}{unneh3sETnqiexBPj-7S6Q}{127.0.0.1}{127.0.0.1:9300}, reason: zen-disco-elected-as-master ([0] nodes joined)
[2020-02-20T21:27:00,888][INFO ][o.e.g.GatewayService     ] [_client_] recovered [0] indices into cluster_state
[2020-02-20T21:27:02,513][INFO ][o.e.h.n.Netty4HttpServerTransport] [_client_] publish_address {127.0.0.1:9200}, bound_addresses {127.0.0.1:9200}, {[::1]:9200}
[2020-02-20T21:27:02,513][INFO ][o.e.n.Node               ] [_client_] started
[2020-02-20T22:00:43,056][INFO ][o.e.c.m.MetaDataCreateIndexService] [_client_] [libraryserbian] creating index, cause [api], templates [], shards [1]/[0], mappings []
[2020-02-20T22:00:43,480][INFO ][o.e.c.r.a.AllocationService] [_client_] Cluster health status changed from [YELLOW] to [GREEN] (reason: [shards started [[libraryserbian][0]] ...]).
[2020-02-20T22:00:43,939][INFO ][o.e.c.m.MetaDataMappingService] [_client_] [libraryserbian/scF1DF1xRjuMEmvKL2SE4w] create_mapping [radovi]
[2020-02-20T22:08:51,373][INFO ][o.e.n.Node               ] [_client_] stopping ...
[2020-02-20T22:08:51,419][INFO ][o.e.n.Node               ] [_client_] stopped
[2020-02-20T22:08:51,421][INFO ][o.e.n.Node               ] [_client_] closing ...
[2020-02-20T22:08:51,444][INFO ][o.e.n.Node               ] [_client_] closed
[2020-02-20T22:09:09,473][INFO ][o.e.n.Node               ] [_client_] initializing ...
[2020-02-20T22:09:10,792][INFO ][o.e.e.NodeEnvironment    ] [_client_] using [1] data paths, mounts [[(C:)]], net usable_space [236.2gb], net total_space [334gb], spins? [unknown], types [NTFS]
[2020-02-20T22:09:10,793][INFO ][o.e.e.NodeEnvironment    ] [_client_] heap size [1.9gb], compressed ordinary object pointers [true]
[2020-02-20T22:09:10,804][INFO ][o.e.n.Node               ] [_client_] node name [_client_], node ID [kJHWDHLNQH6BdnDxEKgwDw]
[2020-02-20T22:09:10,806][INFO ][o.e.n.Node               ] [_client_] version[5.6.16], pid[7932], build[3a740d1/2019-03-13T15:33:36.565Z], OS[Windows 10/10.0/amd64], JVM[Oracle Corporation/Java HotSpot(TM) 64-Bit Server VM/1.8.0_221/25.221-b11]
[2020-02-20T22:09:10,808][INFO ][o.e.n.Node               ] [_client_] JVM arguments [-Xms2g, -Xmx2g, -XX:+UseConcMarkSweepGC, -XX:CMSInitiatingOccupancyFraction=75, -XX:+UseCMSInitiatingOccupancyOnly, -XX:+AlwaysPreTouch, -Xss1m, -Djava.awt.headless=true, -Dfile.encoding=UTF-8, -Djna.nosys=true, -Djdk.io.permissionsUseCanonicalPath=true, -Dio.netty.noUnsafe=true, -Dio.netty.noKeySetOptimization=true, -Dio.netty.recycler.maxCapacityPerThread=0, -Dlog4j.shutdownHookEnabled=false, -Dlog4j2.disable.jmx=true, -Dlog4j.skipJansi=true, -XX:+HeapDumpOnOutOfMemoryError, -Delasticsearch, -Des.path.home=C:\Users\Alexandar\Documents\MASTER\1_semestar\UDD\elasticsearch-5.6.16]
[2020-02-20T22:09:13,883][INFO ][o.e.p.PluginsService     ] [_client_] loaded module [aggs-matrix-stats]
[2020-02-20T22:09:13,884][INFO ][o.e.p.PluginsService     ] [_client_] loaded module [ingest-common]
[2020-02-20T22:09:13,888][INFO ][o.e.p.PluginsService     ] [_client_] loaded module [lang-expression]
[2020-02-20T22:09:13,894][INFO ][o.e.p.PluginsService     ] [_client_] loaded module [lang-groovy]
[2020-02-20T22:09:13,899][INFO ][o.e.p.PluginsService     ] [_client_] loaded module [lang-mustache]
[2020-02-20T22:09:13,901][INFO ][o.e.p.PluginsService     ] [_client_] loaded module [lang-painless]
[2020-02-20T22:09:13,911][INFO ][o.e.p.PluginsService     ] [_client_] loaded module [parent-join]
[2020-02-20T22:09:13,918][INFO ][o.e.p.PluginsService     ] [_client_] loaded module [percolator]
[2020-02-20T22:09:13,929][INFO ][o.e.p.PluginsService     ] [_client_] loaded module [reindex]
[2020-02-20T22:09:13,933][INFO ][o.e.p.PluginsService     ] [_client_] loaded module [transport-netty3]
[2020-02-20T22:09:13,950][INFO ][o.e.p.PluginsService     ] [_client_] loaded module [transport-netty4]
[2020-02-20T22:09:13,961][INFO ][o.e.p.PluginsService     ] [_client_] loaded plugin [serbian-plugin]
[2020-02-20T22:09:24,565][INFO ][o.e.d.DiscoveryModule    ] [_client_] using discovery type [zen]
[2020-02-20T22:09:25,746][INFO ][o.e.n.Node               ] [_client_] initialized
[2020-02-20T22:09:25,747][INFO ][o.e.n.Node               ] [_client_] starting ...
[2020-02-20T22:09:30,141][INFO ][o.e.t.TransportService   ] [_client_] publish_address {127.0.0.1:9300}, bound_addresses {127.0.0.1:9300}, {[::1]:9300}
[2020-02-20T22:09:33,248][INFO ][o.e.c.s.ClusterService   ] [_client_] new_master {_client_}{kJHWDHLNQH6BdnDxEKgwDw}{f909W5OZSkWAZfyYtHrSqQ}{127.0.0.1}{127.0.0.1:9300}, reason: zen-disco-elected-as-master ([0] nodes joined)
[2020-02-20T22:09:33,565][INFO ][o.e.g.GatewayService     ] [_client_] recovered [0] indices into cluster_state
[2020-02-20T22:09:38,896][INFO ][o.e.h.n.Netty4HttpServerTransport] [_client_] publish_address {127.0.0.1:9200}, bound_addresses {127.0.0.1:9200}, {[::1]:9200}
[2020-02-20T22:09:38,901][INFO ][o.e.n.Node               ] [_client_] started
[2020-02-20T22:10:03,854][INFO ][o.e.c.m.MetaDataCreateIndexService] [_client_] [libraryserbian] creating index, cause [api], templates [], shards [1]/[0], mappings []
[2020-02-20T22:10:07,795][INFO ][o.e.c.r.a.AllocationService] [_client_] Cluster health status changed from [YELLOW] to [GREEN] (reason: [shards started [[libraryserbian][0]] ...]).
[2020-02-20T22:10:08,519][INFO ][o.e.c.m.MetaDataMappingService] [_client_] [libraryserbian/gnYFhC-XQBWfmtbx5UB8ww] create_mapping [radovi]
[2020-02-20T22:19:25,457][INFO ][o.e.n.Node               ] [_client_] stopping ...
[2020-02-20T22:19:25,520][INFO ][o.e.n.Node               ] [_client_] stopped
[2020-02-20T22:19:25,522][INFO ][o.e.n.Node               ] [_client_] closing ...
[2020-02-20T22:19:25,550][INFO ][o.e.n.Node               ] [_client_] closed
[2020-02-20T22:19:48,108][INFO ][o.e.n.Node               ] [_client_] initializing ...
[2020-02-20T22:19:50,097][INFO ][o.e.e.NodeEnvironment    ] [_client_] using [1] data paths, mounts [[(C:)]], net usable_space [236.2gb], net total_space [334gb], spins? [unknown], types [NTFS]
[2020-02-20T22:19:50,103][INFO ][o.e.e.NodeEnvironment    ] [_client_] heap size [1.9gb], compressed ordinary object pointers [true]
[2020-02-20T22:19:50,116][INFO ][o.e.n.Node               ] [_client_] node name [_client_], node ID [TVyHJiLwQK-9xsWX08gbKg]
[2020-02-20T22:19:50,118][INFO ][o.e.n.Node               ] [_client_] version[5.6.16], pid[3384], build[3a740d1/2019-03-13T15:33:36.565Z], OS[Windows 10/10.0/amd64], JVM[Oracle Corporation/Java HotSpot(TM) 64-Bit Server VM/1.8.0_221/25.221-b11]
[2020-02-20T22:19:50,121][INFO ][o.e.n.Node               ] [_client_] JVM arguments [-Xms2g, -Xmx2g, -XX:+UseConcMarkSweepGC, -XX:CMSInitiatingOccupancyFraction=75, -XX:+UseCMSInitiatingOccupancyOnly, -XX:+AlwaysPreTouch, -Xss1m, -Djava.awt.headless=true, -Dfile.encoding=UTF-8, -Djna.nosys=true, -Djdk.io.permissionsUseCanonicalPath=true, -Dio.netty.noUnsafe=true, -Dio.netty.noKeySetOptimization=true, -Dio.netty.recycler.maxCapacityPerThread=0, -Dlog4j.shutdownHookEnabled=false, -Dlog4j2.disable.jmx=true, -Dlog4j.skipJansi=true, -XX:+HeapDumpOnOutOfMemoryError, -Delasticsearch, -Des.path.home=C:\Users\Alexandar\Documents\MASTER\1_semestar\UDD\elasticsearch-5.6.16]
[2020-02-20T22:19:53,603][INFO ][o.e.p.PluginsService     ] [_client_] loaded module [aggs-matrix-stats]
[2020-02-20T22:19:53,605][INFO ][o.e.p.PluginsService     ] [_client_] loaded module [ingest-common]
[2020-02-20T22:19:53,607][INFO ][o.e.p.PluginsService     ] [_client_] loaded module [lang-expression]
[2020-02-20T22:19:53,608][INFO ][o.e.p.PluginsService     ] [_client_] loaded module [lang-groovy]
[2020-02-20T22:19:53,609][INFO ][o.e.p.PluginsService     ] [_client_] loaded module [lang-mustache]
[2020-02-20T22:19:53,610][INFO ][o.e.p.PluginsService     ] [_client_] loaded module [lang-painless]
[2020-02-20T22:19:53,611][INFO ][o.e.p.PluginsService     ] [_client_] loaded module [parent-join]
[2020-02-20T22:19:53,612][INFO ][o.e.p.PluginsService     ] [_client_] loaded module [percolator]
[2020-02-20T22:19:53,612][INFO ][o.e.p.PluginsService     ] [_client_] loaded module [reindex]
[2020-02-20T22:19:53,613][INFO ][o.e.p.PluginsService     ] [_client_] loaded module [transport-netty3]
[2020-02-20T22:19:53,614][INFO ][o.e.p.PluginsService     ] [_client_] loaded module [transport-netty4]
[2020-02-20T22:19:53,616][INFO ][o.e.p.PluginsService     ] [_client_] loaded plugin [serbian-plugin]
[2020-02-20T22:19:59,413][INFO ][o.e.d.DiscoveryModule    ] [_client_] using discovery type [zen]
[2020-02-20T22:20:00,623][INFO ][o.e.n.Node               ] [_client_] initialized
[2020-02-20T22:20:00,623][INFO ][o.e.n.Node               ] [_client_] starting ...
[2020-02-20T22:20:04,283][INFO ][o.e.t.TransportService   ] [_client_] publish_address {127.0.0.1:9300}, bound_addresses {127.0.0.1:9300}, {[::1]:9300}
[2020-02-20T22:20:07,377][INFO ][o.e.c.s.ClusterService   ] [_client_] new_master {_client_}{TVyHJiLwQK-9xsWX08gbKg}{sEsq20xXSUy1RjyyGtdlow}{127.0.0.1}{127.0.0.1:9300}, reason: zen-disco-elected-as-master ([0] nodes joined)
[2020-02-20T22:20:07,451][INFO ][o.e.g.GatewayService     ] [_client_] recovered [0] indices into cluster_state
[2020-02-20T22:20:10,946][INFO ][o.e.h.n.Netty4HttpServerTransport] [_client_] publish_address {127.0.0.1:9200}, bound_addresses {127.0.0.1:9200}, {[::1]:9200}
[2020-02-20T22:20:10,957][INFO ][o.e.n.Node               ] [_client_] started
[2020-02-20T22:21:01,567][INFO ][o.e.c.m.MetaDataCreateIndexService] [_client_] [libraryserbian] creating index, cause [api], templates [], shards [1]/[0], mappings []
[2020-02-20T22:21:02,263][INFO ][o.e.c.r.a.AllocationService] [_client_] Cluster health status changed from [YELLOW] to [GREEN] (reason: [shards started [[libraryserbian][0]] ...]).
[2020-02-20T22:21:02,550][INFO ][o.e.c.m.MetaDataMappingService] [_client_] [libraryserbian/sNUZQdbURsyGfMIxEMuwXg] create_mapping [radovi]
