[2020-02-18T01:50:31,596][INFO ][o.e.n.Node               ] [_client_] initializing ...
[2020-02-18T01:50:32,608][INFO ][o.e.e.NodeEnvironment    ] [_client_] using [1] data paths, mounts [[(C:)]], net usable_space [228.7gb], net total_space [334gb], spins? [unknown], types [NTFS]
[2020-02-18T01:50:32,610][INFO ][o.e.e.NodeEnvironment    ] [_client_] heap size [1.9gb], compressed ordinary object pointers [true]
[2020-02-18T01:50:32,625][INFO ][o.e.n.Node               ] [_client_] node name [_client_], node ID [j5gePp0JRByKl4thJqnupg]
[2020-02-18T01:50:32,626][INFO ][o.e.n.Node               ] [_client_] version[5.6.16], pid[2152], build[3a740d1/2019-03-13T15:33:36.565Z], OS[Windows 10/10.0/amd64], JVM[Oracle Corporation/Java HotSpot(TM) 64-Bit Server VM/1.8.0_221/25.221-b11]
[2020-02-18T01:50:32,628][INFO ][o.e.n.Node               ] [_client_] JVM arguments [-Xms2g, -Xmx2g, -XX:+UseConcMarkSweepGC, -XX:CMSInitiatingOccupancyFraction=75, -XX:+UseCMSInitiatingOccupancyOnly, -XX:+AlwaysPreTouch, -Xss1m, -Djava.awt.headless=true, -Dfile.encoding=UTF-8, -Djna.nosys=true, -Djdk.io.permissionsUseCanonicalPath=true, -Dio.netty.noUnsafe=true, -Dio.netty.noKeySetOptimization=true, -Dio.netty.recycler.maxCapacityPerThread=0, -Dlog4j.shutdownHookEnabled=false, -Dlog4j2.disable.jmx=true, -Dlog4j.skipJansi=true, -XX:+HeapDumpOnOutOfMemoryError, -Delasticsearch, -Des.path.home=C:\Users\Alexandar\Documents\MASTER\1_semestar\UDD\elasticsearch-5.6.16]
[2020-02-18T01:50:36,972][INFO ][o.e.p.PluginsService     ] [_client_] loaded module [aggs-matrix-stats]
[2020-02-18T01:50:36,973][INFO ][o.e.p.PluginsService     ] [_client_] loaded module [ingest-common]
[2020-02-18T01:50:36,977][INFO ][o.e.p.PluginsService     ] [_client_] loaded module [lang-expression]
[2020-02-18T01:50:36,978][INFO ][o.e.p.PluginsService     ] [_client_] loaded module [lang-groovy]
[2020-02-18T01:50:36,979][INFO ][o.e.p.PluginsService     ] [_client_] loaded module [lang-mustache]
[2020-02-18T01:50:36,980][INFO ][o.e.p.PluginsService     ] [_client_] loaded module [lang-painless]
[2020-02-18T01:50:36,982][INFO ][o.e.p.PluginsService     ] [_client_] loaded module [parent-join]
[2020-02-18T01:50:36,984][INFO ][o.e.p.PluginsService     ] [_client_] loaded module [percolator]
[2020-02-18T01:50:36,988][INFO ][o.e.p.PluginsService     ] [_client_] loaded module [reindex]
[2020-02-18T01:50:36,990][INFO ][o.e.p.PluginsService     ] [_client_] loaded module [transport-netty3]
[2020-02-18T01:50:36,991][INFO ][o.e.p.PluginsService     ] [_client_] loaded module [transport-netty4]
[2020-02-18T01:50:36,993][INFO ][o.e.p.PluginsService     ] [_client_] loaded plugin [serbian-plugin]
[2020-02-18T01:50:44,225][INFO ][o.e.d.DiscoveryModule    ] [_client_] using discovery type [zen]
[2020-02-18T01:50:45,637][INFO ][o.e.n.Node               ] [_client_] initialized
[2020-02-18T01:50:45,638][INFO ][o.e.n.Node               ] [_client_] starting ...
[2020-02-18T01:50:49,554][INFO ][o.e.t.TransportService   ] [_client_] publish_address {127.0.0.1:9300}, bound_addresses {127.0.0.1:9300}, {[::1]:9300}
[2020-02-18T01:50:56,059][INFO ][o.e.c.s.ClusterService   ] [_client_] new_master {_client_}{j5gePp0JRByKl4thJqnupg}{xNbm9TLlTt25pROY9HZgEA}{127.0.0.1}{127.0.0.1:9300}, reason: zen-disco-elected-as-master ([0] nodes joined)
[2020-02-18T01:50:58,404][INFO ][o.e.h.n.Netty4HttpServerTransport] [_client_] publish_address {127.0.0.1:9200}, bound_addresses {127.0.0.1:9200}, {[::1]:9200}
[2020-02-18T01:50:58,405][INFO ][o.e.n.Node               ] [_client_] started
[2020-02-18T01:50:58,748][INFO ][o.e.g.GatewayService     ] [_client_] recovered [0] indices into cluster_state
[2020-02-18T01:52:10,625][INFO ][o.e.c.m.MetaDataCreateIndexService] [_client_] [libraryserbian] creating index, cause [auto(bulk api)], templates [], shards [5]/[1], mappings []
[2020-02-18T01:52:11,881][INFO ][o.e.c.m.MetaDataMappingService] [_client_] [libraryserbian/s0S5wwRtRyqJEEdo_Pmc3Q] create_mapping [radovi]
[2020-02-18T02:09:24,421][DEBUG][o.e.a.a.i.m.p.TransportPutMappingAction] [_client_] failed to put mappings on indices [[[libraryserbian/s0S5wwRtRyqJEEdo_Pmc3Q]]], type [radovi]
java.lang.IllegalArgumentException: Mapper for [kljucniPojmovi] conflicts with existing mapping in other types:
[mapper [kljucniPojmovi] has different [store] values, mapper [kljucniPojmovi] has different [analyzer]]
	at org.elasticsearch.index.mapper.FieldTypeLookup.checkCompatibility(FieldTypeLookup.java:130) ~[elasticsearch-5.6.16.jar:5.6.16]
	at org.elasticsearch.index.mapper.FieldTypeLookup.copyAndAddAll(FieldTypeLookup.java:94) ~[elasticsearch-5.6.16.jar:5.6.16]
	at org.elasticsearch.index.mapper.MapperService.internalMerge(MapperService.java:400) ~[elasticsearch-5.6.16.jar:5.6.16]
	at org.elasticsearch.index.mapper.MapperService.internalMerge(MapperService.java:336) ~[elasticsearch-5.6.16.jar:5.6.16]
	at org.elasticsearch.index.mapper.MapperService.merge(MapperService.java:268) ~[elasticsearch-5.6.16.jar:5.6.16]
	at org.elasticsearch.cluster.metadata.MetaDataMappingService$PutMappingExecutor.applyRequest(MetaDataMappingService.java:311) ~[elasticsearch-5.6.16.jar:5.6.16]
	at org.elasticsearch.cluster.metadata.MetaDataMappingService$PutMappingExecutor.execute(MetaDataMappingService.java:230) ~[elasticsearch-5.6.16.jar:5.6.16]
	at org.elasticsearch.cluster.service.ClusterService.executeTasks(ClusterService.java:634) ~[elasticsearch-5.6.16.jar:5.6.16]
	at org.elasticsearch.cluster.service.ClusterService.calculateTaskOutputs(ClusterService.java:612) ~[elasticsearch-5.6.16.jar:5.6.16]
	at org.elasticsearch.cluster.service.ClusterService.runTasks(ClusterService.java:571) [elasticsearch-5.6.16.jar:5.6.16]
	at org.elasticsearch.cluster.service.ClusterService$ClusterServiceTaskBatcher.run(ClusterService.java:263) [elasticsearch-5.6.16.jar:5.6.16]
	at org.elasticsearch.cluster.service.TaskBatcher.runIfNotProcessed(TaskBatcher.java:150) [elasticsearch-5.6.16.jar:5.6.16]
	at org.elasticsearch.cluster.service.TaskBatcher$BatchedTask.run(TaskBatcher.java:188) [elasticsearch-5.6.16.jar:5.6.16]
	at org.elasticsearch.common.util.concurrent.ThreadContext$ContextPreservingRunnable.run(ThreadContext.java:576) [elasticsearch-5.6.16.jar:5.6.16]
	at org.elasticsearch.common.util.concurrent.PrioritizedEsThreadPoolExecutor$TieBreakingPrioritizedRunnable.runAndClean(PrioritizedEsThreadPoolExecutor.java:247) [elasticsearch-5.6.16.jar:5.6.16]
	at org.elasticsearch.common.util.concurrent.PrioritizedEsThreadPoolExecutor$TieBreakingPrioritizedRunnable.run(PrioritizedEsThreadPoolExecutor.java:210) [elasticsearch-5.6.16.jar:5.6.16]
	at java.util.concurrent.ThreadPoolExecutor.runWorker(ThreadPoolExecutor.java:1149) [?:1.8.0_221]
	at java.util.concurrent.ThreadPoolExecutor$Worker.run(ThreadPoolExecutor.java:624) [?:1.8.0_221]
	at java.lang.Thread.run(Thread.java:748) [?:1.8.0_221]
[2020-02-18T02:11:31,461][DEBUG][o.e.a.a.i.m.p.TransportPutMappingAction] [_client_] failed to put mappings on indices [[[libraryserbian/s0S5wwRtRyqJEEdo_Pmc3Q]]], type [radovi]
java.lang.IllegalArgumentException: Mapper for [kljucniPojmovi] conflicts with existing mapping in other types:
[mapper [kljucniPojmovi] has different [store] values, mapper [kljucniPojmovi] has different [analyzer]]
	at org.elasticsearch.index.mapper.FieldTypeLookup.checkCompatibility(FieldTypeLookup.java:130) ~[elasticsearch-5.6.16.jar:5.6.16]
	at org.elasticsearch.index.mapper.FieldTypeLookup.copyAndAddAll(FieldTypeLookup.java:94) ~[elasticsearch-5.6.16.jar:5.6.16]
	at org.elasticsearch.index.mapper.MapperService.internalMerge(MapperService.java:400) ~[elasticsearch-5.6.16.jar:5.6.16]
	at org.elasticsearch.index.mapper.MapperService.internalMerge(MapperService.java:336) ~[elasticsearch-5.6.16.jar:5.6.16]
	at org.elasticsearch.index.mapper.MapperService.merge(MapperService.java:268) ~[elasticsearch-5.6.16.jar:5.6.16]
	at org.elasticsearch.cluster.metadata.MetaDataMappingService$PutMappingExecutor.applyRequest(MetaDataMappingService.java:311) ~[elasticsearch-5.6.16.jar:5.6.16]
	at org.elasticsearch.cluster.metadata.MetaDataMappingService$PutMappingExecutor.execute(MetaDataMappingService.java:230) ~[elasticsearch-5.6.16.jar:5.6.16]
	at org.elasticsearch.cluster.service.ClusterService.executeTasks(ClusterService.java:634) ~[elasticsearch-5.6.16.jar:5.6.16]
	at org.elasticsearch.cluster.service.ClusterService.calculateTaskOutputs(ClusterService.java:612) ~[elasticsearch-5.6.16.jar:5.6.16]
	at org.elasticsearch.cluster.service.ClusterService.runTasks(ClusterService.java:571) [elasticsearch-5.6.16.jar:5.6.16]
	at org.elasticsearch.cluster.service.ClusterService$ClusterServiceTaskBatcher.run(ClusterService.java:263) [elasticsearch-5.6.16.jar:5.6.16]
	at org.elasticsearch.cluster.service.TaskBatcher.runIfNotProcessed(TaskBatcher.java:150) [elasticsearch-5.6.16.jar:5.6.16]
	at org.elasticsearch.cluster.service.TaskBatcher$BatchedTask.run(TaskBatcher.java:188) [elasticsearch-5.6.16.jar:5.6.16]
	at org.elasticsearch.common.util.concurrent.ThreadContext$ContextPreservingRunnable.run(ThreadContext.java:576) [elasticsearch-5.6.16.jar:5.6.16]
	at org.elasticsearch.common.util.concurrent.PrioritizedEsThreadPoolExecutor$TieBreakingPrioritizedRunnable.runAndClean(PrioritizedEsThreadPoolExecutor.java:247) [elasticsearch-5.6.16.jar:5.6.16]
	at org.elasticsearch.common.util.concurrent.PrioritizedEsThreadPoolExecutor$TieBreakingPrioritizedRunnable.run(PrioritizedEsThreadPoolExecutor.java:210) [elasticsearch-5.6.16.jar:5.6.16]
	at java.util.concurrent.ThreadPoolExecutor.runWorker(ThreadPoolExecutor.java:1149) [?:1.8.0_221]
	at java.util.concurrent.ThreadPoolExecutor$Worker.run(ThreadPoolExecutor.java:624) [?:1.8.0_221]
	at java.lang.Thread.run(Thread.java:748) [?:1.8.0_221]
[2020-02-18T02:11:52,214][INFO ][o.e.n.Node               ] [_client_] stopping ...
[2020-02-18T02:11:52,255][INFO ][o.e.n.Node               ] [_client_] stopped
[2020-02-18T02:11:52,257][INFO ][o.e.n.Node               ] [_client_] closing ...
[2020-02-18T02:11:52,269][INFO ][o.e.n.Node               ] [_client_] closed
[2020-02-18T02:12:03,896][INFO ][o.e.n.Node               ] [_client_] initializing ...
[2020-02-18T02:12:04,978][INFO ][o.e.e.NodeEnvironment    ] [_client_] using [1] data paths, mounts [[(C:)]], net usable_space [228.5gb], net total_space [334gb], spins? [unknown], types [NTFS]
[2020-02-18T02:12:04,979][INFO ][o.e.e.NodeEnvironment    ] [_client_] heap size [1.9gb], compressed ordinary object pointers [true]
[2020-02-18T02:12:04,988][INFO ][o.e.n.Node               ] [_client_] node name [_client_], node ID [gtY4CkeqRge02NKXIO5kGw]
[2020-02-18T02:12:04,989][INFO ][o.e.n.Node               ] [_client_] version[5.6.16], pid[10376], build[3a740d1/2019-03-13T15:33:36.565Z], OS[Windows 10/10.0/amd64], JVM[Oracle Corporation/Java HotSpot(TM) 64-Bit Server VM/1.8.0_221/25.221-b11]
[2020-02-18T02:12:04,989][INFO ][o.e.n.Node               ] [_client_] JVM arguments [-Xms2g, -Xmx2g, -XX:+UseConcMarkSweepGC, -XX:CMSInitiatingOccupancyFraction=75, -XX:+UseCMSInitiatingOccupancyOnly, -XX:+AlwaysPreTouch, -Xss1m, -Djava.awt.headless=true, -Dfile.encoding=UTF-8, -Djna.nosys=true, -Djdk.io.permissionsUseCanonicalPath=true, -Dio.netty.noUnsafe=true, -Dio.netty.noKeySetOptimization=true, -Dio.netty.recycler.maxCapacityPerThread=0, -Dlog4j.shutdownHookEnabled=false, -Dlog4j2.disable.jmx=true, -Dlog4j.skipJansi=true, -XX:+HeapDumpOnOutOfMemoryError, -Delasticsearch, -Des.path.home=C:\Users\Alexandar\Documents\MASTER\1_semestar\UDD\elasticsearch-5.6.16]
[2020-02-18T02:12:08,151][INFO ][o.e.p.PluginsService     ] [_client_] loaded module [aggs-matrix-stats]
[2020-02-18T02:12:08,156][INFO ][o.e.p.PluginsService     ] [_client_] loaded module [ingest-common]
[2020-02-18T02:12:08,158][INFO ][o.e.p.PluginsService     ] [_client_] loaded module [lang-expression]
[2020-02-18T02:12:08,159][INFO ][o.e.p.PluginsService     ] [_client_] loaded module [lang-groovy]
[2020-02-18T02:12:08,160][INFO ][o.e.p.PluginsService     ] [_client_] loaded module [lang-mustache]
[2020-02-18T02:12:08,161][INFO ][o.e.p.PluginsService     ] [_client_] loaded module [lang-painless]
[2020-02-18T02:12:08,163][INFO ][o.e.p.PluginsService     ] [_client_] loaded module [parent-join]
[2020-02-18T02:12:08,164][INFO ][o.e.p.PluginsService     ] [_client_] loaded module [percolator]
[2020-02-18T02:12:08,165][INFO ][o.e.p.PluginsService     ] [_client_] loaded module [reindex]
[2020-02-18T02:12:08,167][INFO ][o.e.p.PluginsService     ] [_client_] loaded module [transport-netty3]
[2020-02-18T02:12:08,174][INFO ][o.e.p.PluginsService     ] [_client_] loaded module [transport-netty4]
[2020-02-18T02:12:08,177][INFO ][o.e.p.PluginsService     ] [_client_] loaded plugin [serbian-plugin]
[2020-02-18T02:12:15,521][INFO ][o.e.d.DiscoveryModule    ] [_client_] using discovery type [zen]
[2020-02-18T02:12:17,421][INFO ][o.e.n.Node               ] [_client_] initialized
[2020-02-18T02:12:17,422][INFO ][o.e.n.Node               ] [_client_] starting ...
[2020-02-18T02:12:24,893][INFO ][o.e.t.TransportService   ] [_client_] publish_address {127.0.0.1:9300}, bound_addresses {127.0.0.1:9300}, {[::1]:9300}
[2020-02-18T02:12:28,136][INFO ][o.e.c.s.ClusterService   ] [_client_] new_master {_client_}{gtY4CkeqRge02NKXIO5kGw}{5CpxN-meQRynaGVAZWTVgA}{127.0.0.1}{127.0.0.1:9300}, reason: zen-disco-elected-as-master ([0] nodes joined)
[2020-02-18T02:12:28,267][INFO ][o.e.g.GatewayService     ] [_client_] recovered [0] indices into cluster_state
[2020-02-18T02:12:35,407][INFO ][o.e.h.n.Netty4HttpServerTransport] [_client_] publish_address {127.0.0.1:9200}, bound_addresses {127.0.0.1:9200}, {[::1]:9200}
[2020-02-18T02:12:35,445][INFO ][o.e.n.Node               ] [_client_] started
[2020-02-18T02:12:49,227][INFO ][o.e.c.m.MetaDataCreateIndexService] [_client_] [libraryserbian] creating index, cause [api], templates [], shards [1]/[0], mappings []
[2020-02-18T02:12:49,631][INFO ][o.e.c.r.a.AllocationService] [_client_] Cluster health status changed from [YELLOW] to [GREEN] (reason: [shards started [[libraryserbian][0]] ...]).
[2020-02-18T02:12:49,970][INFO ][o.e.c.m.MetaDataMappingService] [_client_] [libraryserbian/xJp9T3E6QpG-ILCcGu1HJg] create_mapping [radovi]
[2020-02-18T02:20:49,129][INFO ][o.e.n.Node               ] [_client_] stopping ...
[2020-02-18T02:20:49,186][INFO ][o.e.n.Node               ] [_client_] stopped
[2020-02-18T02:20:49,187][INFO ][o.e.n.Node               ] [_client_] closing ...
[2020-02-18T02:20:49,220][INFO ][o.e.n.Node               ] [_client_] closed
[2020-02-18T15:49:33,579][INFO ][o.e.n.Node               ] [_client_] initializing ...
[2020-02-18T15:49:33,829][INFO ][o.e.e.NodeEnvironment    ] [_client_] using [1] data paths, mounts [[(C:)]], net usable_space [233.2gb], net total_space [334gb], spins? [unknown], types [NTFS]
[2020-02-18T15:49:33,829][INFO ][o.e.e.NodeEnvironment    ] [_client_] heap size [1.9gb], compressed ordinary object pointers [true]
[2020-02-18T15:49:33,876][INFO ][o.e.n.Node               ] [_client_] node name [_client_], node ID [gtY4CkeqRge02NKXIO5kGw]
[2020-02-18T15:49:33,876][INFO ][o.e.n.Node               ] [_client_] version[5.6.16], pid[11960], build[3a740d1/2019-03-13T15:33:36.565Z], OS[Windows 10/10.0/amd64], JVM[Oracle Corporation/Java HotSpot(TM) 64-Bit Server VM/1.8.0_221/25.221-b11]
[2020-02-18T15:49:33,876][INFO ][o.e.n.Node               ] [_client_] JVM arguments [-Xms2g, -Xmx2g, -XX:+UseConcMarkSweepGC, -XX:CMSInitiatingOccupancyFraction=75, -XX:+UseCMSInitiatingOccupancyOnly, -XX:+AlwaysPreTouch, -Xss1m, -Djava.awt.headless=true, -Dfile.encoding=UTF-8, -Djna.nosys=true, -Djdk.io.permissionsUseCanonicalPath=true, -Dio.netty.noUnsafe=true, -Dio.netty.noKeySetOptimization=true, -Dio.netty.recycler.maxCapacityPerThread=0, -Dlog4j.shutdownHookEnabled=false, -Dlog4j2.disable.jmx=true, -Dlog4j.skipJansi=true, -XX:+HeapDumpOnOutOfMemoryError, -Delasticsearch, -Des.path.home=C:\Users\Alexandar\Documents\MASTER\1_semestar\UDD\elasticsearch-5.6.16]
[2020-02-18T15:49:39,547][INFO ][o.e.p.PluginsService     ] [_client_] loaded module [aggs-matrix-stats]
[2020-02-18T15:49:39,547][INFO ][o.e.p.PluginsService     ] [_client_] loaded module [ingest-common]
[2020-02-18T15:49:39,547][INFO ][o.e.p.PluginsService     ] [_client_] loaded module [lang-expression]
[2020-02-18T15:49:39,547][INFO ][o.e.p.PluginsService     ] [_client_] loaded module [lang-groovy]
[2020-02-18T15:49:39,547][INFO ][o.e.p.PluginsService     ] [_client_] loaded module [lang-mustache]
[2020-02-18T15:49:39,547][INFO ][o.e.p.PluginsService     ] [_client_] loaded module [lang-painless]
[2020-02-18T15:49:39,547][INFO ][o.e.p.PluginsService     ] [_client_] loaded module [parent-join]
[2020-02-18T15:49:39,547][INFO ][o.e.p.PluginsService     ] [_client_] loaded module [percolator]
[2020-02-18T15:49:39,547][INFO ][o.e.p.PluginsService     ] [_client_] loaded module [reindex]
[2020-02-18T15:49:39,547][INFO ][o.e.p.PluginsService     ] [_client_] loaded module [transport-netty3]
[2020-02-18T15:49:39,547][INFO ][o.e.p.PluginsService     ] [_client_] loaded module [transport-netty4]
[2020-02-18T15:49:39,547][INFO ][o.e.p.PluginsService     ] [_client_] loaded plugin [serbian-plugin]
[2020-02-18T15:49:52,280][INFO ][o.e.d.DiscoveryModule    ] [_client_] using discovery type [zen]
[2020-02-18T15:49:53,497][INFO ][o.e.n.Node               ] [_client_] initialized
[2020-02-18T15:49:53,497][INFO ][o.e.n.Node               ] [_client_] starting ...
[2020-02-18T15:50:01,992][INFO ][o.e.t.TransportService   ] [_client_] publish_address {127.0.0.1:9300}, bound_addresses {127.0.0.1:9300}, {[::1]:9300}
[2020-02-18T15:50:05,217][INFO ][o.e.c.s.ClusterService   ] [_client_] new_master {_client_}{gtY4CkeqRge02NKXIO5kGw}{vY26QsyITu-_F1y3jiSaNQ}{127.0.0.1}{127.0.0.1:9300}, reason: zen-disco-elected-as-master ([0] nodes joined)
[2020-02-18T15:50:05,829][INFO ][o.e.g.GatewayService     ] [_client_] recovered [1] indices into cluster_state
[2020-02-18T15:50:07,200][INFO ][o.e.c.r.a.AllocationService] [_client_] Cluster health status changed from [RED] to [GREEN] (reason: [shards started [[libraryserbian][0]] ...]).
[2020-02-18T15:50:10,014][INFO ][o.e.h.n.Netty4HttpServerTransport] [_client_] publish_address {127.0.0.1:9200}, bound_addresses {127.0.0.1:9200}, {[::1]:9200}
[2020-02-18T15:50:10,014][INFO ][o.e.n.Node               ] [_client_] started
[2020-02-18T18:08:07,748][INFO ][o.e.n.Node               ] [_client_] stopping ...
[2020-02-18T18:08:07,825][INFO ][o.e.n.Node               ] [_client_] stopped
[2020-02-18T18:08:07,826][INFO ][o.e.n.Node               ] [_client_] closing ...
[2020-02-18T18:08:07,854][INFO ][o.e.n.Node               ] [_client_] closed
[2020-02-18T18:08:53,165][INFO ][o.e.n.Node               ] [_client_] initializing ...
[2020-02-18T18:08:54,144][INFO ][o.e.e.NodeEnvironment    ] [_client_] using [1] data paths, mounts [[(C:)]], net usable_space [233.2gb], net total_space [334gb], spins? [unknown], types [NTFS]
[2020-02-18T18:08:54,145][INFO ][o.e.e.NodeEnvironment    ] [_client_] heap size [1.9gb], compressed ordinary object pointers [true]
[2020-02-18T18:08:54,158][INFO ][o.e.n.Node               ] [_client_] node name [_client_], node ID [60nVdGshR3yZtST_014vlQ]
[2020-02-18T18:08:54,159][INFO ][o.e.n.Node               ] [_client_] version[5.6.16], pid[6512], build[3a740d1/2019-03-13T15:33:36.565Z], OS[Windows 10/10.0/amd64], JVM[Oracle Corporation/Java HotSpot(TM) 64-Bit Server VM/1.8.0_221/25.221-b11]
[2020-02-18T18:08:54,160][INFO ][o.e.n.Node               ] [_client_] JVM arguments [-Xms2g, -Xmx2g, -XX:+UseConcMarkSweepGC, -XX:CMSInitiatingOccupancyFraction=75, -XX:+UseCMSInitiatingOccupancyOnly, -XX:+AlwaysPreTouch, -Xss1m, -Djava.awt.headless=true, -Dfile.encoding=UTF-8, -Djna.nosys=true, -Djdk.io.permissionsUseCanonicalPath=true, -Dio.netty.noUnsafe=true, -Dio.netty.noKeySetOptimization=true, -Dio.netty.recycler.maxCapacityPerThread=0, -Dlog4j.shutdownHookEnabled=false, -Dlog4j2.disable.jmx=true, -Dlog4j.skipJansi=true, -XX:+HeapDumpOnOutOfMemoryError, -Delasticsearch, -Des.path.home=C:\Users\Alexandar\Documents\MASTER\1_semestar\UDD\elasticsearch-5.6.16]
[2020-02-18T18:09:00,280][INFO ][o.e.p.PluginsService     ] [_client_] loaded module [aggs-matrix-stats]
[2020-02-18T18:09:00,284][INFO ][o.e.p.PluginsService     ] [_client_] loaded module [ingest-common]
[2020-02-18T18:09:00,285][INFO ][o.e.p.PluginsService     ] [_client_] loaded module [lang-expression]
[2020-02-18T18:09:00,285][INFO ][o.e.p.PluginsService     ] [_client_] loaded module [lang-groovy]
[2020-02-18T18:09:00,286][INFO ][o.e.p.PluginsService     ] [_client_] loaded module [lang-mustache]
[2020-02-18T18:09:00,286][INFO ][o.e.p.PluginsService     ] [_client_] loaded module [lang-painless]
[2020-02-18T18:09:00,287][INFO ][o.e.p.PluginsService     ] [_client_] loaded module [parent-join]
[2020-02-18T18:09:00,287][INFO ][o.e.p.PluginsService     ] [_client_] loaded module [percolator]
[2020-02-18T18:09:00,288][INFO ][o.e.p.PluginsService     ] [_client_] loaded module [reindex]
[2020-02-18T18:09:00,288][INFO ][o.e.p.PluginsService     ] [_client_] loaded module [transport-netty3]
[2020-02-18T18:09:00,288][INFO ][o.e.p.PluginsService     ] [_client_] loaded module [transport-netty4]
[2020-02-18T18:09:00,290][INFO ][o.e.p.PluginsService     ] [_client_] loaded plugin [serbian-plugin]
[2020-02-18T18:09:05,470][INFO ][o.e.d.DiscoveryModule    ] [_client_] using discovery type [zen]
[2020-02-18T18:09:06,660][INFO ][o.e.n.Node               ] [_client_] initialized
[2020-02-18T18:09:06,662][INFO ][o.e.n.Node               ] [_client_] starting ...
[2020-02-18T18:09:10,745][INFO ][o.e.t.TransportService   ] [_client_] publish_address {127.0.0.1:9300}, bound_addresses {127.0.0.1:9300}, {[::1]:9300}
[2020-02-18T18:09:13,924][INFO ][o.e.c.s.ClusterService   ] [_client_] new_master {_client_}{60nVdGshR3yZtST_014vlQ}{TZVr-tu6Q5eoEuu2Y9CB6g}{127.0.0.1}{127.0.0.1:9300}, reason: zen-disco-elected-as-master ([0] nodes joined)
[2020-02-18T18:09:14,000][INFO ][o.e.g.GatewayService     ] [_client_] recovered [0] indices into cluster_state
[2020-02-18T18:09:16,146][INFO ][o.e.h.n.Netty4HttpServerTransport] [_client_] publish_address {127.0.0.1:9200}, bound_addresses {127.0.0.1:9200}, {[::1]:9200}
[2020-02-18T18:09:16,147][INFO ][o.e.n.Node               ] [_client_] started
[2020-02-18T18:12:09,748][INFO ][o.e.c.m.MetaDataCreateIndexService] [_client_] [libraryserbian] creating index, cause [auto(bulk api)], templates [], shards [5]/[1], mappings []
[2020-02-18T18:12:10,864][INFO ][o.e.c.m.MetaDataMappingService] [_client_] [libraryserbian/9hHCiPIoTouG-p5Y1o2qVA] create_mapping [radovi]
[2020-02-18T18:13:31,930][INFO ][o.e.n.Node               ] [_client_] stopping ...
[2020-02-18T18:13:32,047][INFO ][o.e.n.Node               ] [_client_] stopped
[2020-02-18T18:13:32,048][INFO ][o.e.n.Node               ] [_client_] closing ...
[2020-02-18T18:13:32,075][INFO ][o.e.n.Node               ] [_client_] closed
[2020-02-18T18:14:06,222][INFO ][o.e.n.Node               ] [_client_] initializing ...
[2020-02-18T18:14:07,483][INFO ][o.e.e.NodeEnvironment    ] [_client_] using [1] data paths, mounts [[(C:)]], net usable_space [233.2gb], net total_space [334gb], spins? [unknown], types [NTFS]
[2020-02-18T18:14:07,484][INFO ][o.e.e.NodeEnvironment    ] [_client_] heap size [1.9gb], compressed ordinary object pointers [true]
[2020-02-18T18:14:07,504][INFO ][o.e.n.Node               ] [_client_] node name [_client_], node ID [x3tzvtt5QfG5Q1xRKzGUQQ]
[2020-02-18T18:14:07,507][INFO ][o.e.n.Node               ] [_client_] version[5.6.16], pid[9780], build[3a740d1/2019-03-13T15:33:36.565Z], OS[Windows 10/10.0/amd64], JVM[Oracle Corporation/Java HotSpot(TM) 64-Bit Server VM/1.8.0_221/25.221-b11]
[2020-02-18T18:14:07,510][INFO ][o.e.n.Node               ] [_client_] JVM arguments [-Xms2g, -Xmx2g, -XX:+UseConcMarkSweepGC, -XX:CMSInitiatingOccupancyFraction=75, -XX:+UseCMSInitiatingOccupancyOnly, -XX:+AlwaysPreTouch, -Xss1m, -Djava.awt.headless=true, -Dfile.encoding=UTF-8, -Djna.nosys=true, -Djdk.io.permissionsUseCanonicalPath=true, -Dio.netty.noUnsafe=true, -Dio.netty.noKeySetOptimization=true, -Dio.netty.recycler.maxCapacityPerThread=0, -Dlog4j.shutdownHookEnabled=false, -Dlog4j2.disable.jmx=true, -Dlog4j.skipJansi=true, -XX:+HeapDumpOnOutOfMemoryError, -Delasticsearch, -Des.path.home=C:\Users\Alexandar\Documents\MASTER\1_semestar\UDD\elasticsearch-5.6.16]
[2020-02-18T18:14:13,156][INFO ][o.e.p.PluginsService     ] [_client_] loaded module [aggs-matrix-stats]
[2020-02-18T18:14:13,166][INFO ][o.e.p.PluginsService     ] [_client_] loaded module [ingest-common]
[2020-02-18T18:14:13,177][INFO ][o.e.p.PluginsService     ] [_client_] loaded module [lang-expression]
[2020-02-18T18:14:13,181][INFO ][o.e.p.PluginsService     ] [_client_] loaded module [lang-groovy]
[2020-02-18T18:14:13,187][INFO ][o.e.p.PluginsService     ] [_client_] loaded module [lang-mustache]
[2020-02-18T18:14:13,195][INFO ][o.e.p.PluginsService     ] [_client_] loaded module [lang-painless]
[2020-02-18T18:14:13,210][INFO ][o.e.p.PluginsService     ] [_client_] loaded module [parent-join]
[2020-02-18T18:14:13,220][INFO ][o.e.p.PluginsService     ] [_client_] loaded module [percolator]
[2020-02-18T18:14:13,228][INFO ][o.e.p.PluginsService     ] [_client_] loaded module [reindex]
[2020-02-18T18:14:13,234][INFO ][o.e.p.PluginsService     ] [_client_] loaded module [transport-netty3]
[2020-02-18T18:14:13,238][INFO ][o.e.p.PluginsService     ] [_client_] loaded module [transport-netty4]
[2020-02-18T18:14:13,247][INFO ][o.e.p.PluginsService     ] [_client_] loaded plugin [serbian-plugin]
[2020-02-18T18:14:21,449][INFO ][o.e.d.DiscoveryModule    ] [_client_] using discovery type [zen]
[2020-02-18T18:14:22,928][INFO ][o.e.n.Node               ] [_client_] initialized
[2020-02-18T18:14:22,929][INFO ][o.e.n.Node               ] [_client_] starting ...
[2020-02-18T18:14:29,679][INFO ][o.e.t.TransportService   ] [_client_] publish_address {127.0.0.1:9300}, bound_addresses {127.0.0.1:9300}, {[::1]:9300}
[2020-02-18T18:14:32,895][INFO ][o.e.c.s.ClusterService   ] [_client_] new_master {_client_}{x3tzvtt5QfG5Q1xRKzGUQQ}{Sgya2aD_QrOCUJky1pxMLQ}{127.0.0.1}{127.0.0.1:9300}, reason: zen-disco-elected-as-master ([0] nodes joined)
[2020-02-18T18:14:32,999][INFO ][o.e.g.GatewayService     ] [_client_] recovered [0] indices into cluster_state
[2020-02-18T18:14:39,935][INFO ][o.e.h.n.Netty4HttpServerTransport] [_client_] publish_address {127.0.0.1:9200}, bound_addresses {127.0.0.1:9200}, {[::1]:9200}
[2020-02-18T18:14:39,938][INFO ][o.e.n.Node               ] [_client_] started
[2020-02-18T18:59:02,489][INFO ][o.e.c.m.MetaDataCreateIndexService] [_client_] [libraryserbian] creating index, cause [auto(bulk api)], templates [], shards [5]/[1], mappings []
[2020-02-18T18:59:03,567][INFO ][o.e.c.m.MetaDataMappingService] [_client_] [libraryserbian/pY4O5ShQThWIVvVbbwu5IA] create_mapping [radovi]
[2020-02-18T19:23:13,198][DEBUG][o.e.a.a.i.m.p.TransportPutMappingAction] [_client_] failed to put mappings on indices [[[libraryserbian/pY4O5ShQThWIVvVbbwu5IA]]], type [radovi]
java.lang.IllegalArgumentException: Mapper for [kljucniPojmovi] conflicts with existing mapping in other types:
[mapper [kljucniPojmovi] has different [store] values, mapper [kljucniPojmovi] has different [analyzer]]
	at org.elasticsearch.index.mapper.FieldTypeLookup.checkCompatibility(FieldTypeLookup.java:130) ~[elasticsearch-5.6.16.jar:5.6.16]
	at org.elasticsearch.index.mapper.FieldTypeLookup.copyAndAddAll(FieldTypeLookup.java:94) ~[elasticsearch-5.6.16.jar:5.6.16]
	at org.elasticsearch.index.mapper.MapperService.internalMerge(MapperService.java:400) ~[elasticsearch-5.6.16.jar:5.6.16]
	at org.elasticsearch.index.mapper.MapperService.internalMerge(MapperService.java:336) ~[elasticsearch-5.6.16.jar:5.6.16]
	at org.elasticsearch.index.mapper.MapperService.merge(MapperService.java:268) ~[elasticsearch-5.6.16.jar:5.6.16]
	at org.elasticsearch.cluster.metadata.MetaDataMappingService$PutMappingExecutor.applyRequest(MetaDataMappingService.java:311) ~[elasticsearch-5.6.16.jar:5.6.16]
	at org.elasticsearch.cluster.metadata.MetaDataMappingService$PutMappingExecutor.execute(MetaDataMappingService.java:230) ~[elasticsearch-5.6.16.jar:5.6.16]
	at org.elasticsearch.cluster.service.ClusterService.executeTasks(ClusterService.java:634) ~[elasticsearch-5.6.16.jar:5.6.16]
	at org.elasticsearch.cluster.service.ClusterService.calculateTaskOutputs(ClusterService.java:612) ~[elasticsearch-5.6.16.jar:5.6.16]
	at org.elasticsearch.cluster.service.ClusterService.runTasks(ClusterService.java:571) [elasticsearch-5.6.16.jar:5.6.16]
	at org.elasticsearch.cluster.service.ClusterService$ClusterServiceTaskBatcher.run(ClusterService.java:263) [elasticsearch-5.6.16.jar:5.6.16]
	at org.elasticsearch.cluster.service.TaskBatcher.runIfNotProcessed(TaskBatcher.java:150) [elasticsearch-5.6.16.jar:5.6.16]
	at org.elasticsearch.cluster.service.TaskBatcher$BatchedTask.run(TaskBatcher.java:188) [elasticsearch-5.6.16.jar:5.6.16]
	at org.elasticsearch.common.util.concurrent.ThreadContext$ContextPreservingRunnable.run(ThreadContext.java:576) [elasticsearch-5.6.16.jar:5.6.16]
	at org.elasticsearch.common.util.concurrent.PrioritizedEsThreadPoolExecutor$TieBreakingPrioritizedRunnable.runAndClean(PrioritizedEsThreadPoolExecutor.java:247) [elasticsearch-5.6.16.jar:5.6.16]
	at org.elasticsearch.common.util.concurrent.PrioritizedEsThreadPoolExecutor$TieBreakingPrioritizedRunnable.run(PrioritizedEsThreadPoolExecutor.java:210) [elasticsearch-5.6.16.jar:5.6.16]
	at java.util.concurrent.ThreadPoolExecutor.runWorker(ThreadPoolExecutor.java:1149) [?:1.8.0_221]
	at java.util.concurrent.ThreadPoolExecutor$Worker.run(ThreadPoolExecutor.java:624) [?:1.8.0_221]
	at java.lang.Thread.run(Thread.java:748) [?:1.8.0_221]
[2020-02-18T19:23:26,986][INFO ][o.e.n.Node               ] [_client_] stopping ...
[2020-02-18T19:23:27,050][INFO ][o.e.n.Node               ] [_client_] stopped
[2020-02-18T19:23:27,053][INFO ][o.e.n.Node               ] [_client_] closing ...
[2020-02-18T19:23:27,088][INFO ][o.e.n.Node               ] [_client_] closed
[2020-02-18T19:23:49,793][INFO ][o.e.n.Node               ] [_client_] initializing ...
[2020-02-18T19:23:50,728][INFO ][o.e.e.NodeEnvironment    ] [_client_] using [1] data paths, mounts [[(C:)]], net usable_space [233.2gb], net total_space [334gb], spins? [unknown], types [NTFS]
[2020-02-18T19:23:50,729][INFO ][o.e.e.NodeEnvironment    ] [_client_] heap size [1.9gb], compressed ordinary object pointers [true]
[2020-02-18T19:23:50,737][INFO ][o.e.n.Node               ] [_client_] node name [_client_], node ID [52_08QyqTjqleSf2sMYwUg]
[2020-02-18T19:23:50,738][INFO ][o.e.n.Node               ] [_client_] version[5.6.16], pid[12796], build[3a740d1/2019-03-13T15:33:36.565Z], OS[Windows 10/10.0/amd64], JVM[Oracle Corporation/Java HotSpot(TM) 64-Bit Server VM/1.8.0_221/25.221-b11]
[2020-02-18T19:23:50,739][INFO ][o.e.n.Node               ] [_client_] JVM arguments [-Xms2g, -Xmx2g, -XX:+UseConcMarkSweepGC, -XX:CMSInitiatingOccupancyFraction=75, -XX:+UseCMSInitiatingOccupancyOnly, -XX:+AlwaysPreTouch, -Xss1m, -Djava.awt.headless=true, -Dfile.encoding=UTF-8, -Djna.nosys=true, -Djdk.io.permissionsUseCanonicalPath=true, -Dio.netty.noUnsafe=true, -Dio.netty.noKeySetOptimization=true, -Dio.netty.recycler.maxCapacityPerThread=0, -Dlog4j.shutdownHookEnabled=false, -Dlog4j2.disable.jmx=true, -Dlog4j.skipJansi=true, -XX:+HeapDumpOnOutOfMemoryError, -Delasticsearch, -Des.path.home=C:\Users\Alexandar\Documents\MASTER\1_semestar\UDD\elasticsearch-5.6.16]
[2020-02-18T19:23:54,164][INFO ][o.e.p.PluginsService     ] [_client_] loaded module [aggs-matrix-stats]
[2020-02-18T19:23:54,166][INFO ][o.e.p.PluginsService     ] [_client_] loaded module [ingest-common]
[2020-02-18T19:23:54,167][INFO ][o.e.p.PluginsService     ] [_client_] loaded module [lang-expression]
[2020-02-18T19:23:54,171][INFO ][o.e.p.PluginsService     ] [_client_] loaded module [lang-groovy]
[2020-02-18T19:23:54,173][INFO ][o.e.p.PluginsService     ] [_client_] loaded module [lang-mustache]
[2020-02-18T19:23:54,174][INFO ][o.e.p.PluginsService     ] [_client_] loaded module [lang-painless]
[2020-02-18T19:23:54,177][INFO ][o.e.p.PluginsService     ] [_client_] loaded module [parent-join]
[2020-02-18T19:23:54,178][INFO ][o.e.p.PluginsService     ] [_client_] loaded module [percolator]
[2020-02-18T19:23:54,182][INFO ][o.e.p.PluginsService     ] [_client_] loaded module [reindex]
[2020-02-18T19:23:54,185][INFO ][o.e.p.PluginsService     ] [_client_] loaded module [transport-netty3]
[2020-02-18T19:23:54,186][INFO ][o.e.p.PluginsService     ] [_client_] loaded module [transport-netty4]
[2020-02-18T19:23:54,187][INFO ][o.e.p.PluginsService     ] [_client_] loaded plugin [serbian-plugin]
[2020-02-18T19:24:00,961][INFO ][o.e.d.DiscoveryModule    ] [_client_] using discovery type [zen]
[2020-02-18T19:24:02,582][INFO ][o.e.n.Node               ] [_client_] initialized
[2020-02-18T19:24:02,585][INFO ][o.e.n.Node               ] [_client_] starting ...
[2020-02-18T19:24:09,255][INFO ][o.e.t.TransportService   ] [_client_] publish_address {127.0.0.1:9300}, bound_addresses {127.0.0.1:9300}, {[::1]:9300}
[2020-02-18T19:24:12,637][INFO ][o.e.c.s.ClusterService   ] [_client_] new_master {_client_}{52_08QyqTjqleSf2sMYwUg}{DRa8f63BRBaYIOhR6QoF-A}{127.0.0.1}{127.0.0.1:9300}, reason: zen-disco-elected-as-master ([0] nodes joined)
[2020-02-18T19:24:13,125][INFO ][o.e.g.GatewayService     ] [_client_] recovered [0] indices into cluster_state
[2020-02-18T19:24:17,436][INFO ][o.e.h.n.Netty4HttpServerTransport] [_client_] publish_address {127.0.0.1:9200}, bound_addresses {127.0.0.1:9200}, {[::1]:9200}
[2020-02-18T19:24:17,437][INFO ][o.e.n.Node               ] [_client_] started
[2020-02-18T19:24:30,602][INFO ][o.e.c.m.MetaDataCreateIndexService] [_client_] [libraryserbian] creating index, cause [api], templates [], shards [1]/[0], mappings []
[2020-02-18T19:24:31,433][INFO ][o.e.c.r.a.AllocationService] [_client_] Cluster health status changed from [YELLOW] to [GREEN] (reason: [shards started [[libraryserbian][0]] ...]).
[2020-02-18T19:24:31,841][INFO ][o.e.c.m.MetaDataMappingService] [_client_] [libraryserbian/YP61-kWeQz-V0Ua8nIal_w] create_mapping [radovi]
[2020-02-18T23:22:48,239][INFO ][o.e.n.Node               ] [_client_] stopping ...
[2020-02-18T23:22:48,344][INFO ][o.e.n.Node               ] [_client_] stopped
[2020-02-18T23:22:48,344][INFO ][o.e.n.Node               ] [_client_] closing ...
[2020-02-18T23:22:48,384][INFO ][o.e.n.Node               ] [_client_] closed
[2020-02-18T23:23:48,646][INFO ][o.e.n.Node               ] [_client_] initializing ...
[2020-02-18T23:23:49,764][INFO ][o.e.e.NodeEnvironment    ] [_client_] using [1] data paths, mounts [[(C:)]], net usable_space [232.8gb], net total_space [334gb], spins? [unknown], types [NTFS]
[2020-02-18T23:23:49,765][INFO ][o.e.e.NodeEnvironment    ] [_client_] heap size [1.9gb], compressed ordinary object pointers [true]
[2020-02-18T23:23:49,776][INFO ][o.e.n.Node               ] [_client_] node name [_client_], node ID [96VZrfwVSc2Ybd0aalPgag]
[2020-02-18T23:23:49,777][INFO ][o.e.n.Node               ] [_client_] version[5.6.16], pid[7316], build[3a740d1/2019-03-13T15:33:36.565Z], OS[Windows 10/10.0/amd64], JVM[Oracle Corporation/Java HotSpot(TM) 64-Bit Server VM/1.8.0_221/25.221-b11]
[2020-02-18T23:23:49,778][INFO ][o.e.n.Node               ] [_client_] JVM arguments [-Xms2g, -Xmx2g, -XX:+UseConcMarkSweepGC, -XX:CMSInitiatingOccupancyFraction=75, -XX:+UseCMSInitiatingOccupancyOnly, -XX:+AlwaysPreTouch, -Xss1m, -Djava.awt.headless=true, -Dfile.encoding=UTF-8, -Djna.nosys=true, -Djdk.io.permissionsUseCanonicalPath=true, -Dio.netty.noUnsafe=true, -Dio.netty.noKeySetOptimization=true, -Dio.netty.recycler.maxCapacityPerThread=0, -Dlog4j.shutdownHookEnabled=false, -Dlog4j2.disable.jmx=true, -Dlog4j.skipJansi=true, -XX:+HeapDumpOnOutOfMemoryError, -Delasticsearch, -Des.path.home=C:\Users\Alexandar\Documents\MASTER\1_semestar\UDD\elasticsearch-5.6.16]
[2020-02-18T23:23:56,506][INFO ][o.e.p.PluginsService     ] [_client_] loaded module [aggs-matrix-stats]
[2020-02-18T23:23:56,506][INFO ][o.e.p.PluginsService     ] [_client_] loaded module [ingest-common]
[2020-02-18T23:23:56,508][INFO ][o.e.p.PluginsService     ] [_client_] loaded module [lang-expression]
[2020-02-18T23:23:56,508][INFO ][o.e.p.PluginsService     ] [_client_] loaded module [lang-groovy]
[2020-02-18T23:23:56,509][INFO ][o.e.p.PluginsService     ] [_client_] loaded module [lang-mustache]
[2020-02-18T23:23:56,509][INFO ][o.e.p.PluginsService     ] [_client_] loaded module [lang-painless]
[2020-02-18T23:23:56,510][INFO ][o.e.p.PluginsService     ] [_client_] loaded module [parent-join]
[2020-02-18T23:23:56,510][INFO ][o.e.p.PluginsService     ] [_client_] loaded module [percolator]
[2020-02-18T23:23:56,511][INFO ][o.e.p.PluginsService     ] [_client_] loaded module [reindex]
[2020-02-18T23:23:56,513][INFO ][o.e.p.PluginsService     ] [_client_] loaded module [transport-netty3]
[2020-02-18T23:23:56,513][INFO ][o.e.p.PluginsService     ] [_client_] loaded module [transport-netty4]
[2020-02-18T23:23:56,515][INFO ][o.e.p.PluginsService     ] [_client_] loaded plugin [serbian-plugin]
[2020-02-18T23:24:02,433][INFO ][o.e.d.DiscoveryModule    ] [_client_] using discovery type [zen]
[2020-02-18T23:24:03,511][INFO ][o.e.n.Node               ] [_client_] initialized
[2020-02-18T23:24:03,514][INFO ][o.e.n.Node               ] [_client_] starting ...
[2020-02-18T23:24:06,962][INFO ][o.e.t.TransportService   ] [_client_] publish_address {127.0.0.1:9300}, bound_addresses {127.0.0.1:9300}, {[::1]:9300}
[2020-02-18T23:24:10,089][INFO ][o.e.c.s.ClusterService   ] [_client_] new_master {_client_}{96VZrfwVSc2Ybd0aalPgag}{Esoa-xEkS7awVoYFY6mWvg}{127.0.0.1}{127.0.0.1:9300}, reason: zen-disco-elected-as-master ([0] nodes joined)
[2020-02-18T23:24:10,156][INFO ][o.e.g.GatewayService     ] [_client_] recovered [0] indices into cluster_state
[2020-02-18T23:24:12,653][INFO ][o.e.h.n.Netty4HttpServerTransport] [_client_] publish_address {127.0.0.1:9200}, bound_addresses {127.0.0.1:9200}, {[::1]:9200}
[2020-02-18T23:24:12,654][INFO ][o.e.n.Node               ] [_client_] started
[2020-02-18T23:26:12,661][INFO ][o.e.c.m.MetaDataCreateIndexService] [_client_] [libraryserbian] creating index, cause [auto(bulk api)], templates [], shards [5]/[1], mappings []
[2020-02-18T23:26:13,700][INFO ][o.e.c.m.MetaDataMappingService] [_client_] [libraryserbian/qJ-HDlVGQDi7PHMD4Z2DXw] create_mapping [radovi]
[2020-02-18T23:31:22,706][DEBUG][o.e.a.a.i.m.p.TransportPutMappingAction] [_client_] failed to put mappings on indices [[[libraryserbian/qJ-HDlVGQDi7PHMD4Z2DXw]]], type [radovi]
java.lang.IllegalArgumentException: Mapper for [kljucniPojmovi] conflicts with existing mapping in other types:
[mapper [kljucniPojmovi] has different [store] values, mapper [kljucniPojmovi] has different [analyzer]]
	at org.elasticsearch.index.mapper.FieldTypeLookup.checkCompatibility(FieldTypeLookup.java:130) ~[elasticsearch-5.6.16.jar:5.6.16]
	at org.elasticsearch.index.mapper.FieldTypeLookup.copyAndAddAll(FieldTypeLookup.java:94) ~[elasticsearch-5.6.16.jar:5.6.16]
	at org.elasticsearch.index.mapper.MapperService.internalMerge(MapperService.java:400) ~[elasticsearch-5.6.16.jar:5.6.16]
	at org.elasticsearch.index.mapper.MapperService.internalMerge(MapperService.java:336) ~[elasticsearch-5.6.16.jar:5.6.16]
	at org.elasticsearch.index.mapper.MapperService.merge(MapperService.java:268) ~[elasticsearch-5.6.16.jar:5.6.16]
	at org.elasticsearch.cluster.metadata.MetaDataMappingService$PutMappingExecutor.applyRequest(MetaDataMappingService.java:311) ~[elasticsearch-5.6.16.jar:5.6.16]
	at org.elasticsearch.cluster.metadata.MetaDataMappingService$PutMappingExecutor.execute(MetaDataMappingService.java:230) ~[elasticsearch-5.6.16.jar:5.6.16]
	at org.elasticsearch.cluster.service.ClusterService.executeTasks(ClusterService.java:634) ~[elasticsearch-5.6.16.jar:5.6.16]
	at org.elasticsearch.cluster.service.ClusterService.calculateTaskOutputs(ClusterService.java:612) ~[elasticsearch-5.6.16.jar:5.6.16]
	at org.elasticsearch.cluster.service.ClusterService.runTasks(ClusterService.java:571) [elasticsearch-5.6.16.jar:5.6.16]
	at org.elasticsearch.cluster.service.ClusterService$ClusterServiceTaskBatcher.run(ClusterService.java:263) [elasticsearch-5.6.16.jar:5.6.16]
	at org.elasticsearch.cluster.service.TaskBatcher.runIfNotProcessed(TaskBatcher.java:150) [elasticsearch-5.6.16.jar:5.6.16]
	at org.elasticsearch.cluster.service.TaskBatcher$BatchedTask.run(TaskBatcher.java:188) [elasticsearch-5.6.16.jar:5.6.16]
	at org.elasticsearch.common.util.concurrent.ThreadContext$ContextPreservingRunnable.run(ThreadContext.java:576) [elasticsearch-5.6.16.jar:5.6.16]
	at org.elasticsearch.common.util.concurrent.PrioritizedEsThreadPoolExecutor$TieBreakingPrioritizedRunnable.runAndClean(PrioritizedEsThreadPoolExecutor.java:247) [elasticsearch-5.6.16.jar:5.6.16]
	at org.elasticsearch.common.util.concurrent.PrioritizedEsThreadPoolExecutor$TieBreakingPrioritizedRunnable.run(PrioritizedEsThreadPoolExecutor.java:210) [elasticsearch-5.6.16.jar:5.6.16]
	at java.util.concurrent.ThreadPoolExecutor.runWorker(ThreadPoolExecutor.java:1149) [?:1.8.0_221]
	at java.util.concurrent.ThreadPoolExecutor$Worker.run(ThreadPoolExecutor.java:624) [?:1.8.0_221]
	at java.lang.Thread.run(Thread.java:748) [?:1.8.0_221]
[2020-02-18T23:31:30,060][INFO ][o.e.n.Node               ] [_client_] stopping ...
[2020-02-18T23:31:30,175][INFO ][o.e.n.Node               ] [_client_] stopped
[2020-02-18T23:31:30,176][INFO ][o.e.n.Node               ] [_client_] closing ...
[2020-02-18T23:31:30,193][INFO ][o.e.n.Node               ] [_client_] closed
[2020-02-18T23:31:45,883][INFO ][o.e.n.Node               ] [_client_] initializing ...
[2020-02-18T23:31:46,714][INFO ][o.e.e.NodeEnvironment    ] [_client_] using [1] data paths, mounts [[(C:)]], net usable_space [232.8gb], net total_space [334gb], spins? [unknown], types [NTFS]
[2020-02-18T23:31:46,716][INFO ][o.e.e.NodeEnvironment    ] [_client_] heap size [1.9gb], compressed ordinary object pointers [true]
[2020-02-18T23:31:46,729][INFO ][o.e.n.Node               ] [_client_] node name [_client_], node ID [hDHYvrDlQMyrjcCCcADhYQ]
[2020-02-18T23:31:46,731][INFO ][o.e.n.Node               ] [_client_] version[5.6.16], pid[13252], build[3a740d1/2019-03-13T15:33:36.565Z], OS[Windows 10/10.0/amd64], JVM[Oracle Corporation/Java HotSpot(TM) 64-Bit Server VM/1.8.0_221/25.221-b11]
[2020-02-18T23:31:46,732][INFO ][o.e.n.Node               ] [_client_] JVM arguments [-Xms2g, -Xmx2g, -XX:+UseConcMarkSweepGC, -XX:CMSInitiatingOccupancyFraction=75, -XX:+UseCMSInitiatingOccupancyOnly, -XX:+AlwaysPreTouch, -Xss1m, -Djava.awt.headless=true, -Dfile.encoding=UTF-8, -Djna.nosys=true, -Djdk.io.permissionsUseCanonicalPath=true, -Dio.netty.noUnsafe=true, -Dio.netty.noKeySetOptimization=true, -Dio.netty.recycler.maxCapacityPerThread=0, -Dlog4j.shutdownHookEnabled=false, -Dlog4j2.disable.jmx=true, -Dlog4j.skipJansi=true, -XX:+HeapDumpOnOutOfMemoryError, -Delasticsearch, -Des.path.home=C:\Users\Alexandar\Documents\MASTER\1_semestar\UDD\elasticsearch-5.6.16]
[2020-02-18T23:31:48,904][INFO ][o.e.p.PluginsService     ] [_client_] loaded module [aggs-matrix-stats]
[2020-02-18T23:31:48,907][INFO ][o.e.p.PluginsService     ] [_client_] loaded module [ingest-common]
[2020-02-18T23:31:48,909][INFO ][o.e.p.PluginsService     ] [_client_] loaded module [lang-expression]
[2020-02-18T23:31:48,910][INFO ][o.e.p.PluginsService     ] [_client_] loaded module [lang-groovy]
[2020-02-18T23:31:48,911][INFO ][o.e.p.PluginsService     ] [_client_] loaded module [lang-mustache]
[2020-02-18T23:31:48,912][INFO ][o.e.p.PluginsService     ] [_client_] loaded module [lang-painless]
[2020-02-18T23:31:48,914][INFO ][o.e.p.PluginsService     ] [_client_] loaded module [parent-join]
[2020-02-18T23:31:48,916][INFO ][o.e.p.PluginsService     ] [_client_] loaded module [percolator]
[2020-02-18T23:31:48,920][INFO ][o.e.p.PluginsService     ] [_client_] loaded module [reindex]
[2020-02-18T23:31:48,921][INFO ][o.e.p.PluginsService     ] [_client_] loaded module [transport-netty3]
[2020-02-18T23:31:48,922][INFO ][o.e.p.PluginsService     ] [_client_] loaded module [transport-netty4]
[2020-02-18T23:31:48,924][INFO ][o.e.p.PluginsService     ] [_client_] loaded plugin [serbian-plugin]
[2020-02-18T23:31:53,242][INFO ][o.e.d.DiscoveryModule    ] [_client_] using discovery type [zen]
[2020-02-18T23:31:54,200][INFO ][o.e.n.Node               ] [_client_] initialized
[2020-02-18T23:31:54,202][INFO ][o.e.n.Node               ] [_client_] starting ...
[2020-02-18T23:31:57,456][INFO ][o.e.t.TransportService   ] [_client_] publish_address {127.0.0.1:9300}, bound_addresses {127.0.0.1:9300}, {[::1]:9300}
[2020-02-18T23:32:00,541][INFO ][o.e.c.s.ClusterService   ] [_client_] new_master {_client_}{hDHYvrDlQMyrjcCCcADhYQ}{hAU3pZAcTNOkPmUxNbBTqQ}{127.0.0.1}{127.0.0.1:9300}, reason: zen-disco-elected-as-master ([0] nodes joined)
[2020-02-18T23:32:00,597][INFO ][o.e.g.GatewayService     ] [_client_] recovered [0] indices into cluster_state
[2020-02-18T23:32:02,274][INFO ][o.e.h.n.Netty4HttpServerTransport] [_client_] publish_address {127.0.0.1:9200}, bound_addresses {127.0.0.1:9200}, {[::1]:9200}
[2020-02-18T23:32:02,275][INFO ][o.e.n.Node               ] [_client_] started
[2020-02-18T23:32:57,364][INFO ][o.e.c.m.MetaDataCreateIndexService] [_client_] [libraryserbian] creating index, cause [api], templates [], shards [1]/[0], mappings []
[2020-02-18T23:32:57,878][INFO ][o.e.c.r.a.AllocationService] [_client_] Cluster health status changed from [YELLOW] to [GREEN] (reason: [shards started [[libraryserbian][0]] ...]).
[2020-02-18T23:32:58,150][INFO ][o.e.c.m.MetaDataMappingService] [_client_] [libraryserbian/z_1CsDXASGqFF6688fq4dw] create_mapping [radovi]
[2020-02-18T23:41:35,718][INFO ][o.e.n.Node               ] [_client_] stopping ...
[2020-02-18T23:41:35,799][INFO ][o.e.n.Node               ] [_client_] stopped
[2020-02-18T23:41:35,800][INFO ][o.e.n.Node               ] [_client_] closing ...
[2020-02-18T23:41:35,845][INFO ][o.e.n.Node               ] [_client_] closed
[2020-02-18T23:41:51,123][INFO ][o.e.n.Node               ] [_client_] initializing ...
[2020-02-18T23:41:53,512][INFO ][o.e.e.NodeEnvironment    ] [_client_] using [1] data paths, mounts [[(C:)]], net usable_space [232.8gb], net total_space [334gb], spins? [unknown], types [NTFS]
[2020-02-18T23:41:53,513][INFO ][o.e.e.NodeEnvironment    ] [_client_] heap size [1.9gb], compressed ordinary object pointers [true]
[2020-02-18T23:41:53,529][INFO ][o.e.n.Node               ] [_client_] node name [_client_], node ID [W4dkoBCCQuWvbxjguBtQ3w]
[2020-02-18T23:41:53,531][INFO ][o.e.n.Node               ] [_client_] version[5.6.16], pid[14268], build[3a740d1/2019-03-13T15:33:36.565Z], OS[Windows 10/10.0/amd64], JVM[Oracle Corporation/Java HotSpot(TM) 64-Bit Server VM/1.8.0_221/25.221-b11]
[2020-02-18T23:41:53,532][INFO ][o.e.n.Node               ] [_client_] JVM arguments [-Xms2g, -Xmx2g, -XX:+UseConcMarkSweepGC, -XX:CMSInitiatingOccupancyFraction=75, -XX:+UseCMSInitiatingOccupancyOnly, -XX:+AlwaysPreTouch, -Xss1m, -Djava.awt.headless=true, -Dfile.encoding=UTF-8, -Djna.nosys=true, -Djdk.io.permissionsUseCanonicalPath=true, -Dio.netty.noUnsafe=true, -Dio.netty.noKeySetOptimization=true, -Dio.netty.recycler.maxCapacityPerThread=0, -Dlog4j.shutdownHookEnabled=false, -Dlog4j2.disable.jmx=true, -Dlog4j.skipJansi=true, -XX:+HeapDumpOnOutOfMemoryError, -Delasticsearch, -Des.path.home=C:\Users\Alexandar\Documents\MASTER\1_semestar\UDD\elasticsearch-5.6.16]
[2020-02-18T23:41:55,851][INFO ][o.e.p.PluginsService     ] [_client_] loaded module [aggs-matrix-stats]
[2020-02-18T23:41:55,851][INFO ][o.e.p.PluginsService     ] [_client_] loaded module [ingest-common]
[2020-02-18T23:41:55,854][INFO ][o.e.p.PluginsService     ] [_client_] loaded module [lang-expression]
[2020-02-18T23:41:55,855][INFO ][o.e.p.PluginsService     ] [_client_] loaded module [lang-groovy]
[2020-02-18T23:41:55,856][INFO ][o.e.p.PluginsService     ] [_client_] loaded module [lang-mustache]
[2020-02-18T23:41:55,857][INFO ][o.e.p.PluginsService     ] [_client_] loaded module [lang-painless]
[2020-02-18T23:41:55,859][INFO ][o.e.p.PluginsService     ] [_client_] loaded module [parent-join]
[2020-02-18T23:41:55,860][INFO ][o.e.p.PluginsService     ] [_client_] loaded module [percolator]
[2020-02-18T23:41:55,861][INFO ][o.e.p.PluginsService     ] [_client_] loaded module [reindex]
[2020-02-18T23:41:55,864][INFO ][o.e.p.PluginsService     ] [_client_] loaded module [transport-netty3]
[2020-02-18T23:41:55,865][INFO ][o.e.p.PluginsService     ] [_client_] loaded module [transport-netty4]
[2020-02-18T23:41:55,869][INFO ][o.e.p.PluginsService     ] [_client_] loaded plugin [serbian-plugin]
[2020-02-18T23:42:03,354][INFO ][o.e.d.DiscoveryModule    ] [_client_] using discovery type [zen]
[2020-02-18T23:42:04,502][INFO ][o.e.n.Node               ] [_client_] initialized
[2020-02-18T23:42:04,503][INFO ][o.e.n.Node               ] [_client_] starting ...
[2020-02-18T23:42:08,011][INFO ][o.e.t.TransportService   ] [_client_] publish_address {127.0.0.1:9300}, bound_addresses {127.0.0.1:9300}, {[::1]:9300}
[2020-02-18T23:42:11,104][INFO ][o.e.c.s.ClusterService   ] [_client_] new_master {_client_}{W4dkoBCCQuWvbxjguBtQ3w}{PONLgQb6SbCCOIzJEOx3gA}{127.0.0.1}{127.0.0.1:9300}, reason: zen-disco-elected-as-master ([0] nodes joined)
[2020-02-18T23:42:12,145][INFO ][o.e.g.GatewayService     ] [_client_] recovered [0] indices into cluster_state
[2020-02-18T23:42:12,996][INFO ][o.e.h.n.Netty4HttpServerTransport] [_client_] publish_address {127.0.0.1:9200}, bound_addresses {127.0.0.1:9200}, {[::1]:9200}
[2020-02-18T23:42:12,997][INFO ][o.e.n.Node               ] [_client_] started
[2020-02-18T23:50:20,931][INFO ][o.e.c.m.MetaDataCreateIndexService] [_client_] [libraryserbian] creating index, cause [auto(bulk api)], templates [], shards [5]/[1], mappings []
[2020-02-18T23:50:21,695][INFO ][o.e.c.m.MetaDataMappingService] [_client_] [libraryserbian/sF8UTyQqTxmNr7No1cflug] create_mapping [radovi]
[2020-02-18T23:56:24,928][INFO ][o.e.n.Node               ] [_client_] stopping ...
[2020-02-18T23:56:25,028][INFO ][o.e.n.Node               ] [_client_] stopped
[2020-02-18T23:56:25,029][INFO ][o.e.n.Node               ] [_client_] closing ...
[2020-02-18T23:56:25,047][INFO ][o.e.n.Node               ] [_client_] closed
