[2019-12-21T01:12:51,066][INFO ][o.e.n.Node               ] [_client_] initializing ...
[2019-12-21T01:12:51,331][INFO ][o.e.e.NodeEnvironment    ] [_client_] using [1] data paths, mounts [[(C:)]], net usable_space [238.1gb], net total_space [334gb], spins? [unknown], types [NTFS]
[2019-12-21T01:12:51,332][INFO ][o.e.e.NodeEnvironment    ] [_client_] heap size [1.9gb], compressed ordinary object pointers [true]
[2019-12-21T01:12:51,371][INFO ][o.e.n.Node               ] [_client_] node name [_client_], node ID [e1Luuh4fTCis_OYXP2cAGQ]
[2019-12-21T01:12:51,371][INFO ][o.e.n.Node               ] [_client_] version[5.6.16], pid[9724], build[3a740d1/2019-03-13T15:33:36.565Z], OS[Windows 10/10.0/amd64], JVM[Oracle Corporation/Java HotSpot(TM) 64-Bit Server VM/1.8.0_221/25.221-b11]
[2019-12-21T01:12:51,371][INFO ][o.e.n.Node               ] [_client_] JVM arguments [-Xms2g, -Xmx2g, -XX:+UseConcMarkSweepGC, -XX:CMSInitiatingOccupancyFraction=75, -XX:+UseCMSInitiatingOccupancyOnly, -XX:+AlwaysPreTouch, -Xss1m, -Djava.awt.headless=true, -Dfile.encoding=UTF-8, -Djna.nosys=true, -Djdk.io.permissionsUseCanonicalPath=true, -Dio.netty.noUnsafe=true, -Dio.netty.noKeySetOptimization=true, -Dio.netty.recycler.maxCapacityPerThread=0, -Dlog4j.shutdownHookEnabled=false, -Dlog4j2.disable.jmx=true, -Dlog4j.skipJansi=true, -XX:+HeapDumpOnOutOfMemoryError, -Delasticsearch, -Des.path.home=C:\Users\Alexandar\Documents\MASTER\1_semestar\UDD_UPP\elasticsearch-5.6.16]
[2019-12-21T01:13:01,146][INFO ][o.e.p.PluginsService     ] [_client_] loaded module [aggs-matrix-stats]
[2019-12-21T01:13:01,151][INFO ][o.e.p.PluginsService     ] [_client_] loaded module [ingest-common]
[2019-12-21T01:13:01,151][INFO ][o.e.p.PluginsService     ] [_client_] loaded module [lang-expression]
[2019-12-21T01:13:01,151][INFO ][o.e.p.PluginsService     ] [_client_] loaded module [lang-groovy]
[2019-12-21T01:13:01,151][INFO ][o.e.p.PluginsService     ] [_client_] loaded module [lang-mustache]
[2019-12-21T01:13:01,151][INFO ][o.e.p.PluginsService     ] [_client_] loaded module [lang-painless]
[2019-12-21T01:13:01,151][INFO ][o.e.p.PluginsService     ] [_client_] loaded module [parent-join]
[2019-12-21T01:13:01,151][INFO ][o.e.p.PluginsService     ] [_client_] loaded module [percolator]
[2019-12-21T01:13:01,151][INFO ][o.e.p.PluginsService     ] [_client_] loaded module [reindex]
[2019-12-21T01:13:01,151][INFO ][o.e.p.PluginsService     ] [_client_] loaded module [transport-netty3]
[2019-12-21T01:13:01,151][INFO ][o.e.p.PluginsService     ] [_client_] loaded module [transport-netty4]
[2019-12-21T01:13:01,151][INFO ][o.e.p.PluginsService     ] [_client_] loaded plugin [serbian-plugin]
[2019-12-21T01:13:10,072][INFO ][o.e.d.DiscoveryModule    ] [_client_] using discovery type [zen]
[2019-12-21T01:13:12,775][INFO ][o.e.n.Node               ] [_client_] initialized
[2019-12-21T01:13:12,801][INFO ][o.e.n.Node               ] [_client_] starting ...
[2019-12-21T01:13:18,907][INFO ][o.e.t.TransportService   ] [_client_] publish_address {127.0.0.1:9300}, bound_addresses {127.0.0.1:9300}, {[::1]:9300}
[2019-12-21T01:13:22,062][INFO ][o.e.c.s.ClusterService   ] [_client_] new_master {_client_}{e1Luuh4fTCis_OYXP2cAGQ}{q3QGJXNCTCSuh4Aw3MzaEA}{127.0.0.1}{127.0.0.1:9300}, reason: zen-disco-elected-as-master ([0] nodes joined)
[2019-12-21T01:13:22,786][INFO ][o.e.g.GatewayService     ] [_client_] recovered [1] indices into cluster_state
[2019-12-21T01:13:24,021][INFO ][o.e.c.r.a.AllocationService] [_client_] Cluster health status changed from [RED] to [GREEN] (reason: [shards started [[libraryserbian][0]] ...]).
[2019-12-21T01:13:25,658][INFO ][o.e.h.n.Netty4HttpServerTransport] [_client_] publish_address {127.0.0.1:9200}, bound_addresses {127.0.0.1:9200}, {[::1]:9200}
[2019-12-21T01:13:25,659][INFO ][o.e.n.Node               ] [_client_] started
[2019-12-21T01:20:29,692][INFO ][o.e.n.Node               ] [_client_] stopping ...
[2019-12-21T01:20:29,822][INFO ][o.e.n.Node               ] [_client_] stopped
[2019-12-21T01:20:29,822][INFO ][o.e.n.Node               ] [_client_] closing ...
[2019-12-21T01:20:29,842][INFO ][o.e.n.Node               ] [_client_] closed
