[2019-12-20T15:33:24,626][INFO ][o.e.n.Node               ] [node-0] initializing ...
[2019-12-20T15:33:24,782][INFO ][o.e.e.NodeEnvironment    ] [node-0] using [1] data paths, mounts [[(C:)]], net usable_space [242.9gb], net total_space [334gb], spins? [unknown], types [NTFS]
[2019-12-20T15:33:24,798][INFO ][o.e.e.NodeEnvironment    ] [node-0] heap size [1.9gb], compressed ordinary object pointers [true]
[2019-12-20T15:33:24,845][INFO ][o.e.n.Node               ] [node-0] node name [node-0], node ID [q-SJnUQ8TlG_xaXqcXz8aQ]
[2019-12-20T15:33:24,845][INFO ][o.e.n.Node               ] [node-0] version[5.6.16], pid[13388], build[3a740d1/2019-03-13T15:33:36.565Z], OS[Windows 10/10.0/amd64], JVM[Oracle Corporation/Java HotSpot(TM) 64-Bit Server VM/1.8.0_221/25.221-b11]
[2019-12-20T15:33:24,860][INFO ][o.e.n.Node               ] [node-0] JVM arguments [-Xms2g, -Xmx2g, -XX:+UseConcMarkSweepGC, -XX:CMSInitiatingOccupancyFraction=75, -XX:+UseCMSInitiatingOccupancyOnly, -XX:+AlwaysPreTouch, -Xss1m, -Djava.awt.headless=true, -Dfile.encoding=UTF-8, -Djna.nosys=true, -Djdk.io.permissionsUseCanonicalPath=true, -Dio.netty.noUnsafe=true, -Dio.netty.noKeySetOptimization=true, -Dio.netty.recycler.maxCapacityPerThread=0, -Dlog4j.shutdownHookEnabled=false, -Dlog4j2.disable.jmx=true, -Dlog4j.skipJansi=true, -XX:+HeapDumpOnOutOfMemoryError, -Delasticsearch, -Des.path.home=C:\Users\Alexandar\Documents\MASTER\1_semestar\UDD_UPP\elasticsearch-5.6.16]
[2019-12-20T15:33:27,278][INFO ][o.e.p.PluginsService     ] [node-0] loaded module [aggs-matrix-stats]
[2019-12-20T15:33:27,278][INFO ][o.e.p.PluginsService     ] [node-0] loaded module [ingest-common]
[2019-12-20T15:33:27,294][INFO ][o.e.p.PluginsService     ] [node-0] loaded module [lang-expression]
[2019-12-20T15:33:27,294][INFO ][o.e.p.PluginsService     ] [node-0] loaded module [lang-groovy]
[2019-12-20T15:33:27,294][INFO ][o.e.p.PluginsService     ] [node-0] loaded module [lang-mustache]
[2019-12-20T15:33:27,294][INFO ][o.e.p.PluginsService     ] [node-0] loaded module [lang-painless]
[2019-12-20T15:33:27,294][INFO ][o.e.p.PluginsService     ] [node-0] loaded module [parent-join]
[2019-12-20T15:33:27,294][INFO ][o.e.p.PluginsService     ] [node-0] loaded module [percolator]
[2019-12-20T15:33:27,294][INFO ][o.e.p.PluginsService     ] [node-0] loaded module [reindex]
[2019-12-20T15:33:27,294][INFO ][o.e.p.PluginsService     ] [node-0] loaded module [transport-netty3]
[2019-12-20T15:33:27,294][INFO ][o.e.p.PluginsService     ] [node-0] loaded module [transport-netty4]
[2019-12-20T15:33:27,294][INFO ][o.e.p.PluginsService     ] [node-0] loaded plugin [serbian-plugin]
[2019-12-20T15:33:32,387][INFO ][o.e.d.DiscoveryModule    ] [node-0] using discovery type [zen]
[2019-12-20T15:33:33,778][INFO ][o.e.n.Node               ] [node-0] initialized
[2019-12-20T15:33:33,781][INFO ][o.e.n.Node               ] [node-0] starting ...
[2019-12-20T15:33:37,310][INFO ][o.e.t.TransportService   ] [node-0] publish_address {127.0.0.1:9300}, bound_addresses {127.0.0.1:9300}, {[::1]:9300}
[2019-12-20T15:33:40,413][INFO ][o.e.c.s.ClusterService   ] [node-0] new_master {node-0}{q-SJnUQ8TlG_xaXqcXz8aQ}{IYoXyNInQii3xc8bVrcerw}{127.0.0.1}{127.0.0.1:9300}, reason: zen-disco-elected-as-master ([0] nodes joined)
[2019-12-20T15:33:40,730][INFO ][o.e.g.GatewayService     ] [node-0] recovered [1] indices into cluster_state
[2019-12-20T15:33:41,181][INFO ][o.e.c.r.a.AllocationService] [node-0] Cluster health status changed from [RED] to [GREEN] (reason: [shards started [[libraryserbian][0]] ...]).
[2019-12-20T15:33:42,497][INFO ][o.e.h.n.Netty4HttpServerTransport] [node-0] publish_address {127.0.0.1:9200}, bound_addresses {127.0.0.1:9200}, {[::1]:9200}
[2019-12-20T15:33:42,497][INFO ][o.e.n.Node               ] [node-0] started
[2019-12-20T16:28:36,236][WARN ][r.suppressed             ] path: /.kibana_1, params: {index=.kibana_1}
java.lang.ClassCastException: java.lang.String cannot be cast to java.util.Map
	at org.elasticsearch.action.admin.indices.create.CreateIndexRequest.source(CreateIndexRequest.java:455) ~[elasticsearch-5.6.16.jar:5.6.16]
	at org.elasticsearch.action.admin.indices.create.CreateIndexRequest.source(CreateIndexRequest.java:436) ~[elasticsearch-5.6.16.jar:5.6.16]
	at org.elasticsearch.rest.action.admin.indices.RestCreateIndexAction.prepareRequest(RestCreateIndexAction.java:45) ~[elasticsearch-5.6.16.jar:5.6.16]
	at org.elasticsearch.rest.BaseRestHandler.handleRequest(BaseRestHandler.java:64) ~[elasticsearch-5.6.16.jar:5.6.16]
	at org.elasticsearch.rest.RestController.dispatchRequest(RestController.java:262) ~[elasticsearch-5.6.16.jar:5.6.16]
	at org.elasticsearch.rest.RestController.dispatchRequest(RestController.java:200) [elasticsearch-5.6.16.jar:5.6.16]
	at org.elasticsearch.http.netty4.Netty4HttpServerTransport.dispatchRequest(Netty4HttpServerTransport.java:505) [transport-netty4-5.6.16.jar:5.6.16]
	at org.elasticsearch.http.netty4.Netty4HttpRequestHandler.channelRead0(Netty4HttpRequestHandler.java:80) [transport-netty4-5.6.16.jar:5.6.16]
	at io.netty.channel.SimpleChannelInboundHandler.channelRead(SimpleChannelInboundHandler.java:105) [netty-transport-4.1.13.Final.jar:4.1.13.Final]
	at io.netty.channel.AbstractChannelHandlerContext.invokeChannelRead(AbstractChannelHandlerContext.java:362) [netty-transport-4.1.13.Final.jar:4.1.13.Final]
	at io.netty.channel.AbstractChannelHandlerContext.invokeChannelRead(AbstractChannelHandlerContext.java:348) [netty-transport-4.1.13.Final.jar:4.1.13.Final]
	at io.netty.channel.AbstractChannelHandlerContext.fireChannelRead(AbstractChannelHandlerContext.java:340) [netty-transport-4.1.13.Final.jar:4.1.13.Final]
	at org.elasticsearch.http.netty4.pipelining.HttpPipeliningHandler.channelRead(HttpPipeliningHandler.java:68) [transport-netty4-5.6.16.jar:5.6.16]
	at io.netty.channel.AbstractChannelHandlerContext.invokeChannelRead(AbstractChannelHandlerContext.java:362) [netty-transport-4.1.13.Final.jar:4.1.13.Final]
	at io.netty.channel.AbstractChannelHandlerContext.invokeChannelRead(AbstractChannelHandlerContext.java:348) [netty-transport-4.1.13.Final.jar:4.1.13.Final]
	at io.netty.channel.AbstractChannelHandlerContext.fireChannelRead(AbstractChannelHandlerContext.java:340) [netty-transport-4.1.13.Final.jar:4.1.13.Final]
	at io.netty.handler.codec.MessageToMessageDecoder.channelRead(MessageToMessageDecoder.java:102) [netty-codec-4.1.13.Final.jar:4.1.13.Final]
	at io.netty.handler.codec.MessageToMessageCodec.channelRead(MessageToMessageCodec.java:111) [netty-codec-4.1.13.Final.jar:4.1.13.Final]
	at io.netty.channel.AbstractChannelHandlerContext.invokeChannelRead(AbstractChannelHandlerContext.java:362) [netty-transport-4.1.13.Final.jar:4.1.13.Final]
	at io.netty.channel.AbstractChannelHandlerContext.invokeChannelRead(AbstractChannelHandlerContext.java:348) [netty-transport-4.1.13.Final.jar:4.1.13.Final]
	at io.netty.channel.AbstractChannelHandlerContext.fireChannelRead(AbstractChannelHandlerContext.java:340) [netty-transport-4.1.13.Final.jar:4.1.13.Final]
	at io.netty.handler.codec.MessageToMessageDecoder.channelRead(MessageToMessageDecoder.java:102) [netty-codec-4.1.13.Final.jar:4.1.13.Final]
	at io.netty.channel.AbstractChannelHandlerContext.invokeChannelRead(AbstractChannelHandlerContext.java:362) [netty-transport-4.1.13.Final.jar:4.1.13.Final]
	at io.netty.channel.AbstractChannelHandlerContext.invokeChannelRead(AbstractChannelHandlerContext.java:348) [netty-transport-4.1.13.Final.jar:4.1.13.Final]
	at io.netty.channel.AbstractChannelHandlerContext.fireChannelRead(AbstractChannelHandlerContext.java:340) [netty-transport-4.1.13.Final.jar:4.1.13.Final]
	at io.netty.handler.codec.MessageToMessageDecoder.channelRead(MessageToMessageDecoder.java:102) [netty-codec-4.1.13.Final.jar:4.1.13.Final]
	at io.netty.channel.AbstractChannelHandlerContext.invokeChannelRead(AbstractChannelHandlerContext.java:362) [netty-transport-4.1.13.Final.jar:4.1.13.Final]
	at io.netty.channel.AbstractChannelHandlerContext.invokeChannelRead(AbstractChannelHandlerContext.java:348) [netty-transport-4.1.13.Final.jar:4.1.13.Final]
	at io.netty.channel.AbstractChannelHandlerContext.fireChannelRead(AbstractChannelHandlerContext.java:340) [netty-transport-4.1.13.Final.jar:4.1.13.Final]
	at io.netty.handler.codec.ByteToMessageDecoder.fireChannelRead(ByteToMessageDecoder.java:310) [netty-codec-4.1.13.Final.jar:4.1.13.Final]
	at io.netty.handler.codec.ByteToMessageDecoder.channelRead(ByteToMessageDecoder.java:284) [netty-codec-4.1.13.Final.jar:4.1.13.Final]
	at io.netty.channel.AbstractChannelHandlerContext.invokeChannelRead(AbstractChannelHandlerContext.java:362) [netty-transport-4.1.13.Final.jar:4.1.13.Final]
	at io.netty.channel.AbstractChannelHandlerContext.invokeChannelRead(AbstractChannelHandlerContext.java:348) [netty-transport-4.1.13.Final.jar:4.1.13.Final]
	at io.netty.channel.AbstractChannelHandlerContext.fireChannelRead(AbstractChannelHandlerContext.java:340) [netty-transport-4.1.13.Final.jar:4.1.13.Final]
	at io.netty.channel.ChannelInboundHandlerAdapter.channelRead(ChannelInboundHandlerAdapter.java:86) [netty-transport-4.1.13.Final.jar:4.1.13.Final]
	at io.netty.channel.AbstractChannelHandlerContext.invokeChannelRead(AbstractChannelHandlerContext.java:362) [netty-transport-4.1.13.Final.jar:4.1.13.Final]
	at io.netty.channel.AbstractChannelHandlerContext.invokeChannelRead(AbstractChannelHandlerContext.java:348) [netty-transport-4.1.13.Final.jar:4.1.13.Final]
	at io.netty.channel.AbstractChannelHandlerContext.fireChannelRead(AbstractChannelHandlerContext.java:340) [netty-transport-4.1.13.Final.jar:4.1.13.Final]
	at io.netty.channel.DefaultChannelPipeline$HeadContext.channelRead(DefaultChannelPipeline.java:1334) [netty-transport-4.1.13.Final.jar:4.1.13.Final]
	at io.netty.channel.AbstractChannelHandlerContext.invokeChannelRead(AbstractChannelHandlerContext.java:362) [netty-transport-4.1.13.Final.jar:4.1.13.Final]
	at io.netty.channel.AbstractChannelHandlerContext.invokeChannelRead(AbstractChannelHandlerContext.java:348) [netty-transport-4.1.13.Final.jar:4.1.13.Final]
	at io.netty.channel.DefaultChannelPipeline.fireChannelRead(DefaultChannelPipeline.java:926) [netty-transport-4.1.13.Final.jar:4.1.13.Final]
	at io.netty.channel.nio.AbstractNioByteChannel$NioByteUnsafe.read(AbstractNioByteChannel.java:134) [netty-transport-4.1.13.Final.jar:4.1.13.Final]
	at io.netty.channel.nio.NioEventLoop.processSelectedKey(NioEventLoop.java:644) [netty-transport-4.1.13.Final.jar:4.1.13.Final]
	at io.netty.channel.nio.NioEventLoop.processSelectedKeysPlain(NioEventLoop.java:544) [netty-transport-4.1.13.Final.jar:4.1.13.Final]
	at io.netty.channel.nio.NioEventLoop.processSelectedKeys(NioEventLoop.java:498) [netty-transport-4.1.13.Final.jar:4.1.13.Final]
	at io.netty.channel.nio.NioEventLoop.run(NioEventLoop.java:458) [netty-transport-4.1.13.Final.jar:4.1.13.Final]
	at io.netty.util.concurrent.SingleThreadEventExecutor$5.run(SingleThreadEventExecutor.java:858) [netty-common-4.1.13.Final.jar:4.1.13.Final]
	at java.lang.Thread.run(Thread.java:748) [?:1.8.0_221]
[2019-12-20T16:29:08,713][WARN ][r.suppressed             ] path: /.kibana_task_manager_1, params: {index=.kibana_task_manager_1}
java.lang.ClassCastException: java.lang.String cannot be cast to java.util.Map
	at org.elasticsearch.action.admin.indices.create.CreateIndexRequest.source(CreateIndexRequest.java:455) ~[elasticsearch-5.6.16.jar:5.6.16]
	at org.elasticsearch.action.admin.indices.create.CreateIndexRequest.source(CreateIndexRequest.java:436) ~[elasticsearch-5.6.16.jar:5.6.16]
	at org.elasticsearch.rest.action.admin.indices.RestCreateIndexAction.prepareRequest(RestCreateIndexAction.java:45) ~[elasticsearch-5.6.16.jar:5.6.16]
	at org.elasticsearch.rest.BaseRestHandler.handleRequest(BaseRestHandler.java:64) ~[elasticsearch-5.6.16.jar:5.6.16]
	at org.elasticsearch.rest.RestController.dispatchRequest(RestController.java:262) ~[elasticsearch-5.6.16.jar:5.6.16]
	at org.elasticsearch.rest.RestController.dispatchRequest(RestController.java:200) [elasticsearch-5.6.16.jar:5.6.16]
	at org.elasticsearch.http.netty4.Netty4HttpServerTransport.dispatchRequest(Netty4HttpServerTransport.java:505) [transport-netty4-5.6.16.jar:5.6.16]
	at org.elasticsearch.http.netty4.Netty4HttpRequestHandler.channelRead0(Netty4HttpRequestHandler.java:80) [transport-netty4-5.6.16.jar:5.6.16]
	at io.netty.channel.SimpleChannelInboundHandler.channelRead(SimpleChannelInboundHandler.java:105) [netty-transport-4.1.13.Final.jar:4.1.13.Final]
	at io.netty.channel.AbstractChannelHandlerContext.invokeChannelRead(AbstractChannelHandlerContext.java:362) [netty-transport-4.1.13.Final.jar:4.1.13.Final]
	at io.netty.channel.AbstractChannelHandlerContext.invokeChannelRead(AbstractChannelHandlerContext.java:348) [netty-transport-4.1.13.Final.jar:4.1.13.Final]
	at io.netty.channel.AbstractChannelHandlerContext.fireChannelRead(AbstractChannelHandlerContext.java:340) [netty-transport-4.1.13.Final.jar:4.1.13.Final]
	at org.elasticsearch.http.netty4.pipelining.HttpPipeliningHandler.channelRead(HttpPipeliningHandler.java:68) [transport-netty4-5.6.16.jar:5.6.16]
	at io.netty.channel.AbstractChannelHandlerContext.invokeChannelRead(AbstractChannelHandlerContext.java:362) [netty-transport-4.1.13.Final.jar:4.1.13.Final]
	at io.netty.channel.AbstractChannelHandlerContext.invokeChannelRead(AbstractChannelHandlerContext.java:348) [netty-transport-4.1.13.Final.jar:4.1.13.Final]
	at io.netty.channel.AbstractChannelHandlerContext.fireChannelRead(AbstractChannelHandlerContext.java:340) [netty-transport-4.1.13.Final.jar:4.1.13.Final]
	at io.netty.handler.codec.MessageToMessageDecoder.channelRead(MessageToMessageDecoder.java:102) [netty-codec-4.1.13.Final.jar:4.1.13.Final]
	at io.netty.handler.codec.MessageToMessageCodec.channelRead(MessageToMessageCodec.java:111) [netty-codec-4.1.13.Final.jar:4.1.13.Final]
	at io.netty.channel.AbstractChannelHandlerContext.invokeChannelRead(AbstractChannelHandlerContext.java:362) [netty-transport-4.1.13.Final.jar:4.1.13.Final]
	at io.netty.channel.AbstractChannelHandlerContext.invokeChannelRead(AbstractChannelHandlerContext.java:348) [netty-transport-4.1.13.Final.jar:4.1.13.Final]
	at io.netty.channel.AbstractChannelHandlerContext.fireChannelRead(AbstractChannelHandlerContext.java:340) [netty-transport-4.1.13.Final.jar:4.1.13.Final]
	at io.netty.handler.codec.MessageToMessageDecoder.channelRead(MessageToMessageDecoder.java:102) [netty-codec-4.1.13.Final.jar:4.1.13.Final]
	at io.netty.channel.AbstractChannelHandlerContext.invokeChannelRead(AbstractChannelHandlerContext.java:362) [netty-transport-4.1.13.Final.jar:4.1.13.Final]
	at io.netty.channel.AbstractChannelHandlerContext.invokeChannelRead(AbstractChannelHandlerContext.java:348) [netty-transport-4.1.13.Final.jar:4.1.13.Final]
	at io.netty.channel.AbstractChannelHandlerContext.fireChannelRead(AbstractChannelHandlerContext.java:340) [netty-transport-4.1.13.Final.jar:4.1.13.Final]
	at io.netty.handler.codec.MessageToMessageDecoder.channelRead(MessageToMessageDecoder.java:102) [netty-codec-4.1.13.Final.jar:4.1.13.Final]
	at io.netty.channel.AbstractChannelHandlerContext.invokeChannelRead(AbstractChannelHandlerContext.java:362) [netty-transport-4.1.13.Final.jar:4.1.13.Final]
	at io.netty.channel.AbstractChannelHandlerContext.invokeChannelRead(AbstractChannelHandlerContext.java:348) [netty-transport-4.1.13.Final.jar:4.1.13.Final]
	at io.netty.channel.AbstractChannelHandlerContext.fireChannelRead(AbstractChannelHandlerContext.java:340) [netty-transport-4.1.13.Final.jar:4.1.13.Final]
	at io.netty.handler.codec.ByteToMessageDecoder.fireChannelRead(ByteToMessageDecoder.java:310) [netty-codec-4.1.13.Final.jar:4.1.13.Final]
	at io.netty.handler.codec.ByteToMessageDecoder.channelRead(ByteToMessageDecoder.java:284) [netty-codec-4.1.13.Final.jar:4.1.13.Final]
	at io.netty.channel.AbstractChannelHandlerContext.invokeChannelRead(AbstractChannelHandlerContext.java:362) [netty-transport-4.1.13.Final.jar:4.1.13.Final]
	at io.netty.channel.AbstractChannelHandlerContext.invokeChannelRead(AbstractChannelHandlerContext.java:348) [netty-transport-4.1.13.Final.jar:4.1.13.Final]
	at io.netty.channel.AbstractChannelHandlerContext.fireChannelRead(AbstractChannelHandlerContext.java:340) [netty-transport-4.1.13.Final.jar:4.1.13.Final]
	at io.netty.channel.ChannelInboundHandlerAdapter.channelRead(ChannelInboundHandlerAdapter.java:86) [netty-transport-4.1.13.Final.jar:4.1.13.Final]
	at io.netty.channel.AbstractChannelHandlerContext.invokeChannelRead(AbstractChannelHandlerContext.java:362) [netty-transport-4.1.13.Final.jar:4.1.13.Final]
	at io.netty.channel.AbstractChannelHandlerContext.invokeChannelRead(AbstractChannelHandlerContext.java:348) [netty-transport-4.1.13.Final.jar:4.1.13.Final]
	at io.netty.channel.AbstractChannelHandlerContext.fireChannelRead(AbstractChannelHandlerContext.java:340) [netty-transport-4.1.13.Final.jar:4.1.13.Final]
	at io.netty.channel.DefaultChannelPipeline$HeadContext.channelRead(DefaultChannelPipeline.java:1334) [netty-transport-4.1.13.Final.jar:4.1.13.Final]
	at io.netty.channel.AbstractChannelHandlerContext.invokeChannelRead(AbstractChannelHandlerContext.java:362) [netty-transport-4.1.13.Final.jar:4.1.13.Final]
	at io.netty.channel.AbstractChannelHandlerContext.invokeChannelRead(AbstractChannelHandlerContext.java:348) [netty-transport-4.1.13.Final.jar:4.1.13.Final]
	at io.netty.channel.DefaultChannelPipeline.fireChannelRead(DefaultChannelPipeline.java:926) [netty-transport-4.1.13.Final.jar:4.1.13.Final]
	at io.netty.channel.nio.AbstractNioByteChannel$NioByteUnsafe.read(AbstractNioByteChannel.java:134) [netty-transport-4.1.13.Final.jar:4.1.13.Final]
	at io.netty.channel.nio.NioEventLoop.processSelectedKey(NioEventLoop.java:644) [netty-transport-4.1.13.Final.jar:4.1.13.Final]
	at io.netty.channel.nio.NioEventLoop.processSelectedKeysPlain(NioEventLoop.java:544) [netty-transport-4.1.13.Final.jar:4.1.13.Final]
	at io.netty.channel.nio.NioEventLoop.processSelectedKeys(NioEventLoop.java:498) [netty-transport-4.1.13.Final.jar:4.1.13.Final]
	at io.netty.channel.nio.NioEventLoop.run(NioEventLoop.java:458) [netty-transport-4.1.13.Final.jar:4.1.13.Final]
	at io.netty.util.concurrent.SingleThreadEventExecutor$5.run(SingleThreadEventExecutor.java:858) [netty-common-4.1.13.Final.jar:4.1.13.Final]
	at java.lang.Thread.run(Thread.java:748) [?:1.8.0_221]
[2019-12-20T16:28:36,236][WARN ][r.suppressed             ] path: /.kibana_task_manager_1, params: {index=.kibana_task_manager_1}
java.lang.ClassCastException: java.lang.String cannot be cast to java.util.Map
	at org.elasticsearch.action.admin.indices.create.CreateIndexRequest.source(CreateIndexRequest.java:455) ~[elasticsearch-5.6.16.jar:5.6.16]
	at org.elasticsearch.action.admin.indices.create.CreateIndexRequest.source(CreateIndexRequest.java:436) ~[elasticsearch-5.6.16.jar:5.6.16]
	at org.elasticsearch.rest.action.admin.indices.RestCreateIndexAction.prepareRequest(RestCreateIndexAction.java:45) ~[elasticsearch-5.6.16.jar:5.6.16]
	at org.elasticsearch.rest.BaseRestHandler.handleRequest(BaseRestHandler.java:64) ~[elasticsearch-5.6.16.jar:5.6.16]
	at org.elasticsearch.rest.RestController.dispatchRequest(RestController.java:262) ~[elasticsearch-5.6.16.jar:5.6.16]
	at org.elasticsearch.rest.RestController.dispatchRequest(RestController.java:200) [elasticsearch-5.6.16.jar:5.6.16]
	at org.elasticsearch.http.netty4.Netty4HttpServerTransport.dispatchRequest(Netty4HttpServerTransport.java:505) [transport-netty4-5.6.16.jar:5.6.16]
	at org.elasticsearch.http.netty4.Netty4HttpRequestHandler.channelRead0(Netty4HttpRequestHandler.java:80) [transport-netty4-5.6.16.jar:5.6.16]
	at io.netty.channel.SimpleChannelInboundHandler.channelRead(SimpleChannelInboundHandler.java:105) [netty-transport-4.1.13.Final.jar:4.1.13.Final]
	at io.netty.channel.AbstractChannelHandlerContext.invokeChannelRead(AbstractChannelHandlerContext.java:362) [netty-transport-4.1.13.Final.jar:4.1.13.Final]
	at io.netty.channel.AbstractChannelHandlerContext.invokeChannelRead(AbstractChannelHandlerContext.java:348) [netty-transport-4.1.13.Final.jar:4.1.13.Final]
	at io.netty.channel.AbstractChannelHandlerContext.fireChannelRead(AbstractChannelHandlerContext.java:340) [netty-transport-4.1.13.Final.jar:4.1.13.Final]
	at org.elasticsearch.http.netty4.pipelining.HttpPipeliningHandler.channelRead(HttpPipeliningHandler.java:68) [transport-netty4-5.6.16.jar:5.6.16]
	at io.netty.channel.AbstractChannelHandlerContext.invokeChannelRead(AbstractChannelHandlerContext.java:362) [netty-transport-4.1.13.Final.jar:4.1.13.Final]
	at io.netty.channel.AbstractChannelHandlerContext.invokeChannelRead(AbstractChannelHandlerContext.java:348) [netty-transport-4.1.13.Final.jar:4.1.13.Final]
	at io.netty.channel.AbstractChannelHandlerContext.fireChannelRead(AbstractChannelHandlerContext.java:340) [netty-transport-4.1.13.Final.jar:4.1.13.Final]
	at io.netty.handler.codec.MessageToMessageDecoder.channelRead(MessageToMessageDecoder.java:102) [netty-codec-4.1.13.Final.jar:4.1.13.Final]
	at io.netty.handler.codec.MessageToMessageCodec.channelRead(MessageToMessageCodec.java:111) [netty-codec-4.1.13.Final.jar:4.1.13.Final]
	at io.netty.channel.AbstractChannelHandlerContext.invokeChannelRead(AbstractChannelHandlerContext.java:362) [netty-transport-4.1.13.Final.jar:4.1.13.Final]
	at io.netty.channel.AbstractChannelHandlerContext.invokeChannelRead(AbstractChannelHandlerContext.java:348) [netty-transport-4.1.13.Final.jar:4.1.13.Final]
	at io.netty.channel.AbstractChannelHandlerContext.fireChannelRead(AbstractChannelHandlerContext.java:340) [netty-transport-4.1.13.Final.jar:4.1.13.Final]
	at io.netty.handler.codec.MessageToMessageDecoder.channelRead(MessageToMessageDecoder.java:102) [netty-codec-4.1.13.Final.jar:4.1.13.Final]
	at io.netty.channel.AbstractChannelHandlerContext.invokeChannelRead(AbstractChannelHandlerContext.java:362) [netty-transport-4.1.13.Final.jar:4.1.13.Final]
	at io.netty.channel.AbstractChannelHandlerContext.invokeChannelRead(AbstractChannelHandlerContext.java:348) [netty-transport-4.1.13.Final.jar:4.1.13.Final]
	at io.netty.channel.AbstractChannelHandlerContext.fireChannelRead(AbstractChannelHandlerContext.java:340) [netty-transport-4.1.13.Final.jar:4.1.13.Final]
	at io.netty.handler.codec.MessageToMessageDecoder.channelRead(MessageToMessageDecoder.java:102) [netty-codec-4.1.13.Final.jar:4.1.13.Final]
	at io.netty.channel.AbstractChannelHandlerContext.invokeChannelRead(AbstractChannelHandlerContext.java:362) [netty-transport-4.1.13.Final.jar:4.1.13.Final]
	at io.netty.channel.AbstractChannelHandlerContext.invokeChannelRead(AbstractChannelHandlerContext.java:348) [netty-transport-4.1.13.Final.jar:4.1.13.Final]
	at io.netty.channel.AbstractChannelHandlerContext.fireChannelRead(AbstractChannelHandlerContext.java:340) [netty-transport-4.1.13.Final.jar:4.1.13.Final]
	at io.netty.handler.codec.ByteToMessageDecoder.fireChannelRead(ByteToMessageDecoder.java:310) [netty-codec-4.1.13.Final.jar:4.1.13.Final]
	at io.netty.handler.codec.ByteToMessageDecoder.channelRead(ByteToMessageDecoder.java:284) [netty-codec-4.1.13.Final.jar:4.1.13.Final]
	at io.netty.channel.AbstractChannelHandlerContext.invokeChannelRead(AbstractChannelHandlerContext.java:362) [netty-transport-4.1.13.Final.jar:4.1.13.Final]
	at io.netty.channel.AbstractChannelHandlerContext.invokeChannelRead(AbstractChannelHandlerContext.java:348) [netty-transport-4.1.13.Final.jar:4.1.13.Final]
	at io.netty.channel.AbstractChannelHandlerContext.fireChannelRead(AbstractChannelHandlerContext.java:340) [netty-transport-4.1.13.Final.jar:4.1.13.Final]
	at io.netty.channel.ChannelInboundHandlerAdapter.channelRead(ChannelInboundHandlerAdapter.java:86) [netty-transport-4.1.13.Final.jar:4.1.13.Final]
	at io.netty.channel.AbstractChannelHandlerContext.invokeChannelRead(AbstractChannelHandlerContext.java:362) [netty-transport-4.1.13.Final.jar:4.1.13.Final]
	at io.netty.channel.AbstractChannelHandlerContext.invokeChannelRead(AbstractChannelHandlerContext.java:348) [netty-transport-4.1.13.Final.jar:4.1.13.Final]
	at io.netty.channel.AbstractChannelHandlerContext.fireChannelRead(AbstractChannelHandlerContext.java:340) [netty-transport-4.1.13.Final.jar:4.1.13.Final]
	at io.netty.channel.DefaultChannelPipeline$HeadContext.channelRead(DefaultChannelPipeline.java:1334) [netty-transport-4.1.13.Final.jar:4.1.13.Final]
	at io.netty.channel.AbstractChannelHandlerContext.invokeChannelRead(AbstractChannelHandlerContext.java:362) [netty-transport-4.1.13.Final.jar:4.1.13.Final]
	at io.netty.channel.AbstractChannelHandlerContext.invokeChannelRead(AbstractChannelHandlerContext.java:348) [netty-transport-4.1.13.Final.jar:4.1.13.Final]
	at io.netty.channel.DefaultChannelPipeline.fireChannelRead(DefaultChannelPipeline.java:926) [netty-transport-4.1.13.Final.jar:4.1.13.Final]
	at io.netty.channel.nio.AbstractNioByteChannel$NioByteUnsafe.read(AbstractNioByteChannel.java:134) [netty-transport-4.1.13.Final.jar:4.1.13.Final]
	at io.netty.channel.nio.NioEventLoop.processSelectedKey(NioEventLoop.java:644) [netty-transport-4.1.13.Final.jar:4.1.13.Final]
	at io.netty.channel.nio.NioEventLoop.processSelectedKeysPlain(NioEventLoop.java:544) [netty-transport-4.1.13.Final.jar:4.1.13.Final]
	at io.netty.channel.nio.NioEventLoop.processSelectedKeys(NioEventLoop.java:498) [netty-transport-4.1.13.Final.jar:4.1.13.Final]
	at io.netty.channel.nio.NioEventLoop.run(NioEventLoop.java:458) [netty-transport-4.1.13.Final.jar:4.1.13.Final]
	at io.netty.util.concurrent.SingleThreadEventExecutor$5.run(SingleThreadEventExecutor.java:858) [netty-common-4.1.13.Final.jar:4.1.13.Final]
	at java.lang.Thread.run(Thread.java:748) [?:1.8.0_221]
[2019-12-20T16:29:08,712][WARN ][r.suppressed             ] path: /.kibana_1, params: {index=.kibana_1}
java.lang.ClassCastException: java.lang.String cannot be cast to java.util.Map
	at org.elasticsearch.action.admin.indices.create.CreateIndexRequest.source(CreateIndexRequest.java:455) ~[elasticsearch-5.6.16.jar:5.6.16]
	at org.elasticsearch.action.admin.indices.create.CreateIndexRequest.source(CreateIndexRequest.java:436) ~[elasticsearch-5.6.16.jar:5.6.16]
	at org.elasticsearch.rest.action.admin.indices.RestCreateIndexAction.prepareRequest(RestCreateIndexAction.java:45) ~[elasticsearch-5.6.16.jar:5.6.16]
	at org.elasticsearch.rest.BaseRestHandler.handleRequest(BaseRestHandler.java:64) ~[elasticsearch-5.6.16.jar:5.6.16]
	at org.elasticsearch.rest.RestController.dispatchRequest(RestController.java:262) ~[elasticsearch-5.6.16.jar:5.6.16]
	at org.elasticsearch.rest.RestController.dispatchRequest(RestController.java:200) [elasticsearch-5.6.16.jar:5.6.16]
	at org.elasticsearch.http.netty4.Netty4HttpServerTransport.dispatchRequest(Netty4HttpServerTransport.java:505) [transport-netty4-5.6.16.jar:5.6.16]
	at org.elasticsearch.http.netty4.Netty4HttpRequestHandler.channelRead0(Netty4HttpRequestHandler.java:80) [transport-netty4-5.6.16.jar:5.6.16]
	at io.netty.channel.SimpleChannelInboundHandler.channelRead(SimpleChannelInboundHandler.java:105) [netty-transport-4.1.13.Final.jar:4.1.13.Final]
	at io.netty.channel.AbstractChannelHandlerContext.invokeChannelRead(AbstractChannelHandlerContext.java:362) [netty-transport-4.1.13.Final.jar:4.1.13.Final]
	at io.netty.channel.AbstractChannelHandlerContext.invokeChannelRead(AbstractChannelHandlerContext.java:348) [netty-transport-4.1.13.Final.jar:4.1.13.Final]
	at io.netty.channel.AbstractChannelHandlerContext.fireChannelRead(AbstractChannelHandlerContext.java:340) [netty-transport-4.1.13.Final.jar:4.1.13.Final]
	at org.elasticsearch.http.netty4.pipelining.HttpPipeliningHandler.channelRead(HttpPipeliningHandler.java:68) [transport-netty4-5.6.16.jar:5.6.16]
	at io.netty.channel.AbstractChannelHandlerContext.invokeChannelRead(AbstractChannelHandlerContext.java:362) [netty-transport-4.1.13.Final.jar:4.1.13.Final]
	at io.netty.channel.AbstractChannelHandlerContext.invokeChannelRead(AbstractChannelHandlerContext.java:348) [netty-transport-4.1.13.Final.jar:4.1.13.Final]
	at io.netty.channel.AbstractChannelHandlerContext.fireChannelRead(AbstractChannelHandlerContext.java:340) [netty-transport-4.1.13.Final.jar:4.1.13.Final]
	at io.netty.handler.codec.MessageToMessageDecoder.channelRead(MessageToMessageDecoder.java:102) [netty-codec-4.1.13.Final.jar:4.1.13.Final]
	at io.netty.handler.codec.MessageToMessageCodec.channelRead(MessageToMessageCodec.java:111) [netty-codec-4.1.13.Final.jar:4.1.13.Final]
	at io.netty.channel.AbstractChannelHandlerContext.invokeChannelRead(AbstractChannelHandlerContext.java:362) [netty-transport-4.1.13.Final.jar:4.1.13.Final]
	at io.netty.channel.AbstractChannelHandlerContext.invokeChannelRead(AbstractChannelHandlerContext.java:348) [netty-transport-4.1.13.Final.jar:4.1.13.Final]
	at io.netty.channel.AbstractChannelHandlerContext.fireChannelRead(AbstractChannelHandlerContext.java:340) [netty-transport-4.1.13.Final.jar:4.1.13.Final]
	at io.netty.handler.codec.MessageToMessageDecoder.channelRead(MessageToMessageDecoder.java:102) [netty-codec-4.1.13.Final.jar:4.1.13.Final]
	at io.netty.channel.AbstractChannelHandlerContext.invokeChannelRead(AbstractChannelHandlerContext.java:362) [netty-transport-4.1.13.Final.jar:4.1.13.Final]
	at io.netty.channel.AbstractChannelHandlerContext.invokeChannelRead(AbstractChannelHandlerContext.java:348) [netty-transport-4.1.13.Final.jar:4.1.13.Final]
	at io.netty.channel.AbstractChannelHandlerContext.fireChannelRead(AbstractChannelHandlerContext.java:340) [netty-transport-4.1.13.Final.jar:4.1.13.Final]
	at io.netty.handler.codec.MessageToMessageDecoder.channelRead(MessageToMessageDecoder.java:102) [netty-codec-4.1.13.Final.jar:4.1.13.Final]
	at io.netty.channel.AbstractChannelHandlerContext.invokeChannelRead(AbstractChannelHandlerContext.java:362) [netty-transport-4.1.13.Final.jar:4.1.13.Final]
	at io.netty.channel.AbstractChannelHandlerContext.invokeChannelRead(AbstractChannelHandlerContext.java:348) [netty-transport-4.1.13.Final.jar:4.1.13.Final]
	at io.netty.channel.AbstractChannelHandlerContext.fireChannelRead(AbstractChannelHandlerContext.java:340) [netty-transport-4.1.13.Final.jar:4.1.13.Final]
	at io.netty.handler.codec.ByteToMessageDecoder.fireChannelRead(ByteToMessageDecoder.java:310) [netty-codec-4.1.13.Final.jar:4.1.13.Final]
	at io.netty.handler.codec.ByteToMessageDecoder.channelRead(ByteToMessageDecoder.java:284) [netty-codec-4.1.13.Final.jar:4.1.13.Final]
	at io.netty.channel.AbstractChannelHandlerContext.invokeChannelRead(AbstractChannelHandlerContext.java:362) [netty-transport-4.1.13.Final.jar:4.1.13.Final]
	at io.netty.channel.AbstractChannelHandlerContext.invokeChannelRead(AbstractChannelHandlerContext.java:348) [netty-transport-4.1.13.Final.jar:4.1.13.Final]
	at io.netty.channel.AbstractChannelHandlerContext.fireChannelRead(AbstractChannelHandlerContext.java:340) [netty-transport-4.1.13.Final.jar:4.1.13.Final]
	at io.netty.channel.ChannelInboundHandlerAdapter.channelRead(ChannelInboundHandlerAdapter.java:86) [netty-transport-4.1.13.Final.jar:4.1.13.Final]
	at io.netty.channel.AbstractChannelHandlerContext.invokeChannelRead(AbstractChannelHandlerContext.java:362) [netty-transport-4.1.13.Final.jar:4.1.13.Final]
	at io.netty.channel.AbstractChannelHandlerContext.invokeChannelRead(AbstractChannelHandlerContext.java:348) [netty-transport-4.1.13.Final.jar:4.1.13.Final]
	at io.netty.channel.AbstractChannelHandlerContext.fireChannelRead(AbstractChannelHandlerContext.java:340) [netty-transport-4.1.13.Final.jar:4.1.13.Final]
	at io.netty.channel.DefaultChannelPipeline$HeadContext.channelRead(DefaultChannelPipeline.java:1334) [netty-transport-4.1.13.Final.jar:4.1.13.Final]
	at io.netty.channel.AbstractChannelHandlerContext.invokeChannelRead(AbstractChannelHandlerContext.java:362) [netty-transport-4.1.13.Final.jar:4.1.13.Final]
	at io.netty.channel.AbstractChannelHandlerContext.invokeChannelRead(AbstractChannelHandlerContext.java:348) [netty-transport-4.1.13.Final.jar:4.1.13.Final]
	at io.netty.channel.DefaultChannelPipeline.fireChannelRead(DefaultChannelPipeline.java:926) [netty-transport-4.1.13.Final.jar:4.1.13.Final]
	at io.netty.channel.nio.AbstractNioByteChannel$NioByteUnsafe.read(AbstractNioByteChannel.java:134) [netty-transport-4.1.13.Final.jar:4.1.13.Final]
	at io.netty.channel.nio.NioEventLoop.processSelectedKey(NioEventLoop.java:644) [netty-transport-4.1.13.Final.jar:4.1.13.Final]
	at io.netty.channel.nio.NioEventLoop.processSelectedKeysPlain(NioEventLoop.java:544) [netty-transport-4.1.13.Final.jar:4.1.13.Final]
	at io.netty.channel.nio.NioEventLoop.processSelectedKeys(NioEventLoop.java:498) [netty-transport-4.1.13.Final.jar:4.1.13.Final]
	at io.netty.channel.nio.NioEventLoop.run(NioEventLoop.java:458) [netty-transport-4.1.13.Final.jar:4.1.13.Final]
	at io.netty.util.concurrent.SingleThreadEventExecutor$5.run(SingleThreadEventExecutor.java:858) [netty-common-4.1.13.Final.jar:4.1.13.Final]
	at java.lang.Thread.run(Thread.java:748) [?:1.8.0_221]
[2019-12-20T16:34:39,780][WARN ][r.suppressed             ] path: /.kibana_1, params: {index=.kibana_1}
java.lang.ClassCastException: java.lang.String cannot be cast to java.util.Map
	at org.elasticsearch.action.admin.indices.create.CreateIndexRequest.source(CreateIndexRequest.java:455) ~[elasticsearch-5.6.16.jar:5.6.16]
	at org.elasticsearch.action.admin.indices.create.CreateIndexRequest.source(CreateIndexRequest.java:436) ~[elasticsearch-5.6.16.jar:5.6.16]
	at org.elasticsearch.rest.action.admin.indices.RestCreateIndexAction.prepareRequest(RestCreateIndexAction.java:45) ~[elasticsearch-5.6.16.jar:5.6.16]
	at org.elasticsearch.rest.BaseRestHandler.handleRequest(BaseRestHandler.java:64) ~[elasticsearch-5.6.16.jar:5.6.16]
	at org.elasticsearch.rest.RestController.dispatchRequest(RestController.java:262) ~[elasticsearch-5.6.16.jar:5.6.16]
	at org.elasticsearch.rest.RestController.dispatchRequest(RestController.java:200) [elasticsearch-5.6.16.jar:5.6.16]
	at org.elasticsearch.http.netty4.Netty4HttpServerTransport.dispatchRequest(Netty4HttpServerTransport.java:505) [transport-netty4-5.6.16.jar:5.6.16]
	at org.elasticsearch.http.netty4.Netty4HttpRequestHandler.channelRead0(Netty4HttpRequestHandler.java:80) [transport-netty4-5.6.16.jar:5.6.16]
	at io.netty.channel.SimpleChannelInboundHandler.channelRead(SimpleChannelInboundHandler.java:105) [netty-transport-4.1.13.Final.jar:4.1.13.Final]
	at io.netty.channel.AbstractChannelHandlerContext.invokeChannelRead(AbstractChannelHandlerContext.java:362) [netty-transport-4.1.13.Final.jar:4.1.13.Final]
	at io.netty.channel.AbstractChannelHandlerContext.invokeChannelRead(AbstractChannelHandlerContext.java:348) [netty-transport-4.1.13.Final.jar:4.1.13.Final]
	at io.netty.channel.AbstractChannelHandlerContext.fireChannelRead(AbstractChannelHandlerContext.java:340) [netty-transport-4.1.13.Final.jar:4.1.13.Final]
	at org.elasticsearch.http.netty4.pipelining.HttpPipeliningHandler.channelRead(HttpPipeliningHandler.java:68) [transport-netty4-5.6.16.jar:5.6.16]
	at io.netty.channel.AbstractChannelHandlerContext.invokeChannelRead(AbstractChannelHandlerContext.java:362) [netty-transport-4.1.13.Final.jar:4.1.13.Final]
	at io.netty.channel.AbstractChannelHandlerContext.invokeChannelRead(AbstractChannelHandlerContext.java:348) [netty-transport-4.1.13.Final.jar:4.1.13.Final]
	at io.netty.channel.AbstractChannelHandlerContext.fireChannelRead(AbstractChannelHandlerContext.java:340) [netty-transport-4.1.13.Final.jar:4.1.13.Final]
	at io.netty.handler.codec.MessageToMessageDecoder.channelRead(MessageToMessageDecoder.java:102) [netty-codec-4.1.13.Final.jar:4.1.13.Final]
	at io.netty.handler.codec.MessageToMessageCodec.channelRead(MessageToMessageCodec.java:111) [netty-codec-4.1.13.Final.jar:4.1.13.Final]
	at io.netty.channel.AbstractChannelHandlerContext.invokeChannelRead(AbstractChannelHandlerContext.java:362) [netty-transport-4.1.13.Final.jar:4.1.13.Final]
	at io.netty.channel.AbstractChannelHandlerContext.invokeChannelRead(AbstractChannelHandlerContext.java:348) [netty-transport-4.1.13.Final.jar:4.1.13.Final]
	at io.netty.channel.AbstractChannelHandlerContext.fireChannelRead(AbstractChannelHandlerContext.java:340) [netty-transport-4.1.13.Final.jar:4.1.13.Final]
	at io.netty.handler.codec.MessageToMessageDecoder.channelRead(MessageToMessageDecoder.java:102) [netty-codec-4.1.13.Final.jar:4.1.13.Final]
	at io.netty.channel.AbstractChannelHandlerContext.invokeChannelRead(AbstractChannelHandlerContext.java:362) [netty-transport-4.1.13.Final.jar:4.1.13.Final]
	at io.netty.channel.AbstractChannelHandlerContext.invokeChannelRead(AbstractChannelHandlerContext.java:348) [netty-transport-4.1.13.Final.jar:4.1.13.Final]
	at io.netty.channel.AbstractChannelHandlerContext.fireChannelRead(AbstractChannelHandlerContext.java:340) [netty-transport-4.1.13.Final.jar:4.1.13.Final]
	at io.netty.handler.codec.MessageToMessageDecoder.channelRead(MessageToMessageDecoder.java:102) [netty-codec-4.1.13.Final.jar:4.1.13.Final]
	at io.netty.channel.AbstractChannelHandlerContext.invokeChannelRead(AbstractChannelHandlerContext.java:362) [netty-transport-4.1.13.Final.jar:4.1.13.Final]
	at io.netty.channel.AbstractChannelHandlerContext.invokeChannelRead(AbstractChannelHandlerContext.java:348) [netty-transport-4.1.13.Final.jar:4.1.13.Final]
	at io.netty.channel.AbstractChannelHandlerContext.fireChannelRead(AbstractChannelHandlerContext.java:340) [netty-transport-4.1.13.Final.jar:4.1.13.Final]
	at io.netty.handler.codec.ByteToMessageDecoder.fireChannelRead(ByteToMessageDecoder.java:310) [netty-codec-4.1.13.Final.jar:4.1.13.Final]
	at io.netty.handler.codec.ByteToMessageDecoder.channelRead(ByteToMessageDecoder.java:284) [netty-codec-4.1.13.Final.jar:4.1.13.Final]
	at io.netty.channel.AbstractChannelHandlerContext.invokeChannelRead(AbstractChannelHandlerContext.java:362) [netty-transport-4.1.13.Final.jar:4.1.13.Final]
	at io.netty.channel.AbstractChannelHandlerContext.invokeChannelRead(AbstractChannelHandlerContext.java:348) [netty-transport-4.1.13.Final.jar:4.1.13.Final]
	at io.netty.channel.AbstractChannelHandlerContext.fireChannelRead(AbstractChannelHandlerContext.java:340) [netty-transport-4.1.13.Final.jar:4.1.13.Final]
	at io.netty.channel.ChannelInboundHandlerAdapter.channelRead(ChannelInboundHandlerAdapter.java:86) [netty-transport-4.1.13.Final.jar:4.1.13.Final]
	at io.netty.channel.AbstractChannelHandlerContext.invokeChannelRead(AbstractChannelHandlerContext.java:362) [netty-transport-4.1.13.Final.jar:4.1.13.Final]
	at io.netty.channel.AbstractChannelHandlerContext.invokeChannelRead(AbstractChannelHandlerContext.java:348) [netty-transport-4.1.13.Final.jar:4.1.13.Final]
	at io.netty.channel.AbstractChannelHandlerContext.fireChannelRead(AbstractChannelHandlerContext.java:340) [netty-transport-4.1.13.Final.jar:4.1.13.Final]
	at io.netty.channel.DefaultChannelPipeline$HeadContext.channelRead(DefaultChannelPipeline.java:1334) [netty-transport-4.1.13.Final.jar:4.1.13.Final]
	at io.netty.channel.AbstractChannelHandlerContext.invokeChannelRead(AbstractChannelHandlerContext.java:362) [netty-transport-4.1.13.Final.jar:4.1.13.Final]
	at io.netty.channel.AbstractChannelHandlerContext.invokeChannelRead(AbstractChannelHandlerContext.java:348) [netty-transport-4.1.13.Final.jar:4.1.13.Final]
	at io.netty.channel.DefaultChannelPipeline.fireChannelRead(DefaultChannelPipeline.java:926) [netty-transport-4.1.13.Final.jar:4.1.13.Final]
	at io.netty.channel.nio.AbstractNioByteChannel$NioByteUnsafe.read(AbstractNioByteChannel.java:134) [netty-transport-4.1.13.Final.jar:4.1.13.Final]
	at io.netty.channel.nio.NioEventLoop.processSelectedKey(NioEventLoop.java:644) [netty-transport-4.1.13.Final.jar:4.1.13.Final]
	at io.netty.channel.nio.NioEventLoop.processSelectedKeysPlain(NioEventLoop.java:544) [netty-transport-4.1.13.Final.jar:4.1.13.Final]
	at io.netty.channel.nio.NioEventLoop.processSelectedKeys(NioEventLoop.java:498) [netty-transport-4.1.13.Final.jar:4.1.13.Final]
	at io.netty.channel.nio.NioEventLoop.run(NioEventLoop.java:458) [netty-transport-4.1.13.Final.jar:4.1.13.Final]
	at io.netty.util.concurrent.SingleThreadEventExecutor$5.run(SingleThreadEventExecutor.java:858) [netty-common-4.1.13.Final.jar:4.1.13.Final]
	at java.lang.Thread.run(Thread.java:748) [?:1.8.0_221]
[2019-12-20T16:34:39,780][WARN ][r.suppressed             ] path: /.kibana_1, params: {index=.kibana_1}
java.lang.ClassCastException: java.lang.String cannot be cast to java.util.Map
	at org.elasticsearch.action.admin.indices.create.CreateIndexRequest.source(CreateIndexRequest.java:455) ~[elasticsearch-5.6.16.jar:5.6.16]
	at org.elasticsearch.action.admin.indices.create.CreateIndexRequest.source(CreateIndexRequest.java:436) ~[elasticsearch-5.6.16.jar:5.6.16]
	at org.elasticsearch.rest.action.admin.indices.RestCreateIndexAction.prepareRequest(RestCreateIndexAction.java:45) ~[elasticsearch-5.6.16.jar:5.6.16]
	at org.elasticsearch.rest.BaseRestHandler.handleRequest(BaseRestHandler.java:64) ~[elasticsearch-5.6.16.jar:5.6.16]
	at org.elasticsearch.rest.RestController.dispatchRequest(RestController.java:262) ~[elasticsearch-5.6.16.jar:5.6.16]
	at org.elasticsearch.rest.RestController.dispatchRequest(RestController.java:200) [elasticsearch-5.6.16.jar:5.6.16]
	at org.elasticsearch.http.netty4.Netty4HttpServerTransport.dispatchRequest(Netty4HttpServerTransport.java:505) [transport-netty4-5.6.16.jar:5.6.16]
	at org.elasticsearch.http.netty4.Netty4HttpRequestHandler.channelRead0(Netty4HttpRequestHandler.java:80) [transport-netty4-5.6.16.jar:5.6.16]
	at io.netty.channel.SimpleChannelInboundHandler.channelRead(SimpleChannelInboundHandler.java:105) [netty-transport-4.1.13.Final.jar:4.1.13.Final]
	at io.netty.channel.AbstractChannelHandlerContext.invokeChannelRead(AbstractChannelHandlerContext.java:362) [netty-transport-4.1.13.Final.jar:4.1.13.Final]
	at io.netty.channel.AbstractChannelHandlerContext.invokeChannelRead(AbstractChannelHandlerContext.java:348) [netty-transport-4.1.13.Final.jar:4.1.13.Final]
	at io.netty.channel.AbstractChannelHandlerContext.fireChannelRead(AbstractChannelHandlerContext.java:340) [netty-transport-4.1.13.Final.jar:4.1.13.Final]
	at org.elasticsearch.http.netty4.pipelining.HttpPipeliningHandler.channelRead(HttpPipeliningHandler.java:68) [transport-netty4-5.6.16.jar:5.6.16]
	at io.netty.channel.AbstractChannelHandlerContext.invokeChannelRead(AbstractChannelHandlerContext.java:362) [netty-transport-4.1.13.Final.jar:4.1.13.Final]
	at io.netty.channel.AbstractChannelHandlerContext.invokeChannelRead(AbstractChannelHandlerContext.java:348) [netty-transport-4.1.13.Final.jar:4.1.13.Final]
	at io.netty.channel.AbstractChannelHandlerContext.fireChannelRead(AbstractChannelHandlerContext.java:340) [netty-transport-4.1.13.Final.jar:4.1.13.Final]
	at io.netty.handler.codec.MessageToMessageDecoder.channelRead(MessageToMessageDecoder.java:102) [netty-codec-4.1.13.Final.jar:4.1.13.Final]
	at io.netty.handler.codec.MessageToMessageCodec.channelRead(MessageToMessageCodec.java:111) [netty-codec-4.1.13.Final.jar:4.1.13.Final]
	at io.netty.channel.AbstractChannelHandlerContext.invokeChannelRead(AbstractChannelHandlerContext.java:362) [netty-transport-4.1.13.Final.jar:4.1.13.Final]
	at io.netty.channel.AbstractChannelHandlerContext.invokeChannelRead(AbstractChannelHandlerContext.java:348) [netty-transport-4.1.13.Final.jar:4.1.13.Final]
	at io.netty.channel.AbstractChannelHandlerContext.fireChannelRead(AbstractChannelHandlerContext.java:340) [netty-transport-4.1.13.Final.jar:4.1.13.Final]
	at io.netty.handler.codec.MessageToMessageDecoder.channelRead(MessageToMessageDecoder.java:102) [netty-codec-4.1.13.Final.jar:4.1.13.Final]
	at io.netty.channel.AbstractChannelHandlerContext.invokeChannelRead(AbstractChannelHandlerContext.java:362) [netty-transport-4.1.13.Final.jar:4.1.13.Final]
	at io.netty.channel.AbstractChannelHandlerContext.invokeChannelRead(AbstractChannelHandlerContext.java:348) [netty-transport-4.1.13.Final.jar:4.1.13.Final]
	at io.netty.channel.AbstractChannelHandlerContext.fireChannelRead(AbstractChannelHandlerContext.java:340) [netty-transport-4.1.13.Final.jar:4.1.13.Final]
	at io.netty.handler.codec.MessageToMessageDecoder.channelRead(MessageToMessageDecoder.java:102) [netty-codec-4.1.13.Final.jar:4.1.13.Final]
	at io.netty.channel.AbstractChannelHandlerContext.invokeChannelRead(AbstractChannelHandlerContext.java:362) [netty-transport-4.1.13.Final.jar:4.1.13.Final]
	at io.netty.channel.AbstractChannelHandlerContext.invokeChannelRead(AbstractChannelHandlerContext.java:348) [netty-transport-4.1.13.Final.jar:4.1.13.Final]
	at io.netty.channel.AbstractChannelHandlerContext.fireChannelRead(AbstractChannelHandlerContext.java:340) [netty-transport-4.1.13.Final.jar:4.1.13.Final]
	at io.netty.handler.codec.ByteToMessageDecoder.fireChannelRead(ByteToMessageDecoder.java:310) [netty-codec-4.1.13.Final.jar:4.1.13.Final]
	at io.netty.handler.codec.ByteToMessageDecoder.channelRead(ByteToMessageDecoder.java:284) [netty-codec-4.1.13.Final.jar:4.1.13.Final]
	at io.netty.channel.AbstractChannelHandlerContext.invokeChannelRead(AbstractChannelHandlerContext.java:362) [netty-transport-4.1.13.Final.jar:4.1.13.Final]
	at io.netty.channel.AbstractChannelHandlerContext.invokeChannelRead(AbstractChannelHandlerContext.java:348) [netty-transport-4.1.13.Final.jar:4.1.13.Final]
	at io.netty.channel.AbstractChannelHandlerContext.fireChannelRead(AbstractChannelHandlerContext.java:340) [netty-transport-4.1.13.Final.jar:4.1.13.Final]
	at io.netty.channel.ChannelInboundHandlerAdapter.channelRead(ChannelInboundHandlerAdapter.java:86) [netty-transport-4.1.13.Final.jar:4.1.13.Final]
	at io.netty.channel.AbstractChannelHandlerContext.invokeChannelRead(AbstractChannelHandlerContext.java:362) [netty-transport-4.1.13.Final.jar:4.1.13.Final]
	at io.netty.channel.AbstractChannelHandlerContext.invokeChannelRead(AbstractChannelHandlerContext.java:348) [netty-transport-4.1.13.Final.jar:4.1.13.Final]
	at io.netty.channel.AbstractChannelHandlerContext.fireChannelRead(AbstractChannelHandlerContext.java:340) [netty-transport-4.1.13.Final.jar:4.1.13.Final]
	at io.netty.channel.DefaultChannelPipeline$HeadContext.channelRead(DefaultChannelPipeline.java:1334) [netty-transport-4.1.13.Final.jar:4.1.13.Final]
	at io.netty.channel.AbstractChannelHandlerContext.invokeChannelRead(AbstractChannelHandlerContext.java:362) [netty-transport-4.1.13.Final.jar:4.1.13.Final]
	at io.netty.channel.AbstractChannelHandlerContext.invokeChannelRead(AbstractChannelHandlerContext.java:348) [netty-transport-4.1.13.Final.jar:4.1.13.Final]
	at io.netty.channel.DefaultChannelPipeline.fireChannelRead(DefaultChannelPipeline.java:926) [netty-transport-4.1.13.Final.jar:4.1.13.Final]
	at io.netty.channel.nio.AbstractNioByteChannel$NioByteUnsafe.read(AbstractNioByteChannel.java:134) [netty-transport-4.1.13.Final.jar:4.1.13.Final]
	at io.netty.channel.nio.NioEventLoop.processSelectedKey(NioEventLoop.java:644) [netty-transport-4.1.13.Final.jar:4.1.13.Final]
	at io.netty.channel.nio.NioEventLoop.processSelectedKeysPlain(NioEventLoop.java:544) [netty-transport-4.1.13.Final.jar:4.1.13.Final]
	at io.netty.channel.nio.NioEventLoop.processSelectedKeys(NioEventLoop.java:498) [netty-transport-4.1.13.Final.jar:4.1.13.Final]
	at io.netty.channel.nio.NioEventLoop.run(NioEventLoop.java:458) [netty-transport-4.1.13.Final.jar:4.1.13.Final]
	at io.netty.util.concurrent.SingleThreadEventExecutor$5.run(SingleThreadEventExecutor.java:858) [netty-common-4.1.13.Final.jar:4.1.13.Final]
	at java.lang.Thread.run(Thread.java:748) [?:1.8.0_221]
[2019-12-20T16:34:39,800][WARN ][r.suppressed             ] path: /.kibana_task_manager_1, params: {index=.kibana_task_manager_1}
java.lang.ClassCastException: java.lang.String cannot be cast to java.util.Map
	at org.elasticsearch.action.admin.indices.create.CreateIndexRequest.source(CreateIndexRequest.java:455) ~[elasticsearch-5.6.16.jar:5.6.16]
	at org.elasticsearch.action.admin.indices.create.CreateIndexRequest.source(CreateIndexRequest.java:436) ~[elasticsearch-5.6.16.jar:5.6.16]
	at org.elasticsearch.rest.action.admin.indices.RestCreateIndexAction.prepareRequest(RestCreateIndexAction.java:45) ~[elasticsearch-5.6.16.jar:5.6.16]
	at org.elasticsearch.rest.BaseRestHandler.handleRequest(BaseRestHandler.java:64) ~[elasticsearch-5.6.16.jar:5.6.16]
	at org.elasticsearch.rest.RestController.dispatchRequest(RestController.java:262) ~[elasticsearch-5.6.16.jar:5.6.16]
	at org.elasticsearch.rest.RestController.dispatchRequest(RestController.java:200) [elasticsearch-5.6.16.jar:5.6.16]
	at org.elasticsearch.http.netty4.Netty4HttpServerTransport.dispatchRequest(Netty4HttpServerTransport.java:505) [transport-netty4-5.6.16.jar:5.6.16]
	at org.elasticsearch.http.netty4.Netty4HttpRequestHandler.channelRead0(Netty4HttpRequestHandler.java:80) [transport-netty4-5.6.16.jar:5.6.16]
	at io.netty.channel.SimpleChannelInboundHandler.channelRead(SimpleChannelInboundHandler.java:105) [netty-transport-4.1.13.Final.jar:4.1.13.Final]
	at io.netty.channel.AbstractChannelHandlerContext.invokeChannelRead(AbstractChannelHandlerContext.java:362) [netty-transport-4.1.13.Final.jar:4.1.13.Final]
	at io.netty.channel.AbstractChannelHandlerContext.invokeChannelRead(AbstractChannelHandlerContext.java:348) [netty-transport-4.1.13.Final.jar:4.1.13.Final]
	at io.netty.channel.AbstractChannelHandlerContext.fireChannelRead(AbstractChannelHandlerContext.java:340) [netty-transport-4.1.13.Final.jar:4.1.13.Final]
	at org.elasticsearch.http.netty4.pipelining.HttpPipeliningHandler.channelRead(HttpPipeliningHandler.java:68) [transport-netty4-5.6.16.jar:5.6.16]
	at io.netty.channel.AbstractChannelHandlerContext.invokeChannelRead(AbstractChannelHandlerContext.java:362) [netty-transport-4.1.13.Final.jar:4.1.13.Final]
	at io.netty.channel.AbstractChannelHandlerContext.invokeChannelRead(AbstractChannelHandlerContext.java:348) [netty-transport-4.1.13.Final.jar:4.1.13.Final]
	at io.netty.channel.AbstractChannelHandlerContext.fireChannelRead(AbstractChannelHandlerContext.java:340) [netty-transport-4.1.13.Final.jar:4.1.13.Final]
	at io.netty.handler.codec.MessageToMessageDecoder.channelRead(MessageToMessageDecoder.java:102) [netty-codec-4.1.13.Final.jar:4.1.13.Final]
	at io.netty.handler.codec.MessageToMessageCodec.channelRead(MessageToMessageCodec.java:111) [netty-codec-4.1.13.Final.jar:4.1.13.Final]
	at io.netty.channel.AbstractChannelHandlerContext.invokeChannelRead(AbstractChannelHandlerContext.java:362) [netty-transport-4.1.13.Final.jar:4.1.13.Final]
	at io.netty.channel.AbstractChannelHandlerContext.invokeChannelRead(AbstractChannelHandlerContext.java:348) [netty-transport-4.1.13.Final.jar:4.1.13.Final]
	at io.netty.channel.AbstractChannelHandlerContext.fireChannelRead(AbstractChannelHandlerContext.java:340) [netty-transport-4.1.13.Final.jar:4.1.13.Final]
	at io.netty.handler.codec.MessageToMessageDecoder.channelRead(MessageToMessageDecoder.java:102) [netty-codec-4.1.13.Final.jar:4.1.13.Final]
	at io.netty.channel.AbstractChannelHandlerContext.invokeChannelRead(AbstractChannelHandlerContext.java:362) [netty-transport-4.1.13.Final.jar:4.1.13.Final]
	at io.netty.channel.AbstractChannelHandlerContext.invokeChannelRead(AbstractChannelHandlerContext.java:348) [netty-transport-4.1.13.Final.jar:4.1.13.Final]
	at io.netty.channel.AbstractChannelHandlerContext.fireChannelRead(AbstractChannelHandlerContext.java:340) [netty-transport-4.1.13.Final.jar:4.1.13.Final]
	at io.netty.handler.codec.MessageToMessageDecoder.channelRead(MessageToMessageDecoder.java:102) [netty-codec-4.1.13.Final.jar:4.1.13.Final]
	at io.netty.channel.AbstractChannelHandlerContext.invokeChannelRead(AbstractChannelHandlerContext.java:362) [netty-transport-4.1.13.Final.jar:4.1.13.Final]
	at io.netty.channel.AbstractChannelHandlerContext.invokeChannelRead(AbstractChannelHandlerContext.java:348) [netty-transport-4.1.13.Final.jar:4.1.13.Final]
	at io.netty.channel.AbstractChannelHandlerContext.fireChannelRead(AbstractChannelHandlerContext.java:340) [netty-transport-4.1.13.Final.jar:4.1.13.Final]
	at io.netty.handler.codec.ByteToMessageDecoder.fireChannelRead(ByteToMessageDecoder.java:310) [netty-codec-4.1.13.Final.jar:4.1.13.Final]
	at io.netty.handler.codec.ByteToMessageDecoder.channelRead(ByteToMessageDecoder.java:284) [netty-codec-4.1.13.Final.jar:4.1.13.Final]
	at io.netty.channel.AbstractChannelHandlerContext.invokeChannelRead(AbstractChannelHandlerContext.java:362) [netty-transport-4.1.13.Final.jar:4.1.13.Final]
	at io.netty.channel.AbstractChannelHandlerContext.invokeChannelRead(AbstractChannelHandlerContext.java:348) [netty-transport-4.1.13.Final.jar:4.1.13.Final]
	at io.netty.channel.AbstractChannelHandlerContext.fireChannelRead(AbstractChannelHandlerContext.java:340) [netty-transport-4.1.13.Final.jar:4.1.13.Final]
	at io.netty.channel.ChannelInboundHandlerAdapter.channelRead(ChannelInboundHandlerAdapter.java:86) [netty-transport-4.1.13.Final.jar:4.1.13.Final]
	at io.netty.channel.AbstractChannelHandlerContext.invokeChannelRead(AbstractChannelHandlerContext.java:362) [netty-transport-4.1.13.Final.jar:4.1.13.Final]
	at io.netty.channel.AbstractChannelHandlerContext.invokeChannelRead(AbstractChannelHandlerContext.java:348) [netty-transport-4.1.13.Final.jar:4.1.13.Final]
	at io.netty.channel.AbstractChannelHandlerContext.fireChannelRead(AbstractChannelHandlerContext.java:340) [netty-transport-4.1.13.Final.jar:4.1.13.Final]
	at io.netty.channel.DefaultChannelPipeline$HeadContext.channelRead(DefaultChannelPipeline.java:1334) [netty-transport-4.1.13.Final.jar:4.1.13.Final]
	at io.netty.channel.AbstractChannelHandlerContext.invokeChannelRead(AbstractChannelHandlerContext.java:362) [netty-transport-4.1.13.Final.jar:4.1.13.Final]
	at io.netty.channel.AbstractChannelHandlerContext.invokeChannelRead(AbstractChannelHandlerContext.java:348) [netty-transport-4.1.13.Final.jar:4.1.13.Final]
	at io.netty.channel.DefaultChannelPipeline.fireChannelRead(DefaultChannelPipeline.java:926) [netty-transport-4.1.13.Final.jar:4.1.13.Final]
	at io.netty.channel.nio.AbstractNioByteChannel$NioByteUnsafe.read(AbstractNioByteChannel.java:134) [netty-transport-4.1.13.Final.jar:4.1.13.Final]
	at io.netty.channel.nio.NioEventLoop.processSelectedKey(NioEventLoop.java:644) [netty-transport-4.1.13.Final.jar:4.1.13.Final]
	at io.netty.channel.nio.NioEventLoop.processSelectedKeysPlain(NioEventLoop.java:544) [netty-transport-4.1.13.Final.jar:4.1.13.Final]
	at io.netty.channel.nio.NioEventLoop.processSelectedKeys(NioEventLoop.java:498) [netty-transport-4.1.13.Final.jar:4.1.13.Final]
	at io.netty.channel.nio.NioEventLoop.run(NioEventLoop.java:458) [netty-transport-4.1.13.Final.jar:4.1.13.Final]
	at io.netty.util.concurrent.SingleThreadEventExecutor$5.run(SingleThreadEventExecutor.java:858) [netty-common-4.1.13.Final.jar:4.1.13.Final]
	at java.lang.Thread.run(Thread.java:748) [?:1.8.0_221]
[2019-12-20T16:34:39,777][WARN ][r.suppressed             ] path: /.kibana_task_manager_1, params: {index=.kibana_task_manager_1}
java.lang.ClassCastException: java.lang.String cannot be cast to java.util.Map
	at org.elasticsearch.action.admin.indices.create.CreateIndexRequest.source(CreateIndexRequest.java:455) ~[elasticsearch-5.6.16.jar:5.6.16]
	at org.elasticsearch.action.admin.indices.create.CreateIndexRequest.source(CreateIndexRequest.java:436) ~[elasticsearch-5.6.16.jar:5.6.16]
	at org.elasticsearch.rest.action.admin.indices.RestCreateIndexAction.prepareRequest(RestCreateIndexAction.java:45) ~[elasticsearch-5.6.16.jar:5.6.16]
	at org.elasticsearch.rest.BaseRestHandler.handleRequest(BaseRestHandler.java:64) ~[elasticsearch-5.6.16.jar:5.6.16]
	at org.elasticsearch.rest.RestController.dispatchRequest(RestController.java:262) ~[elasticsearch-5.6.16.jar:5.6.16]
	at org.elasticsearch.rest.RestController.dispatchRequest(RestController.java:200) [elasticsearch-5.6.16.jar:5.6.16]
	at org.elasticsearch.http.netty4.Netty4HttpServerTransport.dispatchRequest(Netty4HttpServerTransport.java:505) [transport-netty4-5.6.16.jar:5.6.16]
	at org.elasticsearch.http.netty4.Netty4HttpRequestHandler.channelRead0(Netty4HttpRequestHandler.java:80) [transport-netty4-5.6.16.jar:5.6.16]
	at io.netty.channel.SimpleChannelInboundHandler.channelRead(SimpleChannelInboundHandler.java:105) [netty-transport-4.1.13.Final.jar:4.1.13.Final]
	at io.netty.channel.AbstractChannelHandlerContext.invokeChannelRead(AbstractChannelHandlerContext.java:362) [netty-transport-4.1.13.Final.jar:4.1.13.Final]
	at io.netty.channel.AbstractChannelHandlerContext.invokeChannelRead(AbstractChannelHandlerContext.java:348) [netty-transport-4.1.13.Final.jar:4.1.13.Final]
	at io.netty.channel.AbstractChannelHandlerContext.fireChannelRead(AbstractChannelHandlerContext.java:340) [netty-transport-4.1.13.Final.jar:4.1.13.Final]
	at org.elasticsearch.http.netty4.pipelining.HttpPipeliningHandler.channelRead(HttpPipeliningHandler.java:68) [transport-netty4-5.6.16.jar:5.6.16]
	at io.netty.channel.AbstractChannelHandlerContext.invokeChannelRead(AbstractChannelHandlerContext.java:362) [netty-transport-4.1.13.Final.jar:4.1.13.Final]
	at io.netty.channel.AbstractChannelHandlerContext.invokeChannelRead(AbstractChannelHandlerContext.java:348) [netty-transport-4.1.13.Final.jar:4.1.13.Final]
	at io.netty.channel.AbstractChannelHandlerContext.fireChannelRead(AbstractChannelHandlerContext.java:340) [netty-transport-4.1.13.Final.jar:4.1.13.Final]
	at io.netty.handler.codec.MessageToMessageDecoder.channelRead(MessageToMessageDecoder.java:102) [netty-codec-4.1.13.Final.jar:4.1.13.Final]
	at io.netty.handler.codec.MessageToMessageCodec.channelRead(MessageToMessageCodec.java:111) [netty-codec-4.1.13.Final.jar:4.1.13.Final]
	at io.netty.channel.AbstractChannelHandlerContext.invokeChannelRead(AbstractChannelHandlerContext.java:362) [netty-transport-4.1.13.Final.jar:4.1.13.Final]
	at io.netty.channel.AbstractChannelHandlerContext.invokeChannelRead(AbstractChannelHandlerContext.java:348) [netty-transport-4.1.13.Final.jar:4.1.13.Final]
	at io.netty.channel.AbstractChannelHandlerContext.fireChannelRead(AbstractChannelHandlerContext.java:340) [netty-transport-4.1.13.Final.jar:4.1.13.Final]
	at io.netty.handler.codec.MessageToMessageDecoder.channelRead(MessageToMessageDecoder.java:102) [netty-codec-4.1.13.Final.jar:4.1.13.Final]
	at io.netty.channel.AbstractChannelHandlerContext.invokeChannelRead(AbstractChannelHandlerContext.java:362) [netty-transport-4.1.13.Final.jar:4.1.13.Final]
	at io.netty.channel.AbstractChannelHandlerContext.invokeChannelRead(AbstractChannelHandlerContext.java:348) [netty-transport-4.1.13.Final.jar:4.1.13.Final]
	at io.netty.channel.AbstractChannelHandlerContext.fireChannelRead(AbstractChannelHandlerContext.java:340) [netty-transport-4.1.13.Final.jar:4.1.13.Final]
	at io.netty.handler.codec.MessageToMessageDecoder.channelRead(MessageToMessageDecoder.java:102) [netty-codec-4.1.13.Final.jar:4.1.13.Final]
	at io.netty.channel.AbstractChannelHandlerContext.invokeChannelRead(AbstractChannelHandlerContext.java:362) [netty-transport-4.1.13.Final.jar:4.1.13.Final]
	at io.netty.channel.AbstractChannelHandlerContext.invokeChannelRead(AbstractChannelHandlerContext.java:348) [netty-transport-4.1.13.Final.jar:4.1.13.Final]
	at io.netty.channel.AbstractChannelHandlerContext.fireChannelRead(AbstractChannelHandlerContext.java:340) [netty-transport-4.1.13.Final.jar:4.1.13.Final]
	at io.netty.handler.codec.ByteToMessageDecoder.fireChannelRead(ByteToMessageDecoder.java:310) [netty-codec-4.1.13.Final.jar:4.1.13.Final]
	at io.netty.handler.codec.ByteToMessageDecoder.channelRead(ByteToMessageDecoder.java:284) [netty-codec-4.1.13.Final.jar:4.1.13.Final]
	at io.netty.channel.AbstractChannelHandlerContext.invokeChannelRead(AbstractChannelHandlerContext.java:362) [netty-transport-4.1.13.Final.jar:4.1.13.Final]
	at io.netty.channel.AbstractChannelHandlerContext.invokeChannelRead(AbstractChannelHandlerContext.java:348) [netty-transport-4.1.13.Final.jar:4.1.13.Final]
	at io.netty.channel.AbstractChannelHandlerContext.fireChannelRead(AbstractChannelHandlerContext.java:340) [netty-transport-4.1.13.Final.jar:4.1.13.Final]
	at io.netty.channel.ChannelInboundHandlerAdapter.channelRead(ChannelInboundHandlerAdapter.java:86) [netty-transport-4.1.13.Final.jar:4.1.13.Final]
	at io.netty.channel.AbstractChannelHandlerContext.invokeChannelRead(AbstractChannelHandlerContext.java:362) [netty-transport-4.1.13.Final.jar:4.1.13.Final]
	at io.netty.channel.AbstractChannelHandlerContext.invokeChannelRead(AbstractChannelHandlerContext.java:348) [netty-transport-4.1.13.Final.jar:4.1.13.Final]
	at io.netty.channel.AbstractChannelHandlerContext.fireChannelRead(AbstractChannelHandlerContext.java:340) [netty-transport-4.1.13.Final.jar:4.1.13.Final]
	at io.netty.channel.DefaultChannelPipeline$HeadContext.channelRead(DefaultChannelPipeline.java:1334) [netty-transport-4.1.13.Final.jar:4.1.13.Final]
	at io.netty.channel.AbstractChannelHandlerContext.invokeChannelRead(AbstractChannelHandlerContext.java:362) [netty-transport-4.1.13.Final.jar:4.1.13.Final]
	at io.netty.channel.AbstractChannelHandlerContext.invokeChannelRead(AbstractChannelHandlerContext.java:348) [netty-transport-4.1.13.Final.jar:4.1.13.Final]
	at io.netty.channel.DefaultChannelPipeline.fireChannelRead(DefaultChannelPipeline.java:926) [netty-transport-4.1.13.Final.jar:4.1.13.Final]
	at io.netty.channel.nio.AbstractNioByteChannel$NioByteUnsafe.read(AbstractNioByteChannel.java:134) [netty-transport-4.1.13.Final.jar:4.1.13.Final]
	at io.netty.channel.nio.NioEventLoop.processSelectedKey(NioEventLoop.java:644) [netty-transport-4.1.13.Final.jar:4.1.13.Final]
	at io.netty.channel.nio.NioEventLoop.processSelectedKeysPlain(NioEventLoop.java:544) [netty-transport-4.1.13.Final.jar:4.1.13.Final]
	at io.netty.channel.nio.NioEventLoop.processSelectedKeys(NioEventLoop.java:498) [netty-transport-4.1.13.Final.jar:4.1.13.Final]
	at io.netty.channel.nio.NioEventLoop.run(NioEventLoop.java:458) [netty-transport-4.1.13.Final.jar:4.1.13.Final]
	at io.netty.util.concurrent.SingleThreadEventExecutor$5.run(SingleThreadEventExecutor.java:858) [netty-common-4.1.13.Final.jar:4.1.13.Final]
	at java.lang.Thread.run(Thread.java:748) [?:1.8.0_221]
[2019-12-20T16:34:39,794][WARN ][r.suppressed             ] path: /.kibana_task_manager_1, params: {index=.kibana_task_manager_1}
java.lang.ClassCastException: java.lang.String cannot be cast to java.util.Map
	at org.elasticsearch.action.admin.indices.create.CreateIndexRequest.source(CreateIndexRequest.java:455) ~[elasticsearch-5.6.16.jar:5.6.16]
	at org.elasticsearch.action.admin.indices.create.CreateIndexRequest.source(CreateIndexRequest.java:436) ~[elasticsearch-5.6.16.jar:5.6.16]
	at org.elasticsearch.rest.action.admin.indices.RestCreateIndexAction.prepareRequest(RestCreateIndexAction.java:45) ~[elasticsearch-5.6.16.jar:5.6.16]
	at org.elasticsearch.rest.BaseRestHandler.handleRequest(BaseRestHandler.java:64) ~[elasticsearch-5.6.16.jar:5.6.16]
	at org.elasticsearch.rest.RestController.dispatchRequest(RestController.java:262) ~[elasticsearch-5.6.16.jar:5.6.16]
	at org.elasticsearch.rest.RestController.dispatchRequest(RestController.java:200) [elasticsearch-5.6.16.jar:5.6.16]
	at org.elasticsearch.http.netty4.Netty4HttpServerTransport.dispatchRequest(Netty4HttpServerTransport.java:505) [transport-netty4-5.6.16.jar:5.6.16]
	at org.elasticsearch.http.netty4.Netty4HttpRequestHandler.channelRead0(Netty4HttpRequestHandler.java:80) [transport-netty4-5.6.16.jar:5.6.16]
	at io.netty.channel.SimpleChannelInboundHandler.channelRead(SimpleChannelInboundHandler.java:105) [netty-transport-4.1.13.Final.jar:4.1.13.Final]
	at io.netty.channel.AbstractChannelHandlerContext.invokeChannelRead(AbstractChannelHandlerContext.java:362) [netty-transport-4.1.13.Final.jar:4.1.13.Final]
	at io.netty.channel.AbstractChannelHandlerContext.invokeChannelRead(AbstractChannelHandlerContext.java:348) [netty-transport-4.1.13.Final.jar:4.1.13.Final]
	at io.netty.channel.AbstractChannelHandlerContext.fireChannelRead(AbstractChannelHandlerContext.java:340) [netty-transport-4.1.13.Final.jar:4.1.13.Final]
	at org.elasticsearch.http.netty4.pipelining.HttpPipeliningHandler.channelRead(HttpPipeliningHandler.java:68) [transport-netty4-5.6.16.jar:5.6.16]
	at io.netty.channel.AbstractChannelHandlerContext.invokeChannelRead(AbstractChannelHandlerContext.java:362) [netty-transport-4.1.13.Final.jar:4.1.13.Final]
	at io.netty.channel.AbstractChannelHandlerContext.invokeChannelRead(AbstractChannelHandlerContext.java:348) [netty-transport-4.1.13.Final.jar:4.1.13.Final]
	at io.netty.channel.AbstractChannelHandlerContext.fireChannelRead(AbstractChannelHandlerContext.java:340) [netty-transport-4.1.13.Final.jar:4.1.13.Final]
	at io.netty.handler.codec.MessageToMessageDecoder.channelRead(MessageToMessageDecoder.java:102) [netty-codec-4.1.13.Final.jar:4.1.13.Final]
	at io.netty.handler.codec.MessageToMessageCodec.channelRead(MessageToMessageCodec.java:111) [netty-codec-4.1.13.Final.jar:4.1.13.Final]
	at io.netty.channel.AbstractChannelHandlerContext.invokeChannelRead(AbstractChannelHandlerContext.java:362) [netty-transport-4.1.13.Final.jar:4.1.13.Final]
	at io.netty.channel.AbstractChannelHandlerContext.invokeChannelRead(AbstractChannelHandlerContext.java:348) [netty-transport-4.1.13.Final.jar:4.1.13.Final]
	at io.netty.channel.AbstractChannelHandlerContext.fireChannelRead(AbstractChannelHandlerContext.java:340) [netty-transport-4.1.13.Final.jar:4.1.13.Final]
	at io.netty.handler.codec.MessageToMessageDecoder.channelRead(MessageToMessageDecoder.java:102) [netty-codec-4.1.13.Final.jar:4.1.13.Final]
	at io.netty.channel.AbstractChannelHandlerContext.invokeChannelRead(AbstractChannelHandlerContext.java:362) [netty-transport-4.1.13.Final.jar:4.1.13.Final]
	at io.netty.channel.AbstractChannelHandlerContext.invokeChannelRead(AbstractChannelHandlerContext.java:348) [netty-transport-4.1.13.Final.jar:4.1.13.Final]
	at io.netty.channel.AbstractChannelHandlerContext.fireChannelRead(AbstractChannelHandlerContext.java:340) [netty-transport-4.1.13.Final.jar:4.1.13.Final]
	at io.netty.handler.codec.MessageToMessageDecoder.channelRead(MessageToMessageDecoder.java:102) [netty-codec-4.1.13.Final.jar:4.1.13.Final]
	at io.netty.channel.AbstractChannelHandlerContext.invokeChannelRead(AbstractChannelHandlerContext.java:362) [netty-transport-4.1.13.Final.jar:4.1.13.Final]
	at io.netty.channel.AbstractChannelHandlerContext.invokeChannelRead(AbstractChannelHandlerContext.java:348) [netty-transport-4.1.13.Final.jar:4.1.13.Final]
	at io.netty.channel.AbstractChannelHandlerContext.fireChannelRead(AbstractChannelHandlerContext.java:340) [netty-transport-4.1.13.Final.jar:4.1.13.Final]
	at io.netty.handler.codec.ByteToMessageDecoder.fireChannelRead(ByteToMessageDecoder.java:310) [netty-codec-4.1.13.Final.jar:4.1.13.Final]
	at io.netty.handler.codec.ByteToMessageDecoder.channelRead(ByteToMessageDecoder.java:284) [netty-codec-4.1.13.Final.jar:4.1.13.Final]
	at io.netty.channel.AbstractChannelHandlerContext.invokeChannelRead(AbstractChannelHandlerContext.java:362) [netty-transport-4.1.13.Final.jar:4.1.13.Final]
	at io.netty.channel.AbstractChannelHandlerContext.invokeChannelRead(AbstractChannelHandlerContext.java:348) [netty-transport-4.1.13.Final.jar:4.1.13.Final]
	at io.netty.channel.AbstractChannelHandlerContext.fireChannelRead(AbstractChannelHandlerContext.java:340) [netty-transport-4.1.13.Final.jar:4.1.13.Final]
	at io.netty.channel.ChannelInboundHandlerAdapter.channelRead(ChannelInboundHandlerAdapter.java:86) [netty-transport-4.1.13.Final.jar:4.1.13.Final]
	at io.netty.channel.AbstractChannelHandlerContext.invokeChannelRead(AbstractChannelHandlerContext.java:362) [netty-transport-4.1.13.Final.jar:4.1.13.Final]
	at io.netty.channel.AbstractChannelHandlerContext.invokeChannelRead(AbstractChannelHandlerContext.java:348) [netty-transport-4.1.13.Final.jar:4.1.13.Final]
	at io.netty.channel.AbstractChannelHandlerContext.fireChannelRead(AbstractChannelHandlerContext.java:340) [netty-transport-4.1.13.Final.jar:4.1.13.Final]
	at io.netty.channel.DefaultChannelPipeline$HeadContext.channelRead(DefaultChannelPipeline.java:1334) [netty-transport-4.1.13.Final.jar:4.1.13.Final]
	at io.netty.channel.AbstractChannelHandlerContext.invokeChannelRead(AbstractChannelHandlerContext.java:362) [netty-transport-4.1.13.Final.jar:4.1.13.Final]
	at io.netty.channel.AbstractChannelHandlerContext.invokeChannelRead(AbstractChannelHandlerContext.java:348) [netty-transport-4.1.13.Final.jar:4.1.13.Final]
	at io.netty.channel.DefaultChannelPipeline.fireChannelRead(DefaultChannelPipeline.java:926) [netty-transport-4.1.13.Final.jar:4.1.13.Final]
	at io.netty.channel.nio.AbstractNioByteChannel$NioByteUnsafe.read(AbstractNioByteChannel.java:134) [netty-transport-4.1.13.Final.jar:4.1.13.Final]
	at io.netty.channel.nio.NioEventLoop.processSelectedKey(NioEventLoop.java:644) [netty-transport-4.1.13.Final.jar:4.1.13.Final]
	at io.netty.channel.nio.NioEventLoop.processSelectedKeysPlain(NioEventLoop.java:544) [netty-transport-4.1.13.Final.jar:4.1.13.Final]
	at io.netty.channel.nio.NioEventLoop.processSelectedKeys(NioEventLoop.java:498) [netty-transport-4.1.13.Final.jar:4.1.13.Final]
	at io.netty.channel.nio.NioEventLoop.run(NioEventLoop.java:458) [netty-transport-4.1.13.Final.jar:4.1.13.Final]
	at io.netty.util.concurrent.SingleThreadEventExecutor$5.run(SingleThreadEventExecutor.java:858) [netty-common-4.1.13.Final.jar:4.1.13.Final]
	at java.lang.Thread.run(Thread.java:748) [?:1.8.0_221]
[2019-12-20T16:34:39,827][WARN ][r.suppressed             ] path: /.kibana_1, params: {index=.kibana_1}
java.lang.ClassCastException: java.lang.String cannot be cast to java.util.Map
	at org.elasticsearch.action.admin.indices.create.CreateIndexRequest.source(CreateIndexRequest.java:455) ~[elasticsearch-5.6.16.jar:5.6.16]
	at org.elasticsearch.action.admin.indices.create.CreateIndexRequest.source(CreateIndexRequest.java:436) ~[elasticsearch-5.6.16.jar:5.6.16]
	at org.elasticsearch.rest.action.admin.indices.RestCreateIndexAction.prepareRequest(RestCreateIndexAction.java:45) ~[elasticsearch-5.6.16.jar:5.6.16]
	at org.elasticsearch.rest.BaseRestHandler.handleRequest(BaseRestHandler.java:64) ~[elasticsearch-5.6.16.jar:5.6.16]
	at org.elasticsearch.rest.RestController.dispatchRequest(RestController.java:262) ~[elasticsearch-5.6.16.jar:5.6.16]
	at org.elasticsearch.rest.RestController.dispatchRequest(RestController.java:200) [elasticsearch-5.6.16.jar:5.6.16]
	at org.elasticsearch.http.netty4.Netty4HttpServerTransport.dispatchRequest(Netty4HttpServerTransport.java:505) [transport-netty4-5.6.16.jar:5.6.16]
	at org.elasticsearch.http.netty4.Netty4HttpRequestHandler.channelRead0(Netty4HttpRequestHandler.java:80) [transport-netty4-5.6.16.jar:5.6.16]
	at io.netty.channel.SimpleChannelInboundHandler.channelRead(SimpleChannelInboundHandler.java:105) [netty-transport-4.1.13.Final.jar:4.1.13.Final]
	at io.netty.channel.AbstractChannelHandlerContext.invokeChannelRead(AbstractChannelHandlerContext.java:362) [netty-transport-4.1.13.Final.jar:4.1.13.Final]
	at io.netty.channel.AbstractChannelHandlerContext.invokeChannelRead(AbstractChannelHandlerContext.java:348) [netty-transport-4.1.13.Final.jar:4.1.13.Final]
	at io.netty.channel.AbstractChannelHandlerContext.fireChannelRead(AbstractChannelHandlerContext.java:340) [netty-transport-4.1.13.Final.jar:4.1.13.Final]
	at org.elasticsearch.http.netty4.pipelining.HttpPipeliningHandler.channelRead(HttpPipeliningHandler.java:68) [transport-netty4-5.6.16.jar:5.6.16]
	at io.netty.channel.AbstractChannelHandlerContext.invokeChannelRead(AbstractChannelHandlerContext.java:362) [netty-transport-4.1.13.Final.jar:4.1.13.Final]
	at io.netty.channel.AbstractChannelHandlerContext.invokeChannelRead(AbstractChannelHandlerContext.java:348) [netty-transport-4.1.13.Final.jar:4.1.13.Final]
	at io.netty.channel.AbstractChannelHandlerContext.fireChannelRead(AbstractChannelHandlerContext.java:340) [netty-transport-4.1.13.Final.jar:4.1.13.Final]
	at io.netty.handler.codec.MessageToMessageDecoder.channelRead(MessageToMessageDecoder.java:102) [netty-codec-4.1.13.Final.jar:4.1.13.Final]
	at io.netty.handler.codec.MessageToMessageCodec.channelRead(MessageToMessageCodec.java:111) [netty-codec-4.1.13.Final.jar:4.1.13.Final]
	at io.netty.channel.AbstractChannelHandlerContext.invokeChannelRead(AbstractChannelHandlerContext.java:362) [netty-transport-4.1.13.Final.jar:4.1.13.Final]
	at io.netty.channel.AbstractChannelHandlerContext.invokeChannelRead(AbstractChannelHandlerContext.java:348) [netty-transport-4.1.13.Final.jar:4.1.13.Final]
	at io.netty.channel.AbstractChannelHandlerContext.fireChannelRead(AbstractChannelHandlerContext.java:340) [netty-transport-4.1.13.Final.jar:4.1.13.Final]
	at io.netty.handler.codec.MessageToMessageDecoder.channelRead(MessageToMessageDecoder.java:102) [netty-codec-4.1.13.Final.jar:4.1.13.Final]
	at io.netty.channel.AbstractChannelHandlerContext.invokeChannelRead(AbstractChannelHandlerContext.java:362) [netty-transport-4.1.13.Final.jar:4.1.13.Final]
	at io.netty.channel.AbstractChannelHandlerContext.invokeChannelRead(AbstractChannelHandlerContext.java:348) [netty-transport-4.1.13.Final.jar:4.1.13.Final]
	at io.netty.channel.AbstractChannelHandlerContext.fireChannelRead(AbstractChannelHandlerContext.java:340) [netty-transport-4.1.13.Final.jar:4.1.13.Final]
	at io.netty.handler.codec.MessageToMessageDecoder.channelRead(MessageToMessageDecoder.java:102) [netty-codec-4.1.13.Final.jar:4.1.13.Final]
	at io.netty.channel.AbstractChannelHandlerContext.invokeChannelRead(AbstractChannelHandlerContext.java:362) [netty-transport-4.1.13.Final.jar:4.1.13.Final]
	at io.netty.channel.AbstractChannelHandlerContext.invokeChannelRead(AbstractChannelHandlerContext.java:348) [netty-transport-4.1.13.Final.jar:4.1.13.Final]
	at io.netty.channel.AbstractChannelHandlerContext.fireChannelRead(AbstractChannelHandlerContext.java:340) [netty-transport-4.1.13.Final.jar:4.1.13.Final]
	at io.netty.handler.codec.ByteToMessageDecoder.fireChannelRead(ByteToMessageDecoder.java:310) [netty-codec-4.1.13.Final.jar:4.1.13.Final]
	at io.netty.handler.codec.ByteToMessageDecoder.channelRead(ByteToMessageDecoder.java:284) [netty-codec-4.1.13.Final.jar:4.1.13.Final]
	at io.netty.channel.AbstractChannelHandlerContext.invokeChannelRead(AbstractChannelHandlerContext.java:362) [netty-transport-4.1.13.Final.jar:4.1.13.Final]
	at io.netty.channel.AbstractChannelHandlerContext.invokeChannelRead(AbstractChannelHandlerContext.java:348) [netty-transport-4.1.13.Final.jar:4.1.13.Final]
	at io.netty.channel.AbstractChannelHandlerContext.fireChannelRead(AbstractChannelHandlerContext.java:340) [netty-transport-4.1.13.Final.jar:4.1.13.Final]
	at io.netty.channel.ChannelInboundHandlerAdapter.channelRead(ChannelInboundHandlerAdapter.java:86) [netty-transport-4.1.13.Final.jar:4.1.13.Final]
	at io.netty.channel.AbstractChannelHandlerContext.invokeChannelRead(AbstractChannelHandlerContext.java:362) [netty-transport-4.1.13.Final.jar:4.1.13.Final]
	at io.netty.channel.AbstractChannelHandlerContext.invokeChannelRead(AbstractChannelHandlerContext.java:348) [netty-transport-4.1.13.Final.jar:4.1.13.Final]
	at io.netty.channel.AbstractChannelHandlerContext.fireChannelRead(AbstractChannelHandlerContext.java:340) [netty-transport-4.1.13.Final.jar:4.1.13.Final]
	at io.netty.channel.DefaultChannelPipeline$HeadContext.channelRead(DefaultChannelPipeline.java:1334) [netty-transport-4.1.13.Final.jar:4.1.13.Final]
	at io.netty.channel.AbstractChannelHandlerContext.invokeChannelRead(AbstractChannelHandlerContext.java:362) [netty-transport-4.1.13.Final.jar:4.1.13.Final]
	at io.netty.channel.AbstractChannelHandlerContext.invokeChannelRead(AbstractChannelHandlerContext.java:348) [netty-transport-4.1.13.Final.jar:4.1.13.Final]
	at io.netty.channel.DefaultChannelPipeline.fireChannelRead(DefaultChannelPipeline.java:926) [netty-transport-4.1.13.Final.jar:4.1.13.Final]
	at io.netty.channel.nio.AbstractNioByteChannel$NioByteUnsafe.read(AbstractNioByteChannel.java:134) [netty-transport-4.1.13.Final.jar:4.1.13.Final]
	at io.netty.channel.nio.NioEventLoop.processSelectedKey(NioEventLoop.java:644) [netty-transport-4.1.13.Final.jar:4.1.13.Final]
	at io.netty.channel.nio.NioEventLoop.processSelectedKeysPlain(NioEventLoop.java:544) [netty-transport-4.1.13.Final.jar:4.1.13.Final]
	at io.netty.channel.nio.NioEventLoop.processSelectedKeys(NioEventLoop.java:498) [netty-transport-4.1.13.Final.jar:4.1.13.Final]
	at io.netty.channel.nio.NioEventLoop.run(NioEventLoop.java:458) [netty-transport-4.1.13.Final.jar:4.1.13.Final]
	at io.netty.util.concurrent.SingleThreadEventExecutor$5.run(SingleThreadEventExecutor.java:858) [netty-common-4.1.13.Final.jar:4.1.13.Final]
	at java.lang.Thread.run(Thread.java:748) [?:1.8.0_221]
[2019-12-20T16:34:47,794][INFO ][o.e.n.Node               ] [node-0] stopping ...
[2019-12-20T16:34:47,865][INFO ][o.e.n.Node               ] [node-0] stopped
[2019-12-20T16:34:47,865][INFO ][o.e.n.Node               ] [node-0] closing ...
[2019-12-20T16:34:47,885][INFO ][o.e.n.Node               ] [node-0] closed
[2019-12-20T16:35:02,156][INFO ][o.e.n.Node               ] [_client_] initializing ...
[2019-12-20T16:35:02,351][INFO ][o.e.e.NodeEnvironment    ] [_client_] using [1] data paths, mounts [[(C:)]], net usable_space [241.1gb], net total_space [334gb], spins? [unknown], types [NTFS]
[2019-12-20T16:35:02,352][INFO ][o.e.e.NodeEnvironment    ] [_client_] heap size [1.9gb], compressed ordinary object pointers [true]
[2019-12-20T16:35:02,394][INFO ][o.e.n.Node               ] [_client_] node name [_client_], node ID [q-SJnUQ8TlG_xaXqcXz8aQ]
[2019-12-20T16:35:02,395][INFO ][o.e.n.Node               ] [_client_] version[5.6.16], pid[7296], build[3a740d1/2019-03-13T15:33:36.565Z], OS[Windows 10/10.0/amd64], JVM[Oracle Corporation/Java HotSpot(TM) 64-Bit Server VM/1.8.0_221/25.221-b11]
[2019-12-20T16:35:02,396][INFO ][o.e.n.Node               ] [_client_] JVM arguments [-Xms2g, -Xmx2g, -XX:+UseConcMarkSweepGC, -XX:CMSInitiatingOccupancyFraction=75, -XX:+UseCMSInitiatingOccupancyOnly, -XX:+AlwaysPreTouch, -Xss1m, -Djava.awt.headless=true, -Dfile.encoding=UTF-8, -Djna.nosys=true, -Djdk.io.permissionsUseCanonicalPath=true, -Dio.netty.noUnsafe=true, -Dio.netty.noKeySetOptimization=true, -Dio.netty.recycler.maxCapacityPerThread=0, -Dlog4j.shutdownHookEnabled=false, -Dlog4j2.disable.jmx=true, -Dlog4j.skipJansi=true, -XX:+HeapDumpOnOutOfMemoryError, -Delasticsearch, -Des.path.home=C:\Users\Alexandar\Documents\MASTER\1_semestar\UDD_UPP\elasticsearch-5.6.16]
[2019-12-20T16:35:04,937][INFO ][o.e.p.PluginsService     ] [_client_] loaded module [aggs-matrix-stats]
[2019-12-20T16:35:04,937][INFO ][o.e.p.PluginsService     ] [_client_] loaded module [ingest-common]
[2019-12-20T16:35:04,937][INFO ][o.e.p.PluginsService     ] [_client_] loaded module [lang-expression]
[2019-12-20T16:35:04,937][INFO ][o.e.p.PluginsService     ] [_client_] loaded module [lang-groovy]
[2019-12-20T16:35:04,937][INFO ][o.e.p.PluginsService     ] [_client_] loaded module [lang-mustache]
[2019-12-20T16:35:04,937][INFO ][o.e.p.PluginsService     ] [_client_] loaded module [lang-painless]
[2019-12-20T16:35:04,937][INFO ][o.e.p.PluginsService     ] [_client_] loaded module [parent-join]
[2019-12-20T16:35:04,953][INFO ][o.e.p.PluginsService     ] [_client_] loaded module [percolator]
[2019-12-20T16:35:04,953][INFO ][o.e.p.PluginsService     ] [_client_] loaded module [reindex]
[2019-12-20T16:35:04,953][INFO ][o.e.p.PluginsService     ] [_client_] loaded module [transport-netty3]
[2019-12-20T16:35:04,953][INFO ][o.e.p.PluginsService     ] [_client_] loaded module [transport-netty4]
[2019-12-20T16:35:04,953][INFO ][o.e.p.PluginsService     ] [_client_] loaded plugin [serbian-plugin]
[2019-12-20T16:35:12,575][INFO ][o.e.d.DiscoveryModule    ] [_client_] using discovery type [zen]
[2019-12-20T16:35:13,580][INFO ][o.e.n.Node               ] [_client_] initialized
[2019-12-20T16:35:13,580][INFO ][o.e.n.Node               ] [_client_] starting ...
[2019-12-20T16:35:16,678][INFO ][o.e.t.TransportService   ] [_client_] publish_address {127.0.0.1:9300}, bound_addresses {127.0.0.1:9300}, {[::1]:9300}
[2019-12-20T16:35:19,774][INFO ][o.e.c.s.ClusterService   ] [_client_] new_master {_client_}{q-SJnUQ8TlG_xaXqcXz8aQ}{uSvBW6jsSGSsB5BmPWmrcQ}{127.0.0.1}{127.0.0.1:9300}, reason: zen-disco-elected-as-master ([0] nodes joined)
[2019-12-20T16:35:20,064][INFO ][o.e.g.GatewayService     ] [_client_] recovered [1] indices into cluster_state
[2019-12-20T16:35:20,495][INFO ][o.e.c.r.a.AllocationService] [_client_] Cluster health status changed from [RED] to [GREEN] (reason: [shards started [[libraryserbian][0]] ...]).
[2019-12-20T16:35:21,810][INFO ][o.e.h.n.Netty4HttpServerTransport] [_client_] publish_address {127.0.0.1:9200}, bound_addresses {127.0.0.1:9200}, {[::1]:9200}
[2019-12-20T16:35:21,810][INFO ][o.e.n.Node               ] [_client_] started
[2019-12-20T16:55:16,430][INFO ][o.e.n.Node               ] [_client_] stopping ...
[2019-12-20T16:55:16,528][INFO ][o.e.n.Node               ] [_client_] stopped
[2019-12-20T16:55:16,529][INFO ][o.e.n.Node               ] [_client_] closing ...
[2019-12-20T16:55:16,544][INFO ][o.e.n.Node               ] [_client_] closed
[2019-12-20T16:56:41,888][INFO ][o.e.n.Node               ] [_client_] initializing ...
[2019-12-20T16:56:42,910][INFO ][o.e.e.NodeEnvironment    ] [_client_] using [1] data paths, mounts [[(C:)]], net usable_space [239.5gb], net total_space [334gb], spins? [unknown], types [NTFS]
[2019-12-20T16:56:42,911][INFO ][o.e.e.NodeEnvironment    ] [_client_] heap size [1.9gb], compressed ordinary object pointers [true]
[2019-12-20T16:56:42,927][INFO ][o.e.n.Node               ] [_client_] node name [_client_], node ID [YXB8GFLtQwy5lTO702GvgA]
[2019-12-20T16:56:42,928][INFO ][o.e.n.Node               ] [_client_] version[5.6.16], pid[12600], build[3a740d1/2019-03-13T15:33:36.565Z], OS[Windows 10/10.0/amd64], JVM[Oracle Corporation/Java HotSpot(TM) 64-Bit Server VM/1.8.0_221/25.221-b11]
[2019-12-20T16:56:42,929][INFO ][o.e.n.Node               ] [_client_] JVM arguments [-Xms2g, -Xmx2g, -XX:+UseConcMarkSweepGC, -XX:CMSInitiatingOccupancyFraction=75, -XX:+UseCMSInitiatingOccupancyOnly, -XX:+AlwaysPreTouch, -Xss1m, -Djava.awt.headless=true, -Dfile.encoding=UTF-8, -Djna.nosys=true, -Djdk.io.permissionsUseCanonicalPath=true, -Dio.netty.noUnsafe=true, -Dio.netty.noKeySetOptimization=true, -Dio.netty.recycler.maxCapacityPerThread=0, -Dlog4j.shutdownHookEnabled=false, -Dlog4j2.disable.jmx=true, -Dlog4j.skipJansi=true, -XX:+HeapDumpOnOutOfMemoryError, -Delasticsearch, -Des.path.home=C:\Users\Alexandar\Documents\MASTER\1_semestar\UDD_UPP\elasticsearch-5.6.16]
[2019-12-20T16:56:47,066][INFO ][o.e.p.PluginsService     ] [_client_] loaded module [aggs-matrix-stats]
[2019-12-20T16:56:47,067][INFO ][o.e.p.PluginsService     ] [_client_] loaded module [ingest-common]
[2019-12-20T16:56:47,069][INFO ][o.e.p.PluginsService     ] [_client_] loaded module [lang-expression]
[2019-12-20T16:56:47,083][INFO ][o.e.p.PluginsService     ] [_client_] loaded module [lang-groovy]
[2019-12-20T16:56:47,088][INFO ][o.e.p.PluginsService     ] [_client_] loaded module [lang-mustache]
[2019-12-20T16:56:47,090][INFO ][o.e.p.PluginsService     ] [_client_] loaded module [lang-painless]
[2019-12-20T16:56:47,094][INFO ][o.e.p.PluginsService     ] [_client_] loaded module [parent-join]
[2019-12-20T16:56:47,096][INFO ][o.e.p.PluginsService     ] [_client_] loaded module [percolator]
[2019-12-20T16:56:47,097][INFO ][o.e.p.PluginsService     ] [_client_] loaded module [reindex]
[2019-12-20T16:56:47,103][INFO ][o.e.p.PluginsService     ] [_client_] loaded module [transport-netty3]
[2019-12-20T16:56:47,105][INFO ][o.e.p.PluginsService     ] [_client_] loaded module [transport-netty4]
[2019-12-20T16:56:47,110][INFO ][o.e.p.PluginsService     ] [_client_] loaded plugin [serbian-plugin]
[2019-12-20T16:56:53,265][INFO ][o.e.d.DiscoveryModule    ] [_client_] using discovery type [zen]
[2019-12-20T16:56:55,473][INFO ][o.e.n.Node               ] [_client_] initialized
[2019-12-20T16:56:55,475][INFO ][o.e.n.Node               ] [_client_] starting ...
[2019-12-20T16:56:59,303][INFO ][o.e.t.TransportService   ] [_client_] publish_address {127.0.0.1:9300}, bound_addresses {127.0.0.1:9300}, {[::1]:9300}
[2019-12-20T16:57:02,421][INFO ][o.e.c.s.ClusterService   ] [_client_] new_master {_client_}{YXB8GFLtQwy5lTO702GvgA}{85HGIy39SOSWjzPx_Z-ttA}{127.0.0.1}{127.0.0.1:9300}, reason: zen-disco-elected-as-master ([0] nodes joined)
[2019-12-20T16:57:02,494][INFO ][o.e.g.GatewayService     ] [_client_] recovered [0] indices into cluster_state
[2019-12-20T16:57:04,527][INFO ][o.e.h.n.Netty4HttpServerTransport] [_client_] publish_address {127.0.0.1:9200}, bound_addresses {127.0.0.1:9200}, {[::1]:9200}
[2019-12-20T16:57:04,528][INFO ][o.e.n.Node               ] [_client_] started
[2019-12-20T16:57:50,729][INFO ][o.e.c.m.MetaDataCreateIndexService] [_client_] [libraryserbian] creating index, cause [api], templates [], shards [1]/[0], mappings []
[2019-12-20T16:57:51,644][INFO ][o.e.c.r.a.AllocationService] [_client_] Cluster health status changed from [YELLOW] to [GREEN] (reason: [shards started [[libraryserbian][0]] ...]).
[2019-12-20T16:57:52,060][INFO ][o.e.c.m.MetaDataMappingService] [_client_] [libraryserbian/FBsCwAX3QICxI4h1KXQUmw] create_mapping [radovi]
[2019-12-20T17:28:45,199][INFO ][o.e.n.Node               ] [_client_] stopping ...
[2019-12-20T17:28:45,230][INFO ][o.e.n.Node               ] [_client_] stopped
[2019-12-20T17:28:45,230][INFO ][o.e.n.Node               ] [_client_] closing ...
[2019-12-20T17:28:45,262][INFO ][o.e.n.Node               ] [_client_] closed
[2019-12-20T17:28:58,715][INFO ][o.e.n.Node               ] [_client_] initializing ...
[2019-12-20T17:28:59,894][INFO ][o.e.e.NodeEnvironment    ] [_client_] using [1] data paths, mounts [[(C:)]], net usable_space [239.3gb], net total_space [334gb], spins? [unknown], types [NTFS]
[2019-12-20T17:28:59,910][INFO ][o.e.e.NodeEnvironment    ] [_client_] heap size [1.9gb], compressed ordinary object pointers [true]
[2019-12-20T17:28:59,925][INFO ][o.e.n.Node               ] [_client_] node name [_client_], node ID [OzF8EYkRS--o1RZMj-Yawg]
[2019-12-20T17:28:59,941][INFO ][o.e.n.Node               ] [_client_] version[5.6.16], pid[11820], build[3a740d1/2019-03-13T15:33:36.565Z], OS[Windows 10/10.0/amd64], JVM[Oracle Corporation/Java HotSpot(TM) 64-Bit Server VM/1.8.0_221/25.221-b11]
[2019-12-20T17:28:59,941][INFO ][o.e.n.Node               ] [_client_] JVM arguments [-Xms2g, -Xmx2g, -XX:+UseConcMarkSweepGC, -XX:CMSInitiatingOccupancyFraction=75, -XX:+UseCMSInitiatingOccupancyOnly, -XX:+AlwaysPreTouch, -Xss1m, -Djava.awt.headless=true, -Dfile.encoding=UTF-8, -Djna.nosys=true, -Djdk.io.permissionsUseCanonicalPath=true, -Dio.netty.noUnsafe=true, -Dio.netty.noKeySetOptimization=true, -Dio.netty.recycler.maxCapacityPerThread=0, -Dlog4j.shutdownHookEnabled=false, -Dlog4j2.disable.jmx=true, -Dlog4j.skipJansi=true, -XX:+HeapDumpOnOutOfMemoryError, -Delasticsearch, -Des.path.home=C:\Users\Alexandar\Documents\MASTER\1_semestar\UDD_UPP\elasticsearch-5.6.16]
[2019-12-20T17:29:05,988][INFO ][o.e.p.PluginsService     ] [_client_] loaded module [aggs-matrix-stats]
[2019-12-20T17:29:05,989][INFO ][o.e.p.PluginsService     ] [_client_] loaded module [ingest-common]
[2019-12-20T17:29:05,994][INFO ][o.e.p.PluginsService     ] [_client_] loaded module [lang-expression]
[2019-12-20T17:29:05,998][INFO ][o.e.p.PluginsService     ] [_client_] loaded module [lang-groovy]
[2019-12-20T17:29:06,000][INFO ][o.e.p.PluginsService     ] [_client_] loaded module [lang-mustache]
[2019-12-20T17:29:06,003][INFO ][o.e.p.PluginsService     ] [_client_] loaded module [lang-painless]
[2019-12-20T17:29:06,004][INFO ][o.e.p.PluginsService     ] [_client_] loaded module [parent-join]
[2019-12-20T17:29:06,005][INFO ][o.e.p.PluginsService     ] [_client_] loaded module [percolator]
[2019-12-20T17:29:06,007][INFO ][o.e.p.PluginsService     ] [_client_] loaded module [reindex]
[2019-12-20T17:29:06,008][INFO ][o.e.p.PluginsService     ] [_client_] loaded module [transport-netty3]
[2019-12-20T17:29:06,010][INFO ][o.e.p.PluginsService     ] [_client_] loaded module [transport-netty4]
[2019-12-20T17:29:06,018][INFO ][o.e.p.PluginsService     ] [_client_] loaded plugin [serbian-plugin]
[2019-12-20T17:29:15,374][INFO ][o.e.d.DiscoveryModule    ] [_client_] using discovery type [zen]
[2019-12-20T17:29:16,847][INFO ][o.e.n.Node               ] [_client_] initialized
[2019-12-20T17:29:16,866][INFO ][o.e.n.Node               ] [_client_] starting ...
[2019-12-20T17:29:22,379][INFO ][o.e.t.TransportService   ] [_client_] publish_address {127.0.0.1:9300}, bound_addresses {127.0.0.1:9300}, {[::1]:9300}
[2019-12-20T17:29:25,517][INFO ][o.e.c.s.ClusterService   ] [_client_] new_master {_client_}{OzF8EYkRS--o1RZMj-Yawg}{V3QHtfPGRTKMFq11UHhzuw}{127.0.0.1}{127.0.0.1:9300}, reason: zen-disco-elected-as-master ([0] nodes joined)
[2019-12-20T17:29:25,581][INFO ][o.e.g.GatewayService     ] [_client_] recovered [0] indices into cluster_state
[2019-12-20T17:29:29,783][INFO ][o.e.h.n.Netty4HttpServerTransport] [_client_] publish_address {127.0.0.1:9200}, bound_addresses {127.0.0.1:9200}, {[::1]:9200}
[2019-12-20T17:29:29,783][INFO ][o.e.n.Node               ] [_client_] started
[2019-12-20T17:29:43,597][INFO ][o.e.c.m.MetaDataCreateIndexService] [_client_] [libraryserbian] creating index, cause [api], templates [], shards [1]/[0], mappings []
[2019-12-20T17:29:44,286][INFO ][o.e.c.r.a.AllocationService] [_client_] Cluster health status changed from [YELLOW] to [GREEN] (reason: [shards started [[libraryserbian][0]] ...]).
[2019-12-20T17:29:44,489][INFO ][o.e.c.m.MetaDataMappingService] [_client_] [libraryserbian/8njNJfukQ0yfv6n4Kr6NWg] create_mapping [radovi]
[2019-12-20T17:39:22,779][INFO ][o.e.n.Node               ] [_client_] stopping ...
[2019-12-20T17:39:22,818][INFO ][o.e.n.Node               ] [_client_] stopped
[2019-12-20T17:39:22,819][INFO ][o.e.n.Node               ] [_client_] closing ...
[2019-12-20T17:39:22,834][INFO ][o.e.n.Node               ] [_client_] closed
[2019-12-20T17:47:32,801][INFO ][o.e.n.Node               ] [_client_] initializing ...
[2019-12-20T17:47:33,641][INFO ][o.e.e.NodeEnvironment    ] [_client_] using [1] data paths, mounts [[(C:)]], net usable_space [237.8gb], net total_space [334gb], spins? [unknown], types [NTFS]
[2019-12-20T17:47:33,641][INFO ][o.e.e.NodeEnvironment    ] [_client_] heap size [1.9gb], compressed ordinary object pointers [true]
[2019-12-20T17:47:33,657][INFO ][o.e.n.Node               ] [_client_] node name [_client_], node ID [e1Luuh4fTCis_OYXP2cAGQ]
[2019-12-20T17:47:33,657][INFO ][o.e.n.Node               ] [_client_] version[5.6.16], pid[9640], build[3a740d1/2019-03-13T15:33:36.565Z], OS[Windows 10/10.0/amd64], JVM[Oracle Corporation/Java HotSpot(TM) 64-Bit Server VM/1.8.0_221/25.221-b11]
[2019-12-20T17:47:33,657][INFO ][o.e.n.Node               ] [_client_] JVM arguments [-Xms2g, -Xmx2g, -XX:+UseConcMarkSweepGC, -XX:CMSInitiatingOccupancyFraction=75, -XX:+UseCMSInitiatingOccupancyOnly, -XX:+AlwaysPreTouch, -Xss1m, -Djava.awt.headless=true, -Dfile.encoding=UTF-8, -Djna.nosys=true, -Djdk.io.permissionsUseCanonicalPath=true, -Dio.netty.noUnsafe=true, -Dio.netty.noKeySetOptimization=true, -Dio.netty.recycler.maxCapacityPerThread=0, -Dlog4j.shutdownHookEnabled=false, -Dlog4j2.disable.jmx=true, -Dlog4j.skipJansi=true, -XX:+HeapDumpOnOutOfMemoryError, -Delasticsearch, -Des.path.home=C:\Users\Alexandar\Documents\MASTER\1_semestar\UDD_UPP\elasticsearch-5.6.16]
[2019-12-20T17:47:36,067][INFO ][o.e.p.PluginsService     ] [_client_] loaded module [aggs-matrix-stats]
[2019-12-20T17:47:36,068][INFO ][o.e.p.PluginsService     ] [_client_] loaded module [ingest-common]
[2019-12-20T17:47:36,071][INFO ][o.e.p.PluginsService     ] [_client_] loaded module [lang-expression]
[2019-12-20T17:47:36,073][INFO ][o.e.p.PluginsService     ] [_client_] loaded module [lang-groovy]
[2019-12-20T17:47:36,075][INFO ][o.e.p.PluginsService     ] [_client_] loaded module [lang-mustache]
[2019-12-20T17:47:36,075][INFO ][o.e.p.PluginsService     ] [_client_] loaded module [lang-painless]
[2019-12-20T17:47:36,078][INFO ][o.e.p.PluginsService     ] [_client_] loaded module [parent-join]
[2019-12-20T17:47:36,080][INFO ][o.e.p.PluginsService     ] [_client_] loaded module [percolator]
[2019-12-20T17:47:36,082][INFO ][o.e.p.PluginsService     ] [_client_] loaded module [reindex]
[2019-12-20T17:47:36,084][INFO ][o.e.p.PluginsService     ] [_client_] loaded module [transport-netty3]
[2019-12-20T17:47:36,084][INFO ][o.e.p.PluginsService     ] [_client_] loaded module [transport-netty4]
[2019-12-20T17:47:36,087][INFO ][o.e.p.PluginsService     ] [_client_] loaded plugin [serbian-plugin]
[2019-12-20T17:47:43,620][INFO ][o.e.d.DiscoveryModule    ] [_client_] using discovery type [zen]
[2019-12-20T17:47:44,651][INFO ][o.e.n.Node               ] [_client_] initialized
[2019-12-20T17:47:44,651][INFO ][o.e.n.Node               ] [_client_] starting ...
[2019-12-20T17:47:47,858][INFO ][o.e.t.TransportService   ] [_client_] publish_address {127.0.0.1:9300}, bound_addresses {127.0.0.1:9300}, {[::1]:9300}
[2019-12-20T17:47:51,030][INFO ][o.e.c.s.ClusterService   ] [_client_] new_master {_client_}{e1Luuh4fTCis_OYXP2cAGQ}{_Tj7_wZzQOSeEILH703iww}{127.0.0.1}{127.0.0.1:9300}, reason: zen-disco-elected-as-master ([0] nodes joined)
[2019-12-20T17:47:51,124][INFO ][o.e.g.GatewayService     ] [_client_] recovered [0] indices into cluster_state
[2019-12-20T17:47:52,821][INFO ][o.e.h.n.Netty4HttpServerTransport] [_client_] publish_address {127.0.0.1:9200}, bound_addresses {127.0.0.1:9200}, {[::1]:9200}
[2019-12-20T17:47:52,822][INFO ][o.e.n.Node               ] [_client_] started
[2019-12-20T17:48:55,923][INFO ][o.e.c.m.MetaDataCreateIndexService] [_client_] [libraryserbian] creating index, cause [api], templates [], shards [1]/[0], mappings []
[2019-12-20T17:48:56,294][INFO ][o.e.c.r.a.AllocationService] [_client_] Cluster health status changed from [YELLOW] to [GREEN] (reason: [shards started [[libraryserbian][0]] ...]).
[2019-12-20T17:48:56,437][INFO ][o.e.c.m.MetaDataMappingService] [_client_] [libraryserbian/biQfeI6TTCu6hku2-Rvy7Q] create_mapping [radovi]
[2019-12-20T18:10:19,466][INFO ][o.e.n.Node               ] [_client_] stopping ...
[2019-12-20T18:10:19,497][INFO ][o.e.n.Node               ] [_client_] stopped
[2019-12-20T18:10:19,497][INFO ][o.e.n.Node               ] [_client_] closing ...
[2019-12-20T18:10:19,513][INFO ][o.e.n.Node               ] [_client_] closed
